2025-09-24 23:59:26,710 : kivy : Kivy: v2.2.1
2025-09-24 23:59:26,710 : kivy : Kivy: Installed at "/Users/researchsrevenge/.pyenv/versions/3.11.10/lib/python3.11/site-packages/kivy/__init__.py"
2025-09-24 23:59:26,710 : kivy : Python: v3.11.10 (main, Dec  6 2024, 23:01:09) [Clang 16.0.0 (clang-1600.0.26.4)]
2025-09-24 23:59:26,710 : kivy : Python: Interpreter at "/Users/researchsrevenge/.pyenv/versions/3.11.10/bin/python3.11"
2025-09-24 23:59:26,761 : kivy : Factory: 190 symbols loaded
2025-09-24 23:59:27,295 : kivy : ImageLoaderFFPy: Using ffpyplayer 4.5.1
2025-09-24 23:59:27,296 : kivy : Image: Providers: img_tex, img_imageio, img_dds, img_sdl2, img_pil, img_ffpyplayer 
2025-09-24 23:59:27,660 : kivy : VideoFFPy: Using ffpyplayer 4.5.1
2025-09-24 23:59:27,660 : kivy : Video: Provider: ffpyplayer(['video_ffmpeg'] ignored)
2025-09-24 23:59:27,856 : root : Loading MPF-MC controller
2025-09-24 23:59:27,911 : ConfigProcessor : Config spec file cache created: /var/folders/ly/l2bh8tp12rj0_krp5j_296rc0000gn/T/config_spec.mpf_cache
2025-09-24 23:59:27,911 : YamlMultifileConfigLoader : Machine config file #1: config
2025-09-24 23:59:27,911 : ConfigProcessor : Loading config from file /Users/researchsrevenge/.pyenv/versions/3.11.10/lib/python3.11/site-packages/mpfmc/mcconfig.yaml.
2025-09-24 23:59:27,917 : ConfigProcessor : Loading config: /Users/researchsrevenge/.pyenv/versions/3.11.10/lib/python3.11/site-packages/mpfmc/mcconfig.yaml
2025-09-24 23:59:27,918 : ConfigProcessor : Loading config from file /Users/researchsrevenge/Documents/GitHub/project_template/config/config.
2025-09-24 23:59:27,923 : ConfigProcessor : Loading config: /Users/researchsrevenge/Documents/GitHub/project_template/config/config
2025-09-24 23:59:27,924 : ConfigProcessor : Config file cache created: /var/folders/ly/l2bh8tp12rj0_krp5j_296rc0000gn/T/6f0bce87e3e14821fbce9bf64fde97c4.mpf_cache
2025-09-24 23:59:27,924 : ConfigProcessor : Loading config from file /Users/researchsrevenge/.pyenv/versions/3.11.10/lib/python3.11/site-packages/mpf/modes/attract/config/attract.yaml.
2025-09-24 23:59:27,925 : ConfigProcessor : Loading config: /Users/researchsrevenge/.pyenv/versions/3.11.10/lib/python3.11/site-packages/mpf/modes/attract/config/attract.yaml
2025-09-24 23:59:27,925 : ConfigProcessor : Loading config from file /Users/researchsrevenge/Documents/GitHub/project_template/modes/attract/config/attract.yaml.
2025-09-24 23:59:27,925 : ConfigProcessor : Loading config: /Users/researchsrevenge/Documents/GitHub/project_template/modes/attract/config/attract.yaml
2025-09-24 23:59:27,925 : ConfigProcessor : Config file cache created: /var/folders/ly/l2bh8tp12rj0_krp5j_296rc0000gn/T/6d1e90acf5f319cbd22f82fef030eb14.mpf_cache
2025-09-24 23:59:27,926 : ConfigProcessor : Loading config from file /Users/researchsrevenge/.pyenv/versions/3.11.10/lib/python3.11/site-packages/mpf/modes/game/config/game.yaml.
2025-09-24 23:59:27,926 : ConfigProcessor : Loading config: /Users/researchsrevenge/.pyenv/versions/3.11.10/lib/python3.11/site-packages/mpf/modes/game/config/game.yaml
2025-09-24 23:59:27,926 : ConfigProcessor : Config file cache created: /var/folders/ly/l2bh8tp12rj0_krp5j_296rc0000gn/T/d8d4f21ef5b2a6e14fc21c89de4af9a8.mpf_cache
2025-09-24 23:59:27,926 : ConfigProcessor : Loading config from file /Users/researchsrevenge/Documents/GitHub/project_template/modes/base/config/base.yaml.
2025-09-24 23:59:27,938 : ConfigProcessor : Loading config: /Users/researchsrevenge/Documents/GitHub/project_template/modes/base/config/base.yaml
2025-09-24 23:59:27,939 : ConfigProcessor : Config file cache created: /var/folders/ly/l2bh8tp12rj0_krp5j_296rc0000gn/T/b9f72fe5249dc23c22bd1fda801bf87d.mpf_cache
2025-09-24 23:59:27,939 : ConfigProcessor : Loading config from file /Users/researchsrevenge/.pyenv/versions/3.11.10/lib/python3.11/site-packages/mpf/modes/bonus/config/bonus.yaml.
2025-09-24 23:59:27,939 : ConfigProcessor : Loading config: /Users/researchsrevenge/.pyenv/versions/3.11.10/lib/python3.11/site-packages/mpf/modes/bonus/config/bonus.yaml
2025-09-24 23:59:27,939 : ConfigProcessor : Loading config from file /Users/researchsrevenge/Documents/GitHub/project_template/modes/bonus/config/bonus.yaml.
2025-09-24 23:59:27,942 : ConfigProcessor : Loading config: /Users/researchsrevenge/Documents/GitHub/project_template/modes/bonus/config/bonus.yaml
2025-09-24 23:59:27,942 : ConfigProcessor : Config file cache created: /var/folders/ly/l2bh8tp12rj0_krp5j_296rc0000gn/T/a3531928a02c87a77a668ca8e4082b9c.mpf_cache
2025-09-24 23:59:27,942 : ConfigProcessor : Loading config from file /Users/researchsrevenge/.pyenv/versions/3.11.10/lib/python3.11/site-packages/mpf/modes/high_score/config/high_score.yaml.
2025-09-24 23:59:27,944 : ConfigProcessor : Loading config: /Users/researchsrevenge/.pyenv/versions/3.11.10/lib/python3.11/site-packages/mpf/modes/high_score/config/high_score.yaml
2025-09-24 23:59:27,945 : ConfigProcessor : Loading config from file /Users/researchsrevenge/Documents/GitHub/project_template/modes/high_score/config/high_score.yaml.
2025-09-24 23:59:27,947 : ConfigProcessor : Loading config: /Users/researchsrevenge/Documents/GitHub/project_template/modes/high_score/config/high_score.yaml
2025-09-24 23:59:27,947 : ConfigProcessor : Config file cache created: /var/folders/ly/l2bh8tp12rj0_krp5j_296rc0000gn/T/c44151a24b9142f59360a8890f3582ca.mpf_cache
2025-09-24 23:59:27,947 : mpfmc : Mission Pinball Framework Media Controller (MPF-MC) v0.57.0. Requires MPF v0.57.0 or newer.
2025-09-24 23:59:27,948 : mpfmc : Found MPF v0.57.3
2025-09-24 23:59:27,948 : mpfmc : Machine path: /Users/researchsrevenge/Documents/GitHub/project_template
2025-09-24 23:59:27,948 : mpfmc : Starting clock at 60.0Hz
2025-09-24 23:59:27,982 : kivy : Text: Provider: sdl2
2025-09-24 23:59:28,039 : kivy : Window: Provider: sdl2
2025-09-24 23:59:29,855 : kivy : GL: Using the "OpenGL ES 2" graphics system
2025-09-24 23:59:29,856 : kivy : GL: Backend used <sdl2>
2025-09-24 23:59:29,856 : kivy : GL: OpenGL version <b'2.1 ATI-7.0.3'>
2025-09-24 23:59:29,856 : kivy : GL: OpenGL vendor <b'ATI Technologies Inc.'>
2025-09-24 23:59:29,856 : kivy : GL: OpenGL renderer <b'AMD Radeon Pro 5500M OpenGL Engine'>
2025-09-24 23:59:29,857 : kivy : GL: OpenGL parsed version: 2, 1
2025-09-24 23:59:29,857 : kivy : GL: Shading version <b'1.20'>
2025-09-24 23:59:29,857 : kivy : GL: Texture max size <16384>
2025-09-24 23:59:29,857 : kivy : GL: Texture max units <16>
2025-09-24 23:59:29,888 : kivy : Window: auto add sdl2 input provider
2025-09-24 23:59:29,889 : kivy : Window: virtual keyboard not allowed, single mode, not docked
2025-09-24 23:59:29,898 : AudioInterface : NOTE: You may experience noise and other undesirable sound artifacts when you set your buffer at 1024 or smaller.
2025-09-24 23:59:30,195 : AudioInterface : Initialized
2025-09-24 23:59:30,196 : AudioInterface : Loaded SDL 2.32.8
2025-09-24 23:59:30,196 : AudioInterface : Loaded SDL_Mixer 2.8.1
2025-09-24 23:59:30,196 : AudioInterface : Loaded GStreamer 1.26.4.0
2025-09-24 23:59:30,196 : AudioInterface : Loaded GLib 2.84.3
2025-09-24 23:59:30,196 : AudioInterface : Settings requested - rate: 44100, channels: 1, buffer: 1024 samples
2025-09-24 23:59:30,196 : AudioInterface : Settings in use - rate: 44100, channels: 1, buffer: 1024 samples (2048 bytes @ 2 bytes per sample)
2025-09-24 23:59:30,196 : SoundSystem : Setting master volume to 0.0
2025-09-24 23:59:30,196 : AudioInterface : Enabling audio playback
2025-09-24 23:59:30,198 : kivy : Base: Start application main loop
2025-09-24 23:59:30,199 : EventManager : Event: ======'display_window_initialized'====== Args={}
2025-09-24 23:59:30,546 : mpfmc : Display: Setting 'window' as default display
2025-09-24 23:59:30,556 : mpfmc : ASPECT RATIO MISMATCH: The on-screen window is not the same aspect ratio as the display called 'window'. The logical display will be scaled from 1920x1080 to the window size 1600x1200, and a black bar will make up the difference
2025-09-24 23:59:30,557 : EventManager : Event: ======'displays_initialized'====== Args={}
2025-09-24 23:59:30,558 : EventManager : Event: ======'slide_window_blank_created'====== Args={}
2025-09-24 23:59:30,559 : EventManager : Event: ======'display_window_ready'====== Args={}
2025-09-24 23:59:30,568 : EventManager : Event: ======'init_phase_1'====== Args={}
2025-09-24 23:59:30,573 : EventManager : Event: ======'mc_ready'====== Args={}
2025-09-24 23:59:30,573 : EventManager : Event: ======'init_phase_2'====== Args={}
2025-09-24 23:59:30,578 : kivy : Base: Leaving application in progress...
2025-09-24 23:59:30,578 : root : Exception while processing RegisteredHandler(callback=<bound method ModeController._load_modes of <mpfmc.core.mode_controller.ModeController object at 0x10fdfc1d0>>, priority=1, kwargs={}, key=UUID('016cf8fc-c43a-4904-a4da-0fb85926ff60'), condition=None, blocking_facility=None) for event init_phase_2. Slide moon_delivery_slide not found
Traceback (most recent call last):
  File "/Users/researchsrevenge/.pyenv/versions/3.11.10/lib/python3.11/site-packages/mpf/core/events.py", line 755, in _run_handlers
    result = handler.callback(**merged_kwargs)
             ^^^^^^^^^^^^^^^^^^^^^^^^^^^^^^^^^
  File "/Users/researchsrevenge/.pyenv/versions/3.11.10/lib/python3.11/site-packages/mpfmc/core/mode_controller.py", line 67, in _load_modes
    item.method(config=mode.config.get(item.config_section),
  File "/Users/researchsrevenge/.pyenv/versions/3.11.10/lib/python3.11/site-packages/mpf/core/config_player.py", line 150, in process_mode_config
    config = self.validate_config(config)
             ^^^^^^^^^^^^^^^^^^^^^^^^^^^^
  File "/Users/researchsrevenge/.pyenv/versions/3.11.10/lib/python3.11/site-packages/mpfmc/config_players/slide_player.py", line 269, in validate_config
    self._validate_config_item(slide, slide_settings))
    ^^^^^^^^^^^^^^^^^^^^^^^^^^^^^^^^^^^^^^^^^^^^^^^^^
  File "/Users/researchsrevenge/.pyenv/versions/3.11.10/lib/python3.11/site-packages/mpfmc/config_players/slide_player.py", line 291, in _validate_config_item
    raise AssertionError("Slide {} not found".format(slide))
AssertionError: Slide moon_delivery_slide not found

The above exception was the direct cause of the following exception:

Traceback (most recent call last):
  File "/Users/researchsrevenge/.pyenv/versions/3.11.10/lib/python3.11/site-packages/mpfmc/commands/mc.py", line 217, in __init__
    thread_stopper=thread_stopper).run()
                                   ^^^^^
  File "/Users/researchsrevenge/.pyenv/versions/3.11.10/lib/python3.11/site-packages/kivy/app.py", line 956, in run
    runTouchApp()
  File "/Users/researchsrevenge/.pyenv/versions/3.11.10/lib/python3.11/site-packages/kivy/base.py", line 574, in runTouchApp
    EventLoop.mainloop()
  File "/Users/researchsrevenge/.pyenv/versions/3.11.10/lib/python3.11/site-packages/kivy/base.py", line 339, in mainloop
    self.idle()
  File "/Users/researchsrevenge/.pyenv/versions/3.11.10/lib/python3.11/site-packages/kivy/base.py", line 379, in idle
    Clock.tick()
  File "/Users/researchsrevenge/.pyenv/versions/3.11.10/lib/python3.11/site-packages/kivy/clock.py", line 733, in tick
    self.post_idle(ts, self.idle())
  File "/Users/researchsrevenge/.pyenv/versions/3.11.10/lib/python3.11/site-packages/kivy/clock.py", line 776, in post_idle
    self._process_events()
  File "kivy/_clock.pyx", line 620, in kivy._clock.CyClockBase._process_events
  File "kivy/_clock.pyx", line 653, in kivy._clock.CyClockBase._process_events
  File "kivy/_clock.pyx", line 649, in kivy._clock.CyClockBase._process_events
  File "kivy/_clock.pyx", line 218, in kivy._clock.ClockEvent.tick
  File "/Users/researchsrevenge/.pyenv/versions/3.11.10/lib/python3.11/site-packages/mpfmc/uix/display.py", line 211, in _displays_initialized
    self.mc.displays_initialized()
  File "/Users/researchsrevenge/.pyenv/versions/3.11.10/lib/python3.11/site-packages/mpfmc/core/mc.py", line 347, in displays_initialized
    self._init()
  File "/Users/researchsrevenge/.pyenv/versions/3.11.10/lib/python3.11/site-packages/mpfmc/core/mc.py", line 392, in _init
    self.events.process_event_queue()
  File "/Users/researchsrevenge/.pyenv/versions/3.11.10/lib/python3.11/site-packages/mpf/core/events.py", line 846, in process_event_queue
    self._process_event(event=event[0],
  File "/Users/researchsrevenge/.pyenv/versions/3.11.10/lib/python3.11/site-packages/mpf/core/events.py", line 808, in _process_event
    result = self._run_handlers(event, ev_type, kwargs)
             ^^^^^^^^^^^^^^^^^^^^^^^^^^^^^^^^^^^^^^^^^^
  File "/Users/researchsrevenge/.pyenv/versions/3.11.10/lib/python3.11/site-packages/mpf/core/events.py", line 757, in _run_handlers
    raise EventHandlerException(
mpf.core.events.EventHandlerException: Exception while processing RegisteredHandler(callback=<bound method ModeController._load_modes of <mpfmc.core.mode_controller.ModeController object at 0x10fdfc1d0>>, priority=1, kwargs={}, key=UUID('016cf8fc-c43a-4904-a4da-0fb85926ff60'), condition=None, blocking_facility=None) for event init_phase_2. Slide moon_delivery_slide not found
2025-09-24 23:59:30,588 : root : Stopping child threads... (1 remaining)
2025-09-24 23:59:31,292 : root : All child threads stopped.
