2025-09-25 00:04:45,323 : kivy : Kivy: v2.2.1
2025-09-25 00:04:45,323 : kivy : Kivy: Installed at "/Users/researchsrevenge/.pyenv/versions/3.11.10/lib/python3.11/site-packages/kivy/__init__.py"
2025-09-25 00:04:45,323 : kivy : Python: v3.11.10 (main, Dec  6 2024, 23:01:09) [Clang 16.0.0 (clang-1600.0.26.4)]
2025-09-25 00:04:45,323 : kivy : Python: Interpreter at "/Users/researchsrevenge/.pyenv/versions/3.11.10/bin/python3.11"
2025-09-25 00:04:45,339 : kivy : Factory: 190 symbols loaded
2025-09-25 00:04:45,509 : kivy : ImageLoaderFFPy: Using ffpyplayer 4.5.1
2025-09-25 00:04:45,509 : kivy : Image: Providers: img_tex, img_imageio, img_dds, img_sdl2, img_pil, img_ffpyplayer 
2025-09-25 00:04:45,709 : kivy : VideoFFPy: Using ffpyplayer 4.5.1
2025-09-25 00:04:45,709 : kivy : Video: Provider: ffpyplayer(['video_ffmpeg'] ignored)
2025-09-25 00:04:45,759 : root : Loading MPF-MC controller
2025-09-25 00:04:45,825 : ConfigProcessor : Config spec file cache created: /var/folders/ly/l2bh8tp12rj0_krp5j_296rc0000gn/T/config_spec.mpf_cache
2025-09-25 00:04:45,825 : YamlMultifileConfigLoader : Machine config file #1: config
2025-09-25 00:04:45,825 : ConfigProcessor : Loading config from file /Users/researchsrevenge/.pyenv/versions/3.11.10/lib/python3.11/site-packages/mpfmc/mcconfig.yaml.
2025-09-25 00:04:45,832 : ConfigProcessor : Loading config: /Users/researchsrevenge/.pyenv/versions/3.11.10/lib/python3.11/site-packages/mpfmc/mcconfig.yaml
2025-09-25 00:04:45,832 : ConfigProcessor : Loading config from file /Users/researchsrevenge/Documents/GitHub/project_template/config/config.
2025-09-25 00:04:45,839 : ConfigProcessor : Loading config: /Users/researchsrevenge/Documents/GitHub/project_template/config/config
2025-09-25 00:04:45,839 : ConfigProcessor : Config file cache created: /var/folders/ly/l2bh8tp12rj0_krp5j_296rc0000gn/T/6f0bce87e3e14821fbce9bf64fde97c4.mpf_cache
2025-09-25 00:04:45,840 : ConfigProcessor : Loading config from file /Users/researchsrevenge/.pyenv/versions/3.11.10/lib/python3.11/site-packages/mpf/modes/attract/config/attract.yaml.
2025-09-25 00:04:45,840 : ConfigProcessor : Loading config: /Users/researchsrevenge/.pyenv/versions/3.11.10/lib/python3.11/site-packages/mpf/modes/attract/config/attract.yaml
2025-09-25 00:04:45,840 : ConfigProcessor : Loading config from file /Users/researchsrevenge/Documents/GitHub/project_template/modes/attract/config/attract.yaml.
2025-09-25 00:04:45,840 : ConfigProcessor : Loading config: /Users/researchsrevenge/Documents/GitHub/project_template/modes/attract/config/attract.yaml
2025-09-25 00:04:45,841 : ConfigProcessor : Config file cache created: /var/folders/ly/l2bh8tp12rj0_krp5j_296rc0000gn/T/6d1e90acf5f319cbd22f82fef030eb14.mpf_cache
2025-09-25 00:04:45,841 : ConfigProcessor : Loading config from file /Users/researchsrevenge/.pyenv/versions/3.11.10/lib/python3.11/site-packages/mpf/modes/game/config/game.yaml.
2025-09-25 00:04:45,841 : ConfigProcessor : Loading config: /Users/researchsrevenge/.pyenv/versions/3.11.10/lib/python3.11/site-packages/mpf/modes/game/config/game.yaml
2025-09-25 00:04:45,841 : ConfigProcessor : Config file cache created: /var/folders/ly/l2bh8tp12rj0_krp5j_296rc0000gn/T/d8d4f21ef5b2a6e14fc21c89de4af9a8.mpf_cache
2025-09-25 00:04:45,842 : ConfigProcessor : Loading config from file /Users/researchsrevenge/Documents/GitHub/project_template/modes/base/config/base.yaml.
2025-09-25 00:04:45,842 : ConfigProcessor : Loading config: /Users/researchsrevenge/Documents/GitHub/project_template/modes/base/config/base.yaml
2025-09-25 00:04:45,842 : ConfigProcessor : Config file cache created: /var/folders/ly/l2bh8tp12rj0_krp5j_296rc0000gn/T/b9f72fe5249dc23c22bd1fda801bf87d.mpf_cache
2025-09-25 00:04:45,842 : ConfigProcessor : Loading config from file /Users/researchsrevenge/.pyenv/versions/3.11.10/lib/python3.11/site-packages/mpf/modes/bonus/config/bonus.yaml.
2025-09-25 00:04:45,843 : ConfigProcessor : Loading config: /Users/researchsrevenge/.pyenv/versions/3.11.10/lib/python3.11/site-packages/mpf/modes/bonus/config/bonus.yaml
2025-09-25 00:04:45,843 : ConfigProcessor : Loading config from file /Users/researchsrevenge/Documents/GitHub/project_template/modes/bonus/config/bonus.yaml.
2025-09-25 00:04:45,845 : ConfigProcessor : Loading config: /Users/researchsrevenge/Documents/GitHub/project_template/modes/bonus/config/bonus.yaml
2025-09-25 00:04:45,846 : ConfigProcessor : Config file cache created: /var/folders/ly/l2bh8tp12rj0_krp5j_296rc0000gn/T/a3531928a02c87a77a668ca8e4082b9c.mpf_cache
2025-09-25 00:04:45,846 : ConfigProcessor : Loading config from file /Users/researchsrevenge/.pyenv/versions/3.11.10/lib/python3.11/site-packages/mpf/modes/high_score/config/high_score.yaml.
2025-09-25 00:04:45,848 : ConfigProcessor : Loading config: /Users/researchsrevenge/.pyenv/versions/3.11.10/lib/python3.11/site-packages/mpf/modes/high_score/config/high_score.yaml
2025-09-25 00:04:45,848 : ConfigProcessor : Loading config from file /Users/researchsrevenge/Documents/GitHub/project_template/modes/high_score/config/high_score.yaml.
2025-09-25 00:04:45,851 : ConfigProcessor : Loading config: /Users/researchsrevenge/Documents/GitHub/project_template/modes/high_score/config/high_score.yaml
2025-09-25 00:04:45,851 : ConfigProcessor : Config file cache created: /var/folders/ly/l2bh8tp12rj0_krp5j_296rc0000gn/T/c44151a24b9142f59360a8890f3582ca.mpf_cache
2025-09-25 00:04:45,851 : mpfmc : Mission Pinball Framework Media Controller (MPF-MC) v0.57.0. Requires MPF v0.57.0 or newer.
2025-09-25 00:04:45,851 : mpfmc : Found MPF v0.57.3
2025-09-25 00:04:45,852 : mpfmc : Machine path: /Users/researchsrevenge/Documents/GitHub/project_template
2025-09-25 00:04:45,852 : mpfmc : Starting clock at 60.0Hz
2025-09-25 00:04:45,866 : kivy : Text: Provider: sdl2
2025-09-25 00:04:45,888 : kivy : Window: Provider: sdl2
2025-09-25 00:04:47,632 : kivy : GL: Using the "OpenGL ES 2" graphics system
2025-09-25 00:04:47,632 : kivy : GL: Backend used <sdl2>
2025-09-25 00:04:47,633 : kivy : GL: OpenGL version <b'2.1 ATI-7.0.3'>
2025-09-25 00:04:47,633 : kivy : GL: OpenGL vendor <b'ATI Technologies Inc.'>
2025-09-25 00:04:47,633 : kivy : GL: OpenGL renderer <b'AMD Radeon Pro 5500M OpenGL Engine'>
2025-09-25 00:04:47,633 : kivy : GL: OpenGL parsed version: 2, 1
2025-09-25 00:04:47,633 : kivy : GL: Shading version <b'1.20'>
2025-09-25 00:04:47,633 : kivy : GL: Texture max size <16384>
2025-09-25 00:04:47,633 : kivy : GL: Texture max units <16>
2025-09-25 00:04:47,652 : kivy : Window: auto add sdl2 input provider
2025-09-25 00:04:47,652 : kivy : Window: virtual keyboard not allowed, single mode, not docked
2025-09-25 00:04:47,656 : AudioInterface : NOTE: You may experience noise and other undesirable sound artifacts when you set your buffer at 1024 or smaller.
2025-09-25 00:04:47,826 : AudioInterface : Initialized
2025-09-25 00:04:47,826 : AudioInterface : Loaded SDL 2.32.8
2025-09-25 00:04:47,826 : AudioInterface : Loaded SDL_Mixer 2.8.1
2025-09-25 00:04:47,826 : AudioInterface : Loaded GStreamer 1.26.4.0
2025-09-25 00:04:47,826 : AudioInterface : Loaded GLib 2.84.3
2025-09-25 00:04:47,826 : AudioInterface : Settings requested - rate: 44100, channels: 1, buffer: 1024 samples
2025-09-25 00:04:47,826 : AudioInterface : Settings in use - rate: 44100, channels: 1, buffer: 1024 samples (2048 bytes @ 2 bytes per sample)
2025-09-25 00:04:47,827 : SoundSystem : Setting master volume to 0.0
2025-09-25 00:04:47,827 : AudioInterface : Enabling audio playback
2025-09-25 00:04:47,829 : kivy : Base: Start application main loop
2025-09-25 00:04:47,829 : EventManager : Event: ======'display_window_initialized'====== Args={}
2025-09-25 00:04:48,173 : mpfmc : Display: Setting 'window' as default display
2025-09-25 00:04:48,177 : mpfmc : ASPECT RATIO MISMATCH: The on-screen window is not the same aspect ratio as the display called 'window'. The logical display will be scaled from 1920x1080 to the window size 1600x1200, and a black bar will make up the difference
2025-09-25 00:04:48,177 : EventManager : Event: ======'displays_initialized'====== Args={}
2025-09-25 00:04:48,178 : EventManager : Event: ======'slide_window_blank_created'====== Args={}
2025-09-25 00:04:48,178 : EventManager : Event: ======'display_window_ready'====== Args={}
2025-09-25 00:04:48,184 : EventManager : Event: ======'init_phase_1'====== Args={}
2025-09-25 00:04:48,189 : EventManager : Event: ======'mc_ready'====== Args={}
2025-09-25 00:04:48,189 : EventManager : Event: ======'init_phase_2'====== Args={}
2025-09-25 00:04:48,193 : EventManager : Event: ======'init_phase_3'====== Args={}
2025-09-25 00:04:48,194 : kivy : Base: Leaving application in progress...
2025-09-25 00:04:48,194 : root : Exception while processing RegisteredHandler(callback=<bound method BaseAssetManager._create_assets of <mpfmc.core.assets.ThreadedAssetManager object at 0x10ce58460>>, priority=1, kwargs={'force_assets_load': False}, key=UUID('d5b2d490-a282-4ce1-84df-83f4f66f072c'), condition=None, blocking_facility=None) for event init_phase_3. expected string or bytes-like object, got 'NoneType'
Traceback (most recent call last):
  File "/Users/researchsrevenge/.pyenv/versions/3.11.10/lib/python3.11/site-packages/mpf/core/events.py", line 755, in _run_handlers
    result = handler.callback(**merged_kwargs)
             ^^^^^^^^^^^^^^^^^^^^^^^^^^^^^^^^^
  File "/Users/researchsrevenge/.pyenv/versions/3.11.10/lib/python3.11/site-packages/mpf/core/assets.py", line 204, in _create_assets
    self._create_asset_groups(config=self.machine.machine_config)
  File "/Users/researchsrevenge/.pyenv/versions/3.11.10/lib/python3.11/site-packages/mpf/core/assets.py", line 477, in _create_asset_groups
    ac.cls.asset_group_class(self.machine, name, settings,
  File "/Users/researchsrevenge/.pyenv/versions/3.11.10/lib/python3.11/site-packages/mpf/core/assets.py", line 676, in __init__
    asset_condition = self.machine.placeholder_manager.parse_conditional_template(asset, default_number=1)
                      ^^^^^^^^^^^^^^^^^^^^^^^^^^^^^^^^^^^^^^^^^^^^^^^^^^^^^^^^^^^^^^^^^^^^^^^^^^^^^^^^^^^^
  File "/Users/researchsrevenge/.pyenv/versions/3.11.10/lib/python3.11/site-packages/mpf/core/placeholder_manager.py", line 887, in parse_conditional_template
    match = re.search(r"^(?P<name>[^{}:| ]+)({(?P<condition>.+)})?([|:](?P<number>.+))?$", template)
            ^^^^^^^^^^^^^^^^^^^^^^^^^^^^^^^^^^^^^^^^^^^^^^^^^^^^^^^^^^^^^^^^^^^^^^^^^^^^^^^^^^^^^^^^
  File "/Users/researchsrevenge/.pyenv/versions/3.11.10/lib/python3.11/re/__init__.py", line 176, in search
    return _compile(pattern, flags).search(string)
           ^^^^^^^^^^^^^^^^^^^^^^^^^^^^^^^^^^^^^^^
TypeError: expected string or bytes-like object, got 'NoneType'

The above exception was the direct cause of the following exception:

Traceback (most recent call last):
  File "/Users/researchsrevenge/.pyenv/versions/3.11.10/lib/python3.11/site-packages/mpfmc/commands/mc.py", line 217, in __init__
    thread_stopper=thread_stopper).run()
                                   ^^^^^
  File "/Users/researchsrevenge/.pyenv/versions/3.11.10/lib/python3.11/site-packages/kivy/app.py", line 956, in run
    runTouchApp()
  File "/Users/researchsrevenge/.pyenv/versions/3.11.10/lib/python3.11/site-packages/kivy/base.py", line 574, in runTouchApp
    EventLoop.mainloop()
  File "/Users/researchsrevenge/.pyenv/versions/3.11.10/lib/python3.11/site-packages/kivy/base.py", line 339, in mainloop
    self.idle()
  File "/Users/researchsrevenge/.pyenv/versions/3.11.10/lib/python3.11/site-packages/kivy/base.py", line 379, in idle
    Clock.tick()
  File "/Users/researchsrevenge/.pyenv/versions/3.11.10/lib/python3.11/site-packages/kivy/clock.py", line 733, in tick
    self.post_idle(ts, self.idle())
  File "/Users/researchsrevenge/.pyenv/versions/3.11.10/lib/python3.11/site-packages/kivy/clock.py", line 776, in post_idle
    self._process_events()
  File "kivy/_clock.pyx", line 620, in kivy._clock.CyClockBase._process_events
  File "kivy/_clock.pyx", line 653, in kivy._clock.CyClockBase._process_events
  File "kivy/_clock.pyx", line 649, in kivy._clock.CyClockBase._process_events
  File "kivy/_clock.pyx", line 218, in kivy._clock.ClockEvent.tick
  File "/Users/researchsrevenge/.pyenv/versions/3.11.10/lib/python3.11/site-packages/mpfmc/uix/display.py", line 211, in _displays_initialized
    self.mc.displays_initialized()
  File "/Users/researchsrevenge/.pyenv/versions/3.11.10/lib/python3.11/site-packages/mpfmc/core/mc.py", line 347, in displays_initialized
    self._init()
  File "/Users/researchsrevenge/.pyenv/versions/3.11.10/lib/python3.11/site-packages/mpfmc/core/mc.py", line 395, in _init
    self.events.process_event_queue()
  File "/Users/researchsrevenge/.pyenv/versions/3.11.10/lib/python3.11/site-packages/mpf/core/events.py", line 846, in process_event_queue
    self._process_event(event=event[0],
  File "/Users/researchsrevenge/.pyenv/versions/3.11.10/lib/python3.11/site-packages/mpf/core/events.py", line 808, in _process_event
    result = self._run_handlers(event, ev_type, kwargs)
             ^^^^^^^^^^^^^^^^^^^^^^^^^^^^^^^^^^^^^^^^^^
  File "/Users/researchsrevenge/.pyenv/versions/3.11.10/lib/python3.11/site-packages/mpf/core/events.py", line 757, in _run_handlers
    raise EventHandlerException(
mpf.core.events.EventHandlerException: Exception while processing RegisteredHandler(callback=<bound method BaseAssetManager._create_assets of <mpfmc.core.assets.ThreadedAssetManager object at 0x10ce58460>>, priority=1, kwargs={'force_assets_load': False}, key=UUID('d5b2d490-a282-4ce1-84df-83f4f66f072c'), condition=None, blocking_facility=None) for event init_phase_3. expected string or bytes-like object, got 'NoneType'
2025-09-25 00:04:48,202 : root : Stopping child threads... (1 remaining)
2025-09-25 00:04:48,909 : root : All child threads stopped.
