2025-09-24 23:59:26,633 : INFO : root : Loading config.
2025-09-24 23:59:26,682 : INFO : ConfigProcessor : Config spec file cache created: /var/folders/ly/l2bh8tp12rj0_krp5j_296rc0000gn/T/config_spec.mpf_cache
2025-09-24 23:59:26,683 : INFO : YamlMultifileConfigLoader : Machine config file #1: config.yaml
2025-09-24 23:59:26,683 : INFO : ConfigProcessor : Loading config from file /Users/researchsrevenge/.pyenv/versions/3.11.10/lib/python3.11/site-packages/mpf/mpfconfig.yaml.
2025-09-24 23:59:26,694 : INFO : ConfigProcessor : Loading config: /Users/researchsrevenge/.pyenv/versions/3.11.10/lib/python3.11/site-packages/mpf/mpfconfig.yaml
2025-09-24 23:59:26,694 : INFO : ConfigProcessor : Loading config from file /Users/researchsrevenge/Documents/GitHub/project_template/config/config.yaml.
2025-09-24 23:59:26,711 : INFO : ConfigProcessor : Loading config: /Users/researchsrevenge/Documents/GitHub/project_template/config/config.yaml
2025-09-24 23:59:26,713 : INFO : ConfigProcessor : Config file cache created: /var/folders/ly/l2bh8tp12rj0_krp5j_296rc0000gn/T/4d61abf9eec0e7eb76c386974a54bb67.mpf_cache
2025-09-24 23:59:26,792 : INFO : ConfigProcessor : Loading config from file /Users/researchsrevenge/.pyenv/versions/3.11.10/lib/python3.11/site-packages/mpf/modes/attract/config/attract.yaml.
2025-09-24 23:59:26,793 : INFO : ConfigProcessor : Loading config: /Users/researchsrevenge/.pyenv/versions/3.11.10/lib/python3.11/site-packages/mpf/modes/attract/config/attract.yaml
2025-09-24 23:59:26,793 : INFO : ConfigProcessor : Loading config from file /Users/researchsrevenge/Documents/GitHub/project_template/modes/attract/config/attract.yaml.
2025-09-24 23:59:26,794 : INFO : ConfigProcessor : Loading config: /Users/researchsrevenge/Documents/GitHub/project_template/modes/attract/config/attract.yaml
2025-09-24 23:59:26,795 : INFO : ConfigProcessor : Config file cache created: /var/folders/ly/l2bh8tp12rj0_krp5j_296rc0000gn/T/6d1e90acf5f319cbd22f82fef030eb14.mpf_cache
2025-09-24 23:59:26,796 : INFO : ConfigProcessor : Loading config from file /Users/researchsrevenge/.pyenv/versions/3.11.10/lib/python3.11/site-packages/mpf/modes/game/config/game.yaml.
2025-09-24 23:59:26,796 : INFO : ConfigProcessor : Loading config: /Users/researchsrevenge/.pyenv/versions/3.11.10/lib/python3.11/site-packages/mpf/modes/game/config/game.yaml
2025-09-24 23:59:26,797 : INFO : ConfigProcessor : Config file cache created: /var/folders/ly/l2bh8tp12rj0_krp5j_296rc0000gn/T/d8d4f21ef5b2a6e14fc21c89de4af9a8.mpf_cache
2025-09-24 23:59:26,797 : INFO : ConfigProcessor : Loading config from file /Users/researchsrevenge/Documents/GitHub/project_template/modes/base/config/base.yaml.
2025-09-24 23:59:26,815 : INFO : ConfigProcessor : Loading config: /Users/researchsrevenge/Documents/GitHub/project_template/modes/base/config/base.yaml
2025-09-24 23:59:26,816 : INFO : ConfigProcessor : Config file cache created: /var/folders/ly/l2bh8tp12rj0_krp5j_296rc0000gn/T/b9f72fe5249dc23c22bd1fda801bf87d.mpf_cache
2025-09-24 23:59:26,818 : INFO : ConfigProcessor : Loading config from file /Users/researchsrevenge/.pyenv/versions/3.11.10/lib/python3.11/site-packages/mpf/modes/bonus/config/bonus.yaml.
2025-09-24 23:59:26,819 : INFO : ConfigProcessor : Loading config: /Users/researchsrevenge/.pyenv/versions/3.11.10/lib/python3.11/site-packages/mpf/modes/bonus/config/bonus.yaml
2025-09-24 23:59:26,819 : INFO : ConfigProcessor : Loading config from file /Users/researchsrevenge/Documents/GitHub/project_template/modes/bonus/config/bonus.yaml.
2025-09-24 23:59:26,823 : INFO : ConfigProcessor : Loading config: /Users/researchsrevenge/Documents/GitHub/project_template/modes/bonus/config/bonus.yaml
2025-09-24 23:59:26,824 : INFO : ConfigProcessor : Config file cache created: /var/folders/ly/l2bh8tp12rj0_krp5j_296rc0000gn/T/a3531928a02c87a77a668ca8e4082b9c.mpf_cache
2025-09-24 23:59:26,824 : INFO : ConfigProcessor : Loading config from file /Users/researchsrevenge/.pyenv/versions/3.11.10/lib/python3.11/site-packages/mpf/modes/high_score/config/high_score.yaml.
2025-09-24 23:59:26,829 : INFO : ConfigProcessor : Loading config: /Users/researchsrevenge/.pyenv/versions/3.11.10/lib/python3.11/site-packages/mpf/modes/high_score/config/high_score.yaml
2025-09-24 23:59:26,829 : INFO : ConfigProcessor : Loading config from file /Users/researchsrevenge/Documents/GitHub/project_template/modes/high_score/config/high_score.yaml.
2025-09-24 23:59:26,835 : INFO : ConfigProcessor : Loading config: /Users/researchsrevenge/Documents/GitHub/project_template/modes/high_score/config/high_score.yaml
2025-09-24 23:59:26,836 : INFO : ConfigProcessor : Config file cache created: /var/folders/ly/l2bh8tp12rj0_krp5j_296rc0000gn/T/c44151a24b9142f59360a8890f3582ca.mpf_cache
2025-09-24 23:59:26,836 : INFO : ConfigProcessor : Loading config from file /Users/researchsrevenge/Documents/GitHub/project_template/modes/attract/shows/./attract_loop_show.yaml.
2025-09-24 23:59:26,840 : INFO : ConfigProcessor : Loading config: /Users/researchsrevenge/Documents/GitHub/project_template/modes/attract/shows/./attract_loop_show.yaml
2025-09-24 23:59:26,841 : INFO : ConfigProcessor : Config file cache created: /var/folders/ly/l2bh8tp12rj0_krp5j_296rc0000gn/T/27669c7febd90805582f001ef68d7daf.mpf_cache
2025-09-24 23:59:26,841 : INFO : Machine : Mission Pinball Framework Core Engine v0.57.3
2025-09-24 23:59:26,841 : INFO : Machine : Command line arguments: {'no_load_cache': True, 'create_config_cache': True, 'bcp': True, 'configfile': ['config.yaml'], 'force_assets_load': False, 'platform_integration_test': False, 'jsonlogging': False, 'logfile': 'logs/2025-09-24-23-59-26-mpf-MacBook-Pro.local.log', 'pause': False, 'production': False, 'text_ui': False, 'loglevel': 15, 'consoleloglevel': 20, 'force_platform': 'smart_virtual', 'syslog_address': None, 'mc_file_name': None, 'no_sound': False}
2025-09-24 23:59:26,841 : INFO : Machine : MPF path: /Users/researchsrevenge/.pyenv/versions/3.11.10/lib/python3.11/site-packages/mpf
2025-09-24 23:59:26,842 : INFO : Machine : Machine path: /Users/researchsrevenge/Documents/GitHub/project_template
2025-09-24 23:59:26,842 : INFO : Machine : Platform: darwin
2025-09-24 23:59:26,842 : INFO : Machine : Python executable location: /Users/researchsrevenge/.pyenv/versions/3.11.10/bin/python3.11
2025-09-24 23:59:26,842 : INFO : Machine : Python version: 3.11.10 (64-bit)
2025-09-24 23:59:26,843 : INFO : Machine : Initializing MPF...
2025-09-24 23:59:26,897 : INFO : EventManager : Event: ======'machine_var_credits_string'====== Args={'value': 'FREE PLAY', 'prev_value': None, 'change': True}
2025-09-24 23:59:26,929 : INFO : EventManager : Event: ======'machine_var_master_volume'====== Args={'value': 0.8, 'prev_value': None, 'change': True}
2025-09-24 23:59:26,930 : INFO : EventManager : Event: ======'machine_var_mpf_version'====== Args={'value': 'Mission Pinball Framework v0.57.3', 'prev_value': None, 'change': True}
2025-09-24 23:59:26,930 : INFO : EventManager : Event: ======'machine_var_mpf_extended_version'====== Args={'value': 'Mission Pinball Framework v0.57.3, Config version:6, Show version: 6, BCP version:1.1', 'prev_value': None, 'change': True}
2025-09-24 23:59:26,930 : INFO : EventManager : Event: ======'machine_var_python_version'====== Args={'value': '3.11.10', 'prev_value': None, 'change': True}
2025-09-24 23:59:26,951 : INFO : EventManager : Event: ======'machine_var_platform'====== Args={'value': 'macOS-15.4.1-x86_64-i386-64bit', 'prev_value': None, 'change': True}
2025-09-24 23:59:26,951 : INFO : EventManager : Event: ======'machine_var_platform_system'====== Args={'value': 'Darwin', 'prev_value': None, 'change': True}
2025-09-24 23:59:26,951 : INFO : EventManager : Event: ======'machine_var_platform_release'====== Args={'value': '24.4.0', 'prev_value': None, 'change': True}
2025-09-24 23:59:26,951 : INFO : EventManager : Event: ======'machine_var_platform_version'====== Args={'value': 'Darwin Kernel Version 24.4.0: Fri Apr 11 18:28:23 PDT 2025; root:xnu-11417.101.15~117/RELEASE_X86_64', 'prev_value': None, 'change': True}
2025-09-24 23:59:26,951 : INFO : EventManager : Event: ======'machine_var_platform_machine'====== Args={'value': 'x86_64', 'prev_value': None, 'change': True}
2025-09-24 23:59:26,951 : INFO : EventManager : Event: ======'init_phase_1'====== Args={}
2025-09-24 23:59:26,973 : ERROR : asyncio : Exception in callback EventManager._async_handler_done(<QueuedEvent>)(<Task finishe...our config.')>) at /Users/researchsrevenge/.pyenv/versions/3.11.10/lib/python3.11/site-packages/mpf/core/events.py:124
handle: <Handle EventManager._async_handler_done(<QueuedEvent>)(<Task finishe...our config.')>) at /Users/researchsrevenge/.pyenv/versions/3.11.10/lib/python3.11/site-packages/mpf/core/events.py:124>
Traceback (most recent call last):
  File "/Users/researchsrevenge/.pyenv/versions/3.11.10/lib/python3.11/asyncio/events.py", line 84, in _run
    self._context.run(self._callback, *self._args)
  File "/Users/researchsrevenge/.pyenv/versions/3.11.10/lib/python3.11/site-packages/mpf/core/events.py", line 127, in _async_handler_done
    future.result()
  File "/Users/researchsrevenge/.pyenv/versions/3.11.10/lib/python3.11/site-packages/mpf/core/device_manager.py", line 89, in _load_device_modules
    await self.machine.mode_controller.load_mode_devices()
  File "/Users/researchsrevenge/.pyenv/versions/3.11.10/lib/python3.11/site-packages/mpf/core/mode_controller.py", line 86, in load_mode_devices
    await mode.load_mode_devices()
  File "/Users/researchsrevenge/.pyenv/versions/3.11.10/lib/python3.11/site-packages/mpf/core/mode.py", line 438, in load_mode_devices
    settings = device.validate_and_parse_config(settings, True, "mode:" + self.name)
               ^^^^^^^^^^^^^^^^^^^^^^^^^^^^^^^^^^^^^^^^^^^^^^^^^^^^^^^^^^^^^^^^^^^^^
  File "/Users/researchsrevenge/.pyenv/versions/3.11.10/lib/python3.11/site-packages/mpf/devices/shot.py", line 79, in validate_and_parse_config
    config = super().validate_and_parse_config(config, is_mode_config, debug_prefix)
             ^^^^^^^^^^^^^^^^^^^^^^^^^^^^^^^^^^^^^^^^^^^^^^^^^^^^^^^^^^^^^^^^^^^^^^^
  File "/Users/researchsrevenge/.pyenv/versions/3.11.10/lib/python3.11/site-packages/mpf/core/device.py", line 108, in validate_and_parse_config
    self.machine.config_validator.validate_config(
  File "/Users/researchsrevenge/.pyenv/versions/3.11.10/lib/python3.11/site-packages/mpf/core/config_validator.py", line 164, in validate_config
    return self._validate_config(config_spec, source, base_spec=base_spec, add_missing_keys=add_missing_keys,
           ^^^^^^^^^^^^^^^^^^^^^^^^^^^^^^^^^^^^^^^^^^^^^^^^^^^^^^^^^^^^^^^^^^^^^^^^^^^^^^^^^^^^^^^^^^^^^^^^^^
  File "/Users/researchsrevenge/.pyenv/versions/3.11.10/lib/python3.11/site-packages/mpf/core/config_validator.py", line 204, in _validate_config
    processed_config[k] = self.validate_config_item(
                          ^^^^^^^^^^^^^^^^^^^^^^^^^^
  File "/Users/researchsrevenge/.pyenv/versions/3.11.10/lib/python3.11/site-packages/mpf/core/config_validator.py", line 256, in validate_config_item
    new_list.append(self.validate_item(i, validation, validation_failure_info))
                    ^^^^^^^^^^^^^^^^^^^^^^^^^^^^^^^^^^^^^^^^^^^^^^^^^^^^^^^^^^
  File "/Users/researchsrevenge/.pyenv/versions/3.11.10/lib/python3.11/site-packages/mpf/core/config_validator.py", line 686, in validate_item
    return self.validator_list[validator](item, validation_failure_info=validation_failure_info, param=param)
           ^^^^^^^^^^^^^^^^^^^^^^^^^^^^^^^^^^^^^^^^^^^^^^^^^^^^^^^^^^^^^^^^^^^^^^^^^^^^^^^^^^^^^^^^^^^^^^^^^^
  File "/Users/researchsrevenge/.pyenv/versions/3.11.10/lib/python3.11/site-packages/mpf/core/config_validator.py", line 400, in _validate_type_machine
    raise self.validation_error(item, validation_failure_info,
mpf.exceptions.config_file_error.ConfigFileError: Config File Error in ConfigValidator: Config validation error: Entry mode:base:shots:ship_spinning:switch = "s_pe_platter" is not valid. Device "s_pe_platter" not found in "switches:" section in your config. Error Code: CFE-ConfigValidator-6 (https://missionpinball.org/logs)
2025-09-24 23:59:26,981 : INFO : Machine : Starting the main run loop with active modes: []
2025-09-24 23:59:26,981 : WARNING : Machine : Attract mode is not active, game will not be playable. Please check your attract mode configuration.
2025-09-24 23:59:26,981 : INFO : Machine : Shutting down...
2025-09-24 23:59:26,981 : INFO : EventManager : Event: ======'shutdown'====== Args={}
2025-09-24 23:59:27,982 : ERROR : Machine : Runtime Exception
Traceback (most recent call last):
  File "/Users/researchsrevenge/.pyenv/versions/3.11.10/lib/python3.11/site-packages/mpf/core/machine.py", line 808, in _run_loop
    raise self._exception['exception']
  File "/Users/researchsrevenge/.pyenv/versions/3.11.10/lib/python3.11/asyncio/events.py", line 84, in _run
    self._context.run(self._callback, *self._args)
  File "/Users/researchsrevenge/.pyenv/versions/3.11.10/lib/python3.11/site-packages/mpf/core/events.py", line 127, in _async_handler_done
    future.result()
  File "/Users/researchsrevenge/.pyenv/versions/3.11.10/lib/python3.11/site-packages/mpf/core/device_manager.py", line 89, in _load_device_modules
    await self.machine.mode_controller.load_mode_devices()
  File "/Users/researchsrevenge/.pyenv/versions/3.11.10/lib/python3.11/site-packages/mpf/core/mode_controller.py", line 86, in load_mode_devices
    await mode.load_mode_devices()
  File "/Users/researchsrevenge/.pyenv/versions/3.11.10/lib/python3.11/site-packages/mpf/core/mode.py", line 438, in load_mode_devices
    settings = device.validate_and_parse_config(settings, True, "mode:" + self.name)
               ^^^^^^^^^^^^^^^^^^^^^^^^^^^^^^^^^^^^^^^^^^^^^^^^^^^^^^^^^^^^^^^^^^^^^
  File "/Users/researchsrevenge/.pyenv/versions/3.11.10/lib/python3.11/site-packages/mpf/devices/shot.py", line 79, in validate_and_parse_config
    config = super().validate_and_parse_config(config, is_mode_config, debug_prefix)
             ^^^^^^^^^^^^^^^^^^^^^^^^^^^^^^^^^^^^^^^^^^^^^^^^^^^^^^^^^^^^^^^^^^^^^^^
  File "/Users/researchsrevenge/.pyenv/versions/3.11.10/lib/python3.11/site-packages/mpf/core/device.py", line 108, in validate_and_parse_config
    self.machine.config_validator.validate_config(
  File "/Users/researchsrevenge/.pyenv/versions/3.11.10/lib/python3.11/site-packages/mpf/core/config_validator.py", line 164, in validate_config
    return self._validate_config(config_spec, source, base_spec=base_spec, add_missing_keys=add_missing_keys,
           ^^^^^^^^^^^^^^^^^^^^^^^^^^^^^^^^^^^^^^^^^^^^^^^^^^^^^^^^^^^^^^^^^^^^^^^^^^^^^^^^^^^^^^^^^^^^^^^^^^
  File "/Users/researchsrevenge/.pyenv/versions/3.11.10/lib/python3.11/site-packages/mpf/core/config_validator.py", line 204, in _validate_config
    processed_config[k] = self.validate_config_item(
                          ^^^^^^^^^^^^^^^^^^^^^^^^^^
  File "/Users/researchsrevenge/.pyenv/versions/3.11.10/lib/python3.11/site-packages/mpf/core/config_validator.py", line 256, in validate_config_item
    new_list.append(self.validate_item(i, validation, validation_failure_info))
                    ^^^^^^^^^^^^^^^^^^^^^^^^^^^^^^^^^^^^^^^^^^^^^^^^^^^^^^^^^^
  File "/Users/researchsrevenge/.pyenv/versions/3.11.10/lib/python3.11/site-packages/mpf/core/config_validator.py", line 686, in validate_item
    return self.validator_list[validator](item, validation_failure_info=validation_failure_info, param=param)
           ^^^^^^^^^^^^^^^^^^^^^^^^^^^^^^^^^^^^^^^^^^^^^^^^^^^^^^^^^^^^^^^^^^^^^^^^^^^^^^^^^^^^^^^^^^^^^^^^^^
  File "/Users/researchsrevenge/.pyenv/versions/3.11.10/lib/python3.11/site-packages/mpf/core/config_validator.py", line 400, in _validate_type_machine
    raise self.validation_error(item, validation_failure_info,
mpf.exceptions.config_file_error.ConfigFileError: Config File Error in ConfigValidator: Config validation error: Entry mode:base:shots:ship_spinning:switch = "s_pe_platter" is not valid. Device "s_pe_platter" not found in "switches:" section in your config. Error Code: CFE-ConfigValidator-6 (https://missionpinball.org/logs)
