2026-01-24 23:46:36,348 : INFO : root : Loading config.
2026-01-24 23:46:36,394 : INFO : ConfigProcessor : Config spec file cache created: /var/folders/ly/l2bh8tp12rj0_krp5j_296rc0000gn/T/config_spec.mpf_cache
2026-01-24 23:46:36,395 : INFO : YamlMultifileConfigLoader : Machine config file #1: config.yaml
2026-01-24 23:46:36,395 : INFO : ConfigProcessor : Loading config from file /Users/researchsrevenge/.pyenv/versions/3.11.10/lib/python3.11/site-packages/mpf/mpfconfig.yaml.
2026-01-24 23:46:36,406 : INFO : ConfigProcessor : Loading config: /Users/researchsrevenge/.pyenv/versions/3.11.10/lib/python3.11/site-packages/mpf/mpfconfig.yaml
2026-01-24 23:46:36,407 : INFO : ConfigProcessor : Loading config from file /Users/researchsrevenge/Documents/GitHub/project_template/config/config.yaml.
2026-01-24 23:46:36,425 : INFO : ConfigProcessor : Loading config: /Users/researchsrevenge/Documents/GitHub/project_template/config/config.yaml
2026-01-24 23:46:36,426 : INFO : ConfigProcessor : Config file cache created: /var/folders/ly/l2bh8tp12rj0_krp5j_296rc0000gn/T/4d61abf9eec0e7eb76c386974a54bb67.mpf_cache
2026-01-24 23:46:36,490 : INFO : ConfigProcessor : Loading config from file /Users/researchsrevenge/.pyenv/versions/3.11.10/lib/python3.11/site-packages/mpf/modes/attract/config/attract.yaml.
2026-01-24 23:46:36,491 : INFO : ConfigProcessor : Loading config: /Users/researchsrevenge/.pyenv/versions/3.11.10/lib/python3.11/site-packages/mpf/modes/attract/config/attract.yaml
2026-01-24 23:46:36,491 : INFO : ConfigProcessor : Loading config from file /Users/researchsrevenge/Documents/GitHub/project_template/modes/attract/config/attract.yaml.
2026-01-24 23:46:36,491 : INFO : ConfigProcessor : Loading config: /Users/researchsrevenge/Documents/GitHub/project_template/modes/attract/config/attract.yaml
2026-01-24 23:46:36,492 : INFO : ConfigProcessor : Config file cache created: /var/folders/ly/l2bh8tp12rj0_krp5j_296rc0000gn/T/6d1e90acf5f319cbd22f82fef030eb14.mpf_cache
2026-01-24 23:46:36,492 : INFO : ConfigProcessor : Loading config from file /Users/researchsrevenge/.pyenv/versions/3.11.10/lib/python3.11/site-packages/mpf/modes/game/config/game.yaml.
2026-01-24 23:46:36,493 : INFO : ConfigProcessor : Loading config: /Users/researchsrevenge/.pyenv/versions/3.11.10/lib/python3.11/site-packages/mpf/modes/game/config/game.yaml
2026-01-24 23:46:36,493 : INFO : ConfigProcessor : Config file cache created: /var/folders/ly/l2bh8tp12rj0_krp5j_296rc0000gn/T/d8d4f21ef5b2a6e14fc21c89de4af9a8.mpf_cache
2026-01-24 23:46:36,493 : INFO : ConfigProcessor : Loading config from file /Users/researchsrevenge/Documents/GitHub/project_template/modes/base/config/base.yaml.
2026-01-24 23:46:36,494 : INFO : ConfigProcessor : Loading config: /Users/researchsrevenge/Documents/GitHub/project_template/modes/base/config/base.yaml
2026-01-24 23:46:36,494 : INFO : ConfigProcessor : Config file cache created: /var/folders/ly/l2bh8tp12rj0_krp5j_296rc0000gn/T/b9f72fe5249dc23c22bd1fda801bf87d.mpf_cache
2026-01-24 23:46:36,495 : INFO : ConfigProcessor : Loading config from file /Users/researchsrevenge/.pyenv/versions/3.11.10/lib/python3.11/site-packages/mpf/modes/bonus/config/bonus.yaml.
2026-01-24 23:46:36,495 : INFO : ConfigProcessor : Loading config: /Users/researchsrevenge/.pyenv/versions/3.11.10/lib/python3.11/site-packages/mpf/modes/bonus/config/bonus.yaml
2026-01-24 23:46:36,495 : INFO : ConfigProcessor : Loading config from file /Users/researchsrevenge/Documents/GitHub/project_template/modes/bonus/config/bonus.yaml.
2026-01-24 23:46:36,498 : INFO : ConfigProcessor : Loading config: /Users/researchsrevenge/Documents/GitHub/project_template/modes/bonus/config/bonus.yaml
2026-01-24 23:46:36,498 : INFO : ConfigProcessor : Config file cache created: /var/folders/ly/l2bh8tp12rj0_krp5j_296rc0000gn/T/a3531928a02c87a77a668ca8e4082b9c.mpf_cache
2026-01-24 23:46:36,499 : INFO : ConfigProcessor : Loading config from file /Users/researchsrevenge/.pyenv/versions/3.11.10/lib/python3.11/site-packages/mpf/modes/high_score/config/high_score.yaml.
2026-01-24 23:46:36,501 : INFO : ConfigProcessor : Loading config: /Users/researchsrevenge/.pyenv/versions/3.11.10/lib/python3.11/site-packages/mpf/modes/high_score/config/high_score.yaml
2026-01-24 23:46:36,502 : INFO : ConfigProcessor : Loading config from file /Users/researchsrevenge/Documents/GitHub/project_template/modes/high_score/config/high_score.yaml.
2026-01-24 23:46:36,505 : INFO : ConfigProcessor : Loading config: /Users/researchsrevenge/Documents/GitHub/project_template/modes/high_score/config/high_score.yaml
2026-01-24 23:46:36,506 : INFO : ConfigProcessor : Config file cache created: /var/folders/ly/l2bh8tp12rj0_krp5j_296rc0000gn/T/c44151a24b9142f59360a8890f3582ca.mpf_cache
2026-01-24 23:46:36,506 : INFO : ConfigProcessor : Loading config from file /Users/researchsrevenge/Documents/GitHub/project_template/modes/attract/shows/./attract_loop_show.yaml.
2026-01-24 23:46:36,509 : INFO : ConfigProcessor : Loading config: /Users/researchsrevenge/Documents/GitHub/project_template/modes/attract/shows/./attract_loop_show.yaml
2026-01-24 23:46:36,510 : INFO : ConfigProcessor : Config file cache created: /var/folders/ly/l2bh8tp12rj0_krp5j_296rc0000gn/T/27669c7febd90805582f001ef68d7daf.mpf_cache
2026-01-24 23:46:36,510 : INFO : Machine : Mission Pinball Framework Core Engine v0.57.3
2026-01-24 23:46:36,510 : INFO : Machine : Command line arguments: {'no_load_cache': True, 'create_config_cache': True, 'bcp': True, 'configfile': ['config.yaml'], 'force_assets_load': False, 'platform_integration_test': False, 'jsonlogging': False, 'logfile': 'logs/2026-01-24-23-46-36-mpf-MacBook-Pro.local.log', 'pause': False, 'production': False, 'text_ui': False, 'loglevel': 15, 'consoleloglevel': 20, 'force_platform': 'smart_virtual', 'syslog_address': None, 'mc_file_name': None, 'no_sound': False}
2026-01-24 23:46:36,510 : INFO : Machine : MPF path: /Users/researchsrevenge/.pyenv/versions/3.11.10/lib/python3.11/site-packages/mpf
2026-01-24 23:46:36,510 : INFO : Machine : Machine path: /Users/researchsrevenge/Documents/GitHub/project_template
2026-01-24 23:46:36,510 : INFO : Machine : Platform: darwin
2026-01-24 23:46:36,510 : INFO : Machine : Python executable location: /Users/researchsrevenge/.pyenv/versions/3.11.10/bin/python3.11
2026-01-24 23:46:36,510 : INFO : Machine : Python version: 3.11.10 (64-bit)
2026-01-24 23:46:36,512 : INFO : Machine : Initializing MPF...
2026-01-24 23:46:36,554 : INFO : EventManager : Event: ======'machine_var_credits_string'====== Args={'value': 'FREE PLAY', 'prev_value': None, 'change': True}
2026-01-24 23:46:36,586 : INFO : EventManager : Event: ======'machine_var_master_volume'====== Args={'value': 0.8, 'prev_value': None, 'change': True}
2026-01-24 23:46:36,587 : INFO : EventManager : Event: ======'machine_var_mpf_version'====== Args={'value': 'Mission Pinball Framework v0.57.3', 'prev_value': None, 'change': True}
2026-01-24 23:46:36,587 : INFO : EventManager : Event: ======'machine_var_mpf_extended_version'====== Args={'value': 'Mission Pinball Framework v0.57.3, Config version:6, Show version: 6, BCP version:1.1', 'prev_value': None, 'change': True}
2026-01-24 23:46:36,587 : INFO : EventManager : Event: ======'machine_var_python_version'====== Args={'value': '3.11.10', 'prev_value': None, 'change': True}
2026-01-24 23:46:36,602 : INFO : EventManager : Event: ======'machine_var_platform'====== Args={'value': 'macOS-15.4.1-x86_64-i386-64bit', 'prev_value': None, 'change': True}
2026-01-24 23:46:36,603 : INFO : EventManager : Event: ======'machine_var_platform_system'====== Args={'value': 'Darwin', 'prev_value': None, 'change': True}
2026-01-24 23:46:36,603 : INFO : EventManager : Event: ======'machine_var_platform_release'====== Args={'value': '24.4.0', 'prev_value': None, 'change': True}
2026-01-24 23:46:36,603 : INFO : EventManager : Event: ======'machine_var_platform_version'====== Args={'value': 'Darwin Kernel Version 24.4.0: Fri Apr 11 18:28:23 PDT 2025; root:xnu-11417.101.15~117/RELEASE_X86_64', 'prev_value': None, 'change': True}
2026-01-24 23:46:36,603 : INFO : EventManager : Event: ======'machine_var_platform_machine'====== Args={'value': 'x86_64', 'prev_value': None, 'change': True}
2026-01-24 23:46:36,603 : INFO : EventManager : Event: ======'init_phase_1'====== Args={}
2026-01-24 23:46:36,621 : INFO : EventManager : Event: ======'init_phase_2'====== Args={}
2026-01-24 23:46:36,622 : INFO : SwitchController : Found active switch: ('A1-B1-6', <Platform.SmartVirtual>) <switch.s_trough1>
2026-01-24 23:46:36,622 : INFO : SwitchController : Found active switch: ('A0-B0-2', <Platform.SmartVirtual>) <switch.s_trough2>
2026-01-24 23:46:36,622 : INFO : SwitchController : Found active switch: ('A0-B0-0', <Platform.SmartVirtual>) <switch.s_trough3>
2026-01-24 23:46:36,624 : INFO : EventManager : Event: ======'machine_var_score1_label'====== Args={'value': 'GRAND CHAMPION', 'prev_value': None, 'change': True}
2026-01-24 23:46:36,624 : INFO : EventManager : Event: ======'machine_var_score1_name'====== Args={'value': 'ORANGEJOE', 'prev_value': None, 'change': True}
2026-01-24 23:46:36,624 : INFO : EventManager : Event: ======'machine_var_score1_value'====== Args={'value': 1000000, 'prev_value': None, 'change': True}
2026-01-24 23:46:36,624 : INFO : EventManager : Event: ======'machine_var_score2_label'====== Args={'value': 'HIGH SCORE 1', 'prev_value': None, 'change': True}
2026-01-24 23:46:36,624 : INFO : EventManager : Event: ======'machine_var_score2_name'====== Args={'value': 'MOM', 'prev_value': None, 'change': True}
2026-01-24 23:46:36,624 : INFO : EventManager : Event: ======'machine_var_score2_value'====== Args={'value': 800000, 'prev_value': None, 'change': True}
2026-01-24 23:46:36,624 : INFO : EventManager : Event: ======'machine_var_score3_label'====== Args={'value': 'HIGH SCORE 2', 'prev_value': None, 'change': True}
2026-01-24 23:46:36,625 : INFO : EventManager : Event: ======'machine_var_score3_name'====== Args={'value': 'INSPECTOR5', 'prev_value': None, 'change': True}
2026-01-24 23:46:36,625 : INFO : EventManager : Event: ======'machine_var_score3_value'====== Args={'value': 600000, 'prev_value': None, 'change': True}
2026-01-24 23:46:36,625 : INFO : EventManager : Event: ======'machine_var_score4_label'====== Args={'value': 'HIGH SCORE 3', 'prev_value': None, 'change': True}
2026-01-24 23:46:36,625 : INFO : EventManager : Event: ======'machine_var_score4_name'====== Args={'value': 'PIMPAROO', 'prev_value': None, 'change': True}
2026-01-24 23:46:36,625 : INFO : EventManager : Event: ======'machine_var_score4_value'====== Args={'value': 500000, 'prev_value': None, 'change': True}
2026-01-24 23:46:36,625 : INFO : EventManager : Event: ======'machine_var_score5_label'====== Args={'value': 'HIGH SCORE 4', 'prev_value': None, 'change': True}
2026-01-24 23:46:36,625 : INFO : EventManager : Event: ======'machine_var_score5_name'====== Args={'value': 'NIXON', 'prev_value': None, 'change': True}
2026-01-24 23:46:36,625 : INFO : EventManager : Event: ======'machine_var_score5_value'====== Args={'value': 400000, 'prev_value': None, 'change': True}
2026-01-24 23:46:36,625 : INFO : EventManager : Event: ======'machine_var_score6_label'====== Args={'value': 'HIGH SCORE 5', 'prev_value': None, 'change': True}
2026-01-24 23:46:36,625 : INFO : EventManager : Event: ======'machine_var_score6_name'====== Args={'value': 'ROBOTDEVIL', 'prev_value': None, 'change': True}
2026-01-24 23:46:36,625 : INFO : EventManager : Event: ======'machine_var_score6_value'====== Args={'value': 300000, 'prev_value': None, 'change': True}
2026-01-24 23:46:36,625 : INFO : EventManager : Event: ======'machine_var_score7_label'====== Args={'value': 'HIGH SCORE 6', 'prev_value': None, 'change': True}
2026-01-24 23:46:36,625 : INFO : EventManager : Event: ======'machine_var_score7_name'====== Args={'value': 'CUBERT', 'prev_value': None, 'change': True}
2026-01-24 23:46:36,625 : INFO : EventManager : Event: ======'machine_var_score7_value'====== Args={'value': 200000, 'prev_value': None, 'change': True}
2026-01-24 23:46:36,625 : INFO : EventManager : Event: ======'machine_var_score8_label'====== Args={'value': 'HIGH SCORE 7', 'prev_value': None, 'change': True}
2026-01-24 23:46:36,625 : INFO : EventManager : Event: ======'machine_var_score8_name'====== Args={'value': 'WERNSTROM', 'prev_value': None, 'change': True}
2026-01-24 23:46:36,625 : INFO : EventManager : Event: ======'machine_var_score8_value'====== Args={'value': 100000, 'prev_value': None, 'change': True}
2026-01-24 23:46:36,625 : INFO : EventManager : Event: ======'machine_var_score9_label'====== Args={'value': 'HIGH SCORE 8', 'prev_value': None, 'change': True}
2026-01-24 23:46:36,625 : INFO : EventManager : Event: ======'machine_var_score9_name'====== Args={'value': 'CALCULON', 'prev_value': None, 'change': True}
2026-01-24 23:46:36,625 : INFO : EventManager : Event: ======'machine_var_score9_value'====== Args={'value': 50000, 'prev_value': None, 'change': True}
2026-01-24 23:46:36,626 : INFO : EventManager : Event: ======'bcp_connection_attempt'====== Args={'name': 'local_display', 'host': 'localhost', 'port': 5050}
2026-01-24 23:46:36,628 : INFO : BCPClientSocket : Connecting BCP to 'local_display' at localhost:5050...
