2026-01-24 23:50:23,375 : INFO : root : Loading config.
2026-01-24 23:50:23,422 : INFO : ConfigProcessor : Config spec file cache created: /var/folders/ly/l2bh8tp12rj0_krp5j_296rc0000gn/T/config_spec.mpf_cache
2026-01-24 23:50:23,422 : INFO : YamlMultifileConfigLoader : Machine config file #1: config.yaml
2026-01-24 23:50:23,423 : INFO : ConfigProcessor : Loading config from file /Users/researchsrevenge/.pyenv/versions/3.11.10/lib/python3.11/site-packages/mpf/mpfconfig.yaml.
2026-01-24 23:50:23,433 : INFO : ConfigProcessor : Loading config: /Users/researchsrevenge/.pyenv/versions/3.11.10/lib/python3.11/site-packages/mpf/mpfconfig.yaml
2026-01-24 23:50:23,434 : INFO : ConfigProcessor : Loading config from file /Users/researchsrevenge/Documents/GitHub/project_template/config/config.yaml.
2026-01-24 23:50:23,453 : INFO : ConfigProcessor : Loading config: /Users/researchsrevenge/Documents/GitHub/project_template/config/config.yaml
2026-01-24 23:50:23,454 : INFO : ConfigProcessor : Config file cache created: /var/folders/ly/l2bh8tp12rj0_krp5j_296rc0000gn/T/4d61abf9eec0e7eb76c386974a54bb67.mpf_cache
2026-01-24 23:50:23,495 : INFO : ConfigProcessor : Loading config from file /Users/researchsrevenge/.pyenv/versions/3.11.10/lib/python3.11/site-packages/mpf/modes/attract/config/attract.yaml.
2026-01-24 23:50:23,496 : INFO : ConfigProcessor : Loading config: /Users/researchsrevenge/.pyenv/versions/3.11.10/lib/python3.11/site-packages/mpf/modes/attract/config/attract.yaml
2026-01-24 23:50:23,496 : INFO : ConfigProcessor : Loading config from file /Users/researchsrevenge/Documents/GitHub/project_template/modes/attract/config/attract.yaml.
2026-01-24 23:50:23,497 : INFO : ConfigProcessor : Loading config: /Users/researchsrevenge/Documents/GitHub/project_template/modes/attract/config/attract.yaml
2026-01-24 23:50:23,497 : INFO : ConfigProcessor : Config file cache created: /var/folders/ly/l2bh8tp12rj0_krp5j_296rc0000gn/T/6d1e90acf5f319cbd22f82fef030eb14.mpf_cache
2026-01-24 23:50:23,497 : INFO : ConfigProcessor : Loading config from file /Users/researchsrevenge/.pyenv/versions/3.11.10/lib/python3.11/site-packages/mpf/modes/game/config/game.yaml.
2026-01-24 23:50:23,498 : INFO : ConfigProcessor : Loading config: /Users/researchsrevenge/.pyenv/versions/3.11.10/lib/python3.11/site-packages/mpf/modes/game/config/game.yaml
2026-01-24 23:50:23,498 : INFO : ConfigProcessor : Config file cache created: /var/folders/ly/l2bh8tp12rj0_krp5j_296rc0000gn/T/d8d4f21ef5b2a6e14fc21c89de4af9a8.mpf_cache
2026-01-24 23:50:23,499 : INFO : ConfigProcessor : Loading config from file /Users/researchsrevenge/Documents/GitHub/project_template/modes/base/config/base.yaml.
2026-01-24 23:50:23,499 : INFO : ConfigProcessor : Loading config: /Users/researchsrevenge/Documents/GitHub/project_template/modes/base/config/base.yaml
2026-01-24 23:50:23,500 : INFO : ConfigProcessor : Config file cache created: /var/folders/ly/l2bh8tp12rj0_krp5j_296rc0000gn/T/b9f72fe5249dc23c22bd1fda801bf87d.mpf_cache
2026-01-24 23:50:23,500 : INFO : ConfigProcessor : Loading config from file /Users/researchsrevenge/.pyenv/versions/3.11.10/lib/python3.11/site-packages/mpf/modes/bonus/config/bonus.yaml.
2026-01-24 23:50:23,500 : INFO : ConfigProcessor : Loading config: /Users/researchsrevenge/.pyenv/versions/3.11.10/lib/python3.11/site-packages/mpf/modes/bonus/config/bonus.yaml
2026-01-24 23:50:23,501 : INFO : ConfigProcessor : Loading config from file /Users/researchsrevenge/Documents/GitHub/project_template/modes/bonus/config/bonus.yaml.
2026-01-24 23:50:23,504 : INFO : ConfigProcessor : Loading config: /Users/researchsrevenge/Documents/GitHub/project_template/modes/bonus/config/bonus.yaml
2026-01-24 23:50:23,504 : INFO : ConfigProcessor : Config file cache created: /var/folders/ly/l2bh8tp12rj0_krp5j_296rc0000gn/T/a3531928a02c87a77a668ca8e4082b9c.mpf_cache
2026-01-24 23:50:23,504 : INFO : ConfigProcessor : Loading config from file /Users/researchsrevenge/.pyenv/versions/3.11.10/lib/python3.11/site-packages/mpf/modes/high_score/config/high_score.yaml.
2026-01-24 23:50:23,507 : INFO : ConfigProcessor : Loading config: /Users/researchsrevenge/.pyenv/versions/3.11.10/lib/python3.11/site-packages/mpf/modes/high_score/config/high_score.yaml
2026-01-24 23:50:23,507 : INFO : ConfigProcessor : Loading config from file /Users/researchsrevenge/Documents/GitHub/project_template/modes/high_score/config/high_score.yaml.
2026-01-24 23:50:23,511 : INFO : ConfigProcessor : Loading config: /Users/researchsrevenge/Documents/GitHub/project_template/modes/high_score/config/high_score.yaml
2026-01-24 23:50:23,511 : INFO : ConfigProcessor : Config file cache created: /var/folders/ly/l2bh8tp12rj0_krp5j_296rc0000gn/T/c44151a24b9142f59360a8890f3582ca.mpf_cache
2026-01-24 23:50:23,512 : INFO : ConfigProcessor : Loading config from file /Users/researchsrevenge/Documents/GitHub/project_template/modes/attract/shows/./attract_loop_show.yaml.
2026-01-24 23:50:23,516 : INFO : ConfigProcessor : Loading config: /Users/researchsrevenge/Documents/GitHub/project_template/modes/attract/shows/./attract_loop_show.yaml
2026-01-24 23:50:23,516 : INFO : ConfigProcessor : Config file cache created: /var/folders/ly/l2bh8tp12rj0_krp5j_296rc0000gn/T/27669c7febd90805582f001ef68d7daf.mpf_cache
2026-01-24 23:50:23,516 : INFO : Machine : Mission Pinball Framework Core Engine v0.57.3
2026-01-24 23:50:23,516 : INFO : Machine : Command line arguments: {'no_load_cache': True, 'create_config_cache': True, 'bcp': True, 'configfile': ['config.yaml'], 'force_assets_load': False, 'platform_integration_test': False, 'jsonlogging': False, 'logfile': 'logs/2026-01-24-23-50-23-mpf-MacBook-Pro.local.log', 'pause': False, 'production': False, 'text_ui': False, 'loglevel': 15, 'consoleloglevel': 20, 'force_platform': 'smart_virtual', 'syslog_address': None, 'mc_file_name': None, 'no_sound': False}
2026-01-24 23:50:23,516 : INFO : Machine : MPF path: /Users/researchsrevenge/.pyenv/versions/3.11.10/lib/python3.11/site-packages/mpf
2026-01-24 23:50:23,516 : INFO : Machine : Machine path: /Users/researchsrevenge/Documents/GitHub/project_template
2026-01-24 23:50:23,517 : INFO : Machine : Platform: darwin
2026-01-24 23:50:23,517 : INFO : Machine : Python executable location: /Users/researchsrevenge/.pyenv/versions/3.11.10/bin/python3.11
2026-01-24 23:50:23,517 : INFO : Machine : Python version: 3.11.10 (64-bit)
2026-01-24 23:50:23,517 : INFO : Machine : Initializing MPF...
2026-01-24 23:50:23,543 : INFO : EventManager : Event: ======'machine_var_credits_string'====== Args={'value': 'FREE PLAY', 'prev_value': None, 'change': True}
2026-01-24 23:50:23,568 : INFO : EventManager : Event: ======'machine_var_master_volume'====== Args={'value': 0.8, 'prev_value': None, 'change': True}
2026-01-24 23:50:23,568 : INFO : EventManager : Event: ======'machine_var_mpf_version'====== Args={'value': 'Mission Pinball Framework v0.57.3', 'prev_value': None, 'change': True}
2026-01-24 23:50:23,568 : INFO : EventManager : Event: ======'machine_var_mpf_extended_version'====== Args={'value': 'Mission Pinball Framework v0.57.3, Config version:6, Show version: 6, BCP version:1.1', 'prev_value': None, 'change': True}
2026-01-24 23:50:23,568 : INFO : EventManager : Event: ======'machine_var_python_version'====== Args={'value': '3.11.10', 'prev_value': None, 'change': True}
2026-01-24 23:50:23,581 : INFO : EventManager : Event: ======'machine_var_platform'====== Args={'value': 'macOS-15.4.1-x86_64-i386-64bit', 'prev_value': None, 'change': True}
2026-01-24 23:50:23,582 : INFO : EventManager : Event: ======'machine_var_platform_system'====== Args={'value': 'Darwin', 'prev_value': None, 'change': True}
2026-01-24 23:50:23,582 : INFO : EventManager : Event: ======'machine_var_platform_release'====== Args={'value': '24.4.0', 'prev_value': None, 'change': True}
2026-01-24 23:50:23,582 : INFO : EventManager : Event: ======'machine_var_platform_version'====== Args={'value': 'Darwin Kernel Version 24.4.0: Fri Apr 11 18:28:23 PDT 2025; root:xnu-11417.101.15~117/RELEASE_X86_64', 'prev_value': None, 'change': True}
2026-01-24 23:50:23,582 : INFO : EventManager : Event: ======'machine_var_platform_machine'====== Args={'value': 'x86_64', 'prev_value': None, 'change': True}
2026-01-24 23:50:23,582 : INFO : EventManager : Event: ======'init_phase_1'====== Args={}
2026-01-24 23:50:23,596 : INFO : EventManager : Event: ======'init_phase_2'====== Args={}
2026-01-24 23:50:23,597 : INFO : SwitchController : Found active switch: ('A1-B1-6', <Platform.SmartVirtual>) <switch.s_trough1>
2026-01-24 23:50:23,597 : INFO : SwitchController : Found active switch: ('A0-B0-2', <Platform.SmartVirtual>) <switch.s_trough2>
2026-01-24 23:50:23,597 : INFO : SwitchController : Found active switch: ('A0-B0-0', <Platform.SmartVirtual>) <switch.s_trough3>
2026-01-24 23:50:23,599 : INFO : EventManager : Event: ======'machine_var_score1_label'====== Args={'value': 'GRAND CHAMPION', 'prev_value': None, 'change': True}
2026-01-24 23:50:23,599 : INFO : EventManager : Event: ======'machine_var_score1_name'====== Args={'value': 'ORANGEJOE', 'prev_value': None, 'change': True}
2026-01-24 23:50:23,599 : INFO : EventManager : Event: ======'machine_var_score1_value'====== Args={'value': 1000000, 'prev_value': None, 'change': True}
2026-01-24 23:50:23,599 : INFO : EventManager : Event: ======'machine_var_score2_label'====== Args={'value': 'HIGH SCORE 1', 'prev_value': None, 'change': True}
2026-01-24 23:50:23,599 : INFO : EventManager : Event: ======'machine_var_score2_name'====== Args={'value': 'MOM', 'prev_value': None, 'change': True}
2026-01-24 23:50:23,599 : INFO : EventManager : Event: ======'machine_var_score2_value'====== Args={'value': 800000, 'prev_value': None, 'change': True}
2026-01-24 23:50:23,599 : INFO : EventManager : Event: ======'machine_var_score3_label'====== Args={'value': 'HIGH SCORE 2', 'prev_value': None, 'change': True}
2026-01-24 23:50:23,599 : INFO : EventManager : Event: ======'machine_var_score3_name'====== Args={'value': 'INSPECTOR5', 'prev_value': None, 'change': True}
2026-01-24 23:50:23,599 : INFO : EventManager : Event: ======'machine_var_score3_value'====== Args={'value': 600000, 'prev_value': None, 'change': True}
2026-01-24 23:50:23,599 : INFO : EventManager : Event: ======'machine_var_score4_label'====== Args={'value': 'HIGH SCORE 3', 'prev_value': None, 'change': True}
2026-01-24 23:50:23,599 : INFO : EventManager : Event: ======'machine_var_score4_name'====== Args={'value': 'PIMPAROO', 'prev_value': None, 'change': True}
2026-01-24 23:50:23,599 : INFO : EventManager : Event: ======'machine_var_score4_value'====== Args={'value': 500000, 'prev_value': None, 'change': True}
2026-01-24 23:50:23,599 : INFO : EventManager : Event: ======'machine_var_score5_label'====== Args={'value': 'HIGH SCORE 4', 'prev_value': None, 'change': True}
2026-01-24 23:50:23,599 : INFO : EventManager : Event: ======'machine_var_score5_name'====== Args={'value': 'NIXON', 'prev_value': None, 'change': True}
2026-01-24 23:50:23,599 : INFO : EventManager : Event: ======'machine_var_score5_value'====== Args={'value': 400000, 'prev_value': None, 'change': True}
2026-01-24 23:50:23,600 : INFO : EventManager : Event: ======'machine_var_score6_label'====== Args={'value': 'HIGH SCORE 5', 'prev_value': None, 'change': True}
2026-01-24 23:50:23,600 : INFO : EventManager : Event: ======'machine_var_score6_name'====== Args={'value': 'ROBOTDEVIL', 'prev_value': None, 'change': True}
2026-01-24 23:50:23,600 : INFO : EventManager : Event: ======'machine_var_score6_value'====== Args={'value': 300000, 'prev_value': None, 'change': True}
2026-01-24 23:50:23,600 : INFO : EventManager : Event: ======'machine_var_score7_label'====== Args={'value': 'HIGH SCORE 6', 'prev_value': None, 'change': True}
2026-01-24 23:50:23,600 : INFO : EventManager : Event: ======'machine_var_score7_name'====== Args={'value': 'CUBERT', 'prev_value': None, 'change': True}
2026-01-24 23:50:23,600 : INFO : EventManager : Event: ======'machine_var_score7_value'====== Args={'value': 200000, 'prev_value': None, 'change': True}
2026-01-24 23:50:23,600 : INFO : EventManager : Event: ======'machine_var_score8_label'====== Args={'value': 'HIGH SCORE 7', 'prev_value': None, 'change': True}
2026-01-24 23:50:23,600 : INFO : EventManager : Event: ======'machine_var_score8_name'====== Args={'value': 'WERNSTROM', 'prev_value': None, 'change': True}
2026-01-24 23:50:23,600 : INFO : EventManager : Event: ======'machine_var_score8_value'====== Args={'value': 100000, 'prev_value': None, 'change': True}
2026-01-24 23:50:23,600 : INFO : EventManager : Event: ======'machine_var_score9_label'====== Args={'value': 'HIGH SCORE 8', 'prev_value': None, 'change': True}
2026-01-24 23:50:23,600 : INFO : EventManager : Event: ======'machine_var_score9_name'====== Args={'value': 'CALCULON', 'prev_value': None, 'change': True}
2026-01-24 23:50:23,600 : INFO : EventManager : Event: ======'machine_var_score9_value'====== Args={'value': 50000, 'prev_value': None, 'change': True}
2026-01-24 23:50:23,601 : INFO : EventManager : Event: ======'bcp_connection_attempt'====== Args={'name': 'local_display', 'host': 'localhost', 'port': 5050}
2026-01-24 23:50:23,603 : INFO : BCPClientSocket : Connecting BCP to 'local_display' at localhost:5050...
2026-01-24 23:50:25,034 : INFO : BCPClientSocket : Connected BCP to 'local_display' localhost:5050
2026-01-24 23:50:25,035 : INFO : EventManager : Event: ======'bcp_clients_connected'====== Args={}
2026-01-24 23:50:25,035 : INFO : ball_device.bd_trough : BCH: Initial count: 3
2026-01-24 23:50:25,036 : INFO : ball_device.bd_trough : State: idle
2026-01-24 23:50:25,036 : INFO : ball_device.bd_plunger : BCH: Initial count: 0
2026-01-24 23:50:25,036 : INFO : ball_device.bd_plunger : State: idle
2026-01-24 23:50:25,039 : INFO : EventManager : Event: ======'init_phase_3'====== Args={}
2026-01-24 23:50:25,047 : INFO : EventManager : Event: ======'init_phase_4'====== Args={}
2026-01-24 23:50:25,047 : INFO : EventManager : Event: ======'machine_var_mc_version'====== Args={'value': 'MPF-MC v0.57.0', 'prev_value': None, 'change': True}
2026-01-24 23:50:25,048 : INFO : EventManager : Event: ======'machine_var_mc_extended_version'====== Args={'value': 'MPF-MC v0.57.0 (config_version=6, BCP v1.1,                      Requires MPF API compatibility v0.57.0 or newer)', 'prev_value': None, 'change': True}
2026-01-24 23:50:25,052 : INFO : BallController : Initial balls found: 3
2026-01-24 23:50:25,052 : INFO : EventManager : Event: ======'machine_var_audits_switches_s_r_outlane'====== Args={'value': 0, 'prev_value': None, 'change': True}
2026-01-24 23:50:25,052 : INFO : EventManager : Event: ======'machine_var_audits_switches_s_trough1'====== Args={'value': 0, 'prev_value': None, 'change': True}
2026-01-24 23:50:25,053 : INFO : EventManager : Event: ======'machine_var_audits_switches_s_shooter_lane'====== Args={'value': 0, 'prev_value': None, 'change': True}
2026-01-24 23:50:25,053 : INFO : EventManager : Event: ======'machine_var_audits_switches_s_left_outlane'====== Args={'value': 0, 'prev_value': None, 'change': True}
2026-01-24 23:50:25,053 : INFO : EventManager : Event: ======'machine_var_audits_switches_s_start'====== Args={'value': 0, 'prev_value': None, 'change': True}
2026-01-24 23:50:25,053 : INFO : EventManager : Event: ======'machine_var_audits_switches_s_left_inlane'====== Args={'value': 0, 'prev_value': None, 'change': True}
2026-01-24 23:50:25,053 : INFO : EventManager : Event: ======'machine_var_audits_switches_s_left_sling'====== Args={'value': 0, 'prev_value': None, 'change': True}
2026-01-24 23:50:25,053 : INFO : EventManager : Event: ======'machine_var_audits_switches_s_pop_bumper'====== Args={'value': 0, 'prev_value': None, 'change': True}
2026-01-24 23:50:25,054 : INFO : EventManager : Event: ======'machine_var_audits_switches_s_right_inlane'====== Args={'value': 0, 'prev_value': None, 'change': True}
2026-01-24 23:50:25,054 : INFO : EventManager : Event: ======'machine_var_audits_switches_s_trough_jam'====== Args={'value': 0, 'prev_value': None, 'change': True}
2026-01-24 23:50:25,054 : INFO : EventManager : Event: ======'machine_var_audits_switches_s_right_sling'====== Args={'value': 0, 'prev_value': None, 'change': True}
2026-01-24 23:50:25,054 : INFO : EventManager : Event: ======'machine_var_audits_switches_s_right_flipper'====== Args={'value': 0, 'prev_value': None, 'change': True}
2026-01-24 23:50:25,054 : INFO : EventManager : Event: ======'machine_var_audits_switches_s_trough2'====== Args={'value': 0, 'prev_value': None, 'change': True}
2026-01-24 23:50:25,055 : INFO : EventManager : Event: ======'machine_var_audits_switches_s_trough3'====== Args={'value': 0, 'prev_value': None, 'change': True}
2026-01-24 23:50:25,055 : INFO : EventManager : Event: ======'machine_var_audits_switches_s_left_flipper'====== Args={'value': 0, 'prev_value': None, 'change': True}
2026-01-24 23:50:25,055 : INFO : EventManager : Event: ======'machine_var_audits_events_game_started'====== Args={'value': 0, 'prev_value': None, 'change': True}
2026-01-24 23:50:25,055 : INFO : EventManager : Event: ======'machine_var_audits_events_game_ended'====== Args={'value': 0, 'prev_value': None, 'change': True}
2026-01-24 23:50:25,055 : INFO : EventManager : Event: ======'machine_var_audits_player_score'====== Args={'value': {'top': [], 'average': 0, 'total': 0}, 'prev_value': None, 'change': True}
2026-01-24 23:50:25,056 : INFO : EventManager : Event: ======'init_phase_5'====== Args={}
2026-01-24 23:50:25,056 : INFO : EventManager : Event: ======'init_done'====== Args={}
2026-01-24 23:50:25,057 : INFO : EventManager : Event: ======'machine_reset_phase_1'====== Args={}
2026-01-24 23:50:25,071 : INFO : EventManager : Event: ======'slide_welcome_slide_removed'====== Args={'_from_bcp': True}
2026-01-24 23:50:25,073 : INFO : EventManager : Event: ======'slide_welcome_slide_created'====== Args={'_from_bcp': True}
2026-01-24 23:50:25,074 : INFO : EventManager : Event: ======'slide_welcome_slide_active'====== Args={'_from_bcp': True}
2026-01-24 23:50:25,074 : INFO : EventManager : Event: ======'machine_reset_phase_2'====== Args={}
2026-01-24 23:50:25,075 : INFO : EventManager : Event: ======'machine_reset_phase_3'====== Args={}
2026-01-24 23:50:25,075 : INFO : EventManager : Event: ======'reset_complete'====== Args={}
2026-01-24 23:50:25,075 : INFO : EventManager : Event: ======'mode_attract_will_start'====== Args={}
2026-01-24 23:50:25,076 : INFO : EventManager : Event: ======'mode_attract_starting'====== Args={}
2026-01-24 23:50:25,076 : INFO : Mode.attract : Started. Priority: 10
2026-01-24 23:50:25,076 : INFO : EventManager : Event: ======'modes_active_modes_changed'====== Args={}
2026-01-24 23:50:25,076 : INFO : EventManager : Event: ======'mode_attract_started'====== Args={}
2026-01-24 23:50:25,077 : INFO : EventManager : Event: ======'collecting_balls_complete'====== Args={}
2026-01-24 23:50:25,078 : INFO : Machine : Starting the main run loop with active modes: [<Mode.attract>]
2026-01-24 23:50:25,080 : INFO : EventManager : Event: ======'slide_attract_started_created'====== Args={'_from_bcp': True}
2026-01-24 23:50:25,080 : INFO : EventManager : Event: ======'slide_attract_started_active'====== Args={'_from_bcp': True}
2026-01-24 23:50:25,595 : INFO : BcpServer : New client connected.
2026-01-24 23:50:26,099 : INFO : EventManager : Event: ======'slide_show_final_scores_created'====== Args={'_from_bcp': True}
2026-01-24 23:50:26,102 : INFO : EventManager : Event: ======'slide_show_final_scores_active'====== Args={'_from_bcp': True}
2026-01-24 23:50:36,133 : INFO : EventManager : Event: ======'slide_show_high_scores_created'====== Args={'_from_bcp': True}
2026-01-24 23:50:36,142 : INFO : EventManager : Event: ======'slide_show_high_scores_active'====== Args={'_from_bcp': True}
2026-01-24 23:50:38,084 : INFO : EventManager : Event: ======'slide_show_final_scores_removed'====== Args={'_from_bcp': True}
2026-01-24 23:50:38,093 : INFO : EventManager : Event: ======'slide_show_final_scores_created'====== Args={'_from_bcp': True}
2026-01-24 23:50:38,097 : INFO : EventManager : Event: ======'slide_show_final_scores_active'====== Args={'_from_bcp': True}
2026-01-24 23:50:48,100 : INFO : EventManager : Event: ======'slide_show_high_scores_removed'====== Args={'_from_bcp': True}
2026-01-24 23:50:48,123 : INFO : EventManager : Event: ======'slide_show_high_scores_created'====== Args={'_from_bcp': True}
2026-01-24 23:50:48,134 : INFO : EventManager : Event: ======'slide_show_high_scores_active'====== Args={'_from_bcp': True}
2026-01-24 23:50:50,089 : INFO : EventManager : Event: ======'slide_show_final_scores_removed'====== Args={'_from_bcp': True}
2026-01-24 23:50:50,095 : INFO : EventManager : Event: ======'slide_show_final_scores_created'====== Args={'_from_bcp': True}
2026-01-24 23:50:50,098 : INFO : EventManager : Event: ======'slide_show_final_scores_active'====== Args={'_from_bcp': True}
2026-01-24 23:51:00,085 : INFO : EventManager : Event: ======'slide_show_high_scores_removed'====== Args={'_from_bcp': True}
2026-01-24 23:51:00,152 : INFO : EventManager : Event: ======'slide_show_high_scores_created'====== Args={'_from_bcp': True}
2026-01-24 23:51:00,164 : INFO : EventManager : Event: ======'slide_show_high_scores_active'====== Args={'_from_bcp': True}
2026-01-24 23:51:02,105 : INFO : EventManager : Event: ======'slide_show_final_scores_removed'====== Args={'_from_bcp': True}
2026-01-24 23:51:02,105 : INFO : EventManager : Event: ======'slide_show_final_scores_created'====== Args={'_from_bcp': True}
2026-01-24 23:51:02,107 : INFO : EventManager : Event: ======'slide_show_final_scores_active'====== Args={'_from_bcp': True}
2026-01-24 23:51:12,084 : INFO : EventManager : Event: ======'slide_show_high_scores_removed'====== Args={'_from_bcp': True}
2026-01-24 23:51:12,111 : INFO : EventManager : Event: ======'slide_show_high_scores_created'====== Args={'_from_bcp': True}
2026-01-24 23:51:12,119 : INFO : EventManager : Event: ======'slide_show_high_scores_active'====== Args={'_from_bcp': True}
2026-01-24 23:51:14,091 : INFO : EventManager : Event: ======'slide_show_final_scores_removed'====== Args={'_from_bcp': True}
2026-01-24 23:51:14,098 : INFO : EventManager : Event: ======'slide_show_final_scores_created'====== Args={'_from_bcp': True}
2026-01-24 23:51:14,101 : INFO : EventManager : Event: ======'slide_show_final_scores_active'====== Args={'_from_bcp': True}
2026-01-24 23:51:24,095 : INFO : EventManager : Event: ======'slide_show_high_scores_removed'====== Args={'_from_bcp': True}
2026-01-24 23:51:24,130 : INFO : EventManager : Event: ======'slide_show_high_scores_created'====== Args={'_from_bcp': True}
2026-01-24 23:51:24,140 : INFO : EventManager : Event: ======'slide_show_high_scores_active'====== Args={'_from_bcp': True}
2026-01-24 23:51:26,083 : INFO : EventManager : Event: ======'slide_show_final_scores_removed'====== Args={'_from_bcp': True}
2026-01-24 23:51:26,095 : INFO : EventManager : Event: ======'slide_show_final_scores_created'====== Args={'_from_bcp': True}
2026-01-24 23:51:26,098 : INFO : EventManager : Event: ======'slide_show_final_scores_active'====== Args={'_from_bcp': True}
2026-01-24 23:51:36,132 : INFO : EventManager : Event: ======'slide_show_high_scores_removed'====== Args={'_from_bcp': True}
2026-01-24 23:51:36,175 : INFO : EventManager : Event: ======'slide_show_high_scores_created'====== Args={'_from_bcp': True}
2026-01-24 23:51:36,188 : INFO : EventManager : Event: ======'slide_show_high_scores_active'====== Args={'_from_bcp': True}
2026-01-24 23:51:38,098 : INFO : EventManager : Event: ======'slide_show_final_scores_removed'====== Args={'_from_bcp': True}
2026-01-24 23:51:38,107 : INFO : EventManager : Event: ======'slide_show_final_scores_created'====== Args={'_from_bcp': True}
2026-01-24 23:51:38,109 : INFO : EventManager : Event: ======'slide_show_final_scores_active'====== Args={'_from_bcp': True}
2026-01-24 23:51:48,096 : INFO : EventManager : Event: ======'slide_show_high_scores_removed'====== Args={'_from_bcp': True}
2026-01-24 23:51:48,131 : INFO : EventManager : Event: ======'slide_show_high_scores_created'====== Args={'_from_bcp': True}
2026-01-24 23:51:48,140 : INFO : EventManager : Event: ======'slide_show_high_scores_active'====== Args={'_from_bcp': True}
2026-01-24 23:51:50,091 : INFO : EventManager : Event: ======'slide_show_final_scores_removed'====== Args={'_from_bcp': True}
2026-01-24 23:51:50,099 : INFO : EventManager : Event: ======'slide_show_final_scores_created'====== Args={'_from_bcp': True}
2026-01-24 23:51:50,101 : INFO : EventManager : Event: ======'slide_show_final_scores_active'====== Args={'_from_bcp': True}
2026-01-24 23:52:00,093 : INFO : EventManager : Event: ======'slide_show_high_scores_removed'====== Args={'_from_bcp': True}
2026-01-24 23:52:00,125 : INFO : EventManager : Event: ======'slide_show_high_scores_created'====== Args={'_from_bcp': True}
2026-01-24 23:52:00,135 : INFO : EventManager : Event: ======'slide_show_high_scores_active'====== Args={'_from_bcp': True}
2026-01-24 23:52:02,100 : INFO : EventManager : Event: ======'slide_show_final_scores_removed'====== Args={'_from_bcp': True}
2026-01-24 23:52:02,165 : INFO : EventManager : Event: ======'slide_show_final_scores_created'====== Args={'_from_bcp': True}
2026-01-24 23:52:02,170 : INFO : EventManager : Event: ======'slide_show_final_scores_active'====== Args={'_from_bcp': True}
2026-01-24 23:52:12,093 : INFO : EventManager : Event: ======'slide_show_high_scores_removed'====== Args={'_from_bcp': True}
2026-01-24 23:52:12,122 : INFO : EventManager : Event: ======'slide_show_high_scores_created'====== Args={'_from_bcp': True}
2026-01-24 23:52:12,133 : INFO : EventManager : Event: ======'slide_show_high_scores_active'====== Args={'_from_bcp': True}
2026-01-24 23:52:14,097 : INFO : EventManager : Event: ======'slide_show_final_scores_removed'====== Args={'_from_bcp': True}
2026-01-24 23:52:14,105 : INFO : EventManager : Event: ======'slide_show_final_scores_created'====== Args={'_from_bcp': True}
2026-01-24 23:52:14,108 : INFO : EventManager : Event: ======'slide_show_final_scores_active'====== Args={'_from_bcp': True}
2026-01-24 23:52:24,103 : INFO : EventManager : Event: ======'slide_show_high_scores_removed'====== Args={'_from_bcp': True}
2026-01-24 23:52:24,131 : INFO : EventManager : Event: ======'slide_show_high_scores_created'====== Args={'_from_bcp': True}
2026-01-24 23:52:24,141 : INFO : EventManager : Event: ======'slide_show_high_scores_active'====== Args={'_from_bcp': True}
2026-01-24 23:52:26,107 : INFO : EventManager : Event: ======'slide_show_final_scores_removed'====== Args={'_from_bcp': True}
2026-01-24 23:52:26,108 : INFO : EventManager : Event: ======'slide_show_final_scores_created'====== Args={'_from_bcp': True}
2026-01-24 23:52:26,111 : INFO : EventManager : Event: ======'slide_show_final_scores_active'====== Args={'_from_bcp': True}
2026-01-24 23:52:36,100 : INFO : EventManager : Event: ======'slide_show_high_scores_removed'====== Args={'_from_bcp': True}
2026-01-24 23:52:36,129 : INFO : EventManager : Event: ======'slide_show_high_scores_created'====== Args={'_from_bcp': True}
2026-01-24 23:52:36,139 : INFO : EventManager : Event: ======'slide_show_high_scores_active'====== Args={'_from_bcp': True}
2026-01-24 23:52:38,132 : INFO : EventManager : Event: ======'slide_show_final_scores_removed'====== Args={'_from_bcp': True}
2026-01-24 23:52:38,163 : INFO : EventManager : Event: ======'slide_show_final_scores_created'====== Args={'_from_bcp': True}
2026-01-24 23:52:38,168 : INFO : EventManager : Event: ======'slide_show_final_scores_active'====== Args={'_from_bcp': True}
2026-01-24 23:52:48,097 : INFO : EventManager : Event: ======'slide_show_high_scores_removed'====== Args={'_from_bcp': True}
2026-01-24 23:52:48,125 : INFO : EventManager : Event: ======'slide_show_high_scores_created'====== Args={'_from_bcp': True}
2026-01-24 23:52:48,134 : INFO : EventManager : Event: ======'slide_show_high_scores_active'====== Args={'_from_bcp': True}
2026-01-24 23:52:50,099 : INFO : EventManager : Event: ======'slide_show_final_scores_removed'====== Args={'_from_bcp': True}
2026-01-24 23:52:50,108 : INFO : EventManager : Event: ======'slide_show_final_scores_created'====== Args={'_from_bcp': True}
2026-01-24 23:52:50,112 : INFO : EventManager : Event: ======'slide_show_final_scores_active'====== Args={'_from_bcp': True}
2026-01-24 23:53:00,096 : INFO : EventManager : Event: ======'slide_show_high_scores_removed'====== Args={'_from_bcp': True}
2026-01-24 23:53:00,128 : INFO : EventManager : Event: ======'slide_show_high_scores_created'====== Args={'_from_bcp': True}
2026-01-24 23:53:00,138 : INFO : EventManager : Event: ======'slide_show_high_scores_active'====== Args={'_from_bcp': True}
2026-01-24 23:53:02,094 : INFO : EventManager : Event: ======'slide_show_final_scores_removed'====== Args={'_from_bcp': True}
2026-01-24 23:53:02,100 : INFO : EventManager : Event: ======'slide_show_final_scores_created'====== Args={'_from_bcp': True}
2026-01-24 23:53:02,102 : INFO : EventManager : Event: ======'slide_show_final_scores_active'====== Args={'_from_bcp': True}
2026-01-24 23:53:12,102 : INFO : EventManager : Event: ======'slide_show_high_scores_removed'====== Args={'_from_bcp': True}
2026-01-24 23:53:12,186 : INFO : EventManager : Event: ======'slide_show_high_scores_created'====== Args={'_from_bcp': True}
2026-01-24 23:53:12,199 : INFO : EventManager : Event: ======'slide_show_high_scores_active'====== Args={'_from_bcp': True}
2026-01-24 23:53:14,099 : INFO : EventManager : Event: ======'slide_show_final_scores_removed'====== Args={'_from_bcp': True}
2026-01-24 23:53:14,105 : INFO : EventManager : Event: ======'slide_show_final_scores_created'====== Args={'_from_bcp': True}
2026-01-24 23:53:14,109 : INFO : EventManager : Event: ======'slide_show_final_scores_active'====== Args={'_from_bcp': True}
2026-01-24 23:53:24,097 : INFO : EventManager : Event: ======'slide_show_high_scores_removed'====== Args={'_from_bcp': True}
2026-01-24 23:53:24,126 : INFO : EventManager : Event: ======'slide_show_high_scores_created'====== Args={'_from_bcp': True}
2026-01-24 23:53:24,136 : INFO : EventManager : Event: ======'slide_show_high_scores_active'====== Args={'_from_bcp': True}
2026-01-24 23:53:26,097 : INFO : EventManager : Event: ======'slide_show_final_scores_removed'====== Args={'_from_bcp': True}
2026-01-24 23:53:26,097 : INFO : EventManager : Event: ======'slide_show_final_scores_created'====== Args={'_from_bcp': True}
2026-01-24 23:53:26,099 : INFO : EventManager : Event: ======'slide_show_final_scores_active'====== Args={'_from_bcp': True}
2026-01-24 23:53:36,099 : INFO : EventManager : Event: ======'slide_show_high_scores_removed'====== Args={'_from_bcp': True}
2026-01-24 23:53:36,133 : INFO : EventManager : Event: ======'slide_show_high_scores_created'====== Args={'_from_bcp': True}
2026-01-24 23:53:36,142 : INFO : EventManager : Event: ======'slide_show_high_scores_active'====== Args={'_from_bcp': True}
2026-01-24 23:53:38,092 : INFO : EventManager : Event: ======'slide_show_final_scores_removed'====== Args={'_from_bcp': True}
2026-01-24 23:53:38,103 : INFO : EventManager : Event: ======'slide_show_final_scores_created'====== Args={'_from_bcp': True}
2026-01-24 23:53:38,106 : INFO : EventManager : Event: ======'slide_show_final_scores_active'====== Args={'_from_bcp': True}
2026-01-24 23:53:48,099 : INFO : EventManager : Event: ======'slide_show_high_scores_removed'====== Args={'_from_bcp': True}
2026-01-24 23:53:48,201 : INFO : EventManager : Event: ======'slide_show_high_scores_created'====== Args={'_from_bcp': True}
2026-01-24 23:53:48,215 : INFO : EventManager : Event: ======'slide_show_high_scores_active'====== Args={'_from_bcp': True}
2026-01-24 23:53:50,095 : INFO : EventManager : Event: ======'slide_show_final_scores_removed'====== Args={'_from_bcp': True}
2026-01-24 23:53:50,104 : INFO : EventManager : Event: ======'slide_show_final_scores_created'====== Args={'_from_bcp': True}
2026-01-24 23:53:50,107 : INFO : EventManager : Event: ======'slide_show_final_scores_active'====== Args={'_from_bcp': True}
2026-01-24 23:54:00,098 : INFO : EventManager : Event: ======'slide_show_high_scores_removed'====== Args={'_from_bcp': True}
2026-01-24 23:54:00,132 : INFO : EventManager : Event: ======'slide_show_high_scores_created'====== Args={'_from_bcp': True}
2026-01-24 23:54:00,141 : INFO : EventManager : Event: ======'slide_show_high_scores_active'====== Args={'_from_bcp': True}
2026-01-24 23:54:02,102 : INFO : EventManager : Event: ======'slide_show_final_scores_removed'====== Args={'_from_bcp': True}
2026-01-24 23:54:02,108 : INFO : EventManager : Event: ======'slide_show_final_scores_created'====== Args={'_from_bcp': True}
2026-01-24 23:54:02,111 : INFO : EventManager : Event: ======'slide_show_final_scores_active'====== Args={'_from_bcp': True}
2026-01-24 23:54:12,090 : INFO : EventManager : Event: ======'slide_show_high_scores_removed'====== Args={'_from_bcp': True}
2026-01-24 23:54:12,116 : INFO : EventManager : Event: ======'slide_show_high_scores_created'====== Args={'_from_bcp': True}
2026-01-24 23:54:12,126 : INFO : EventManager : Event: ======'slide_show_high_scores_active'====== Args={'_from_bcp': True}
2026-01-24 23:54:14,100 : INFO : EventManager : Event: ======'slide_show_final_scores_removed'====== Args={'_from_bcp': True}
2026-01-24 23:54:14,109 : INFO : EventManager : Event: ======'slide_show_final_scores_created'====== Args={'_from_bcp': True}
2026-01-24 23:54:14,110 : INFO : EventManager : Event: ======'slide_show_final_scores_active'====== Args={'_from_bcp': True}
2026-01-24 23:54:24,102 : INFO : EventManager : Event: ======'slide_show_high_scores_removed'====== Args={'_from_bcp': True}
2026-01-24 23:54:24,201 : INFO : EventManager : Event: ======'slide_show_high_scores_created'====== Args={'_from_bcp': True}
2026-01-24 23:54:24,214 : INFO : EventManager : Event: ======'slide_show_high_scores_active'====== Args={'_from_bcp': True}
2026-01-24 23:54:26,106 : INFO : EventManager : Event: ======'slide_show_final_scores_removed'====== Args={'_from_bcp': True}
2026-01-24 23:54:26,107 : INFO : EventManager : Event: ======'slide_show_final_scores_created'====== Args={'_from_bcp': True}
2026-01-24 23:54:26,110 : INFO : EventManager : Event: ======'slide_show_final_scores_active'====== Args={'_from_bcp': True}
2026-01-24 23:54:36,105 : INFO : EventManager : Event: ======'slide_show_high_scores_removed'====== Args={'_from_bcp': True}
2026-01-24 23:54:36,133 : INFO : EventManager : Event: ======'slide_show_high_scores_created'====== Args={'_from_bcp': True}
2026-01-24 23:54:36,144 : INFO : EventManager : Event: ======'slide_show_high_scores_active'====== Args={'_from_bcp': True}
2026-01-24 23:54:38,091 : INFO : EventManager : Event: ======'slide_show_final_scores_removed'====== Args={'_from_bcp': True}
2026-01-24 23:54:38,101 : INFO : EventManager : Event: ======'slide_show_final_scores_created'====== Args={'_from_bcp': True}
2026-01-24 23:54:38,103 : INFO : EventManager : Event: ======'slide_show_final_scores_active'====== Args={'_from_bcp': True}
