2026-01-25 00:00:24,813 : INFO : root : Loading config.
2026-01-25 00:00:24,861 : INFO : ConfigProcessor : Config spec file cache created: /var/folders/ly/l2bh8tp12rj0_krp5j_296rc0000gn/T/config_spec.mpf_cache
2026-01-25 00:00:24,861 : INFO : YamlMultifileConfigLoader : Machine config file #1: config.yaml
2026-01-25 00:00:24,861 : INFO : ConfigProcessor : Loading config from file /Users/researchsrevenge/.pyenv/versions/3.11.10/lib/python3.11/site-packages/mpf/mpfconfig.yaml.
2026-01-25 00:00:24,871 : INFO : ConfigProcessor : Loading config: /Users/researchsrevenge/.pyenv/versions/3.11.10/lib/python3.11/site-packages/mpf/mpfconfig.yaml
2026-01-25 00:00:24,871 : INFO : ConfigProcessor : Loading config from file /Users/researchsrevenge/Documents/GitHub/project_template/config/config.yaml.
2026-01-25 00:00:24,890 : INFO : ConfigProcessor : Loading config: /Users/researchsrevenge/Documents/GitHub/project_template/config/config.yaml
2026-01-25 00:00:24,891 : INFO : ConfigProcessor : Config file cache created: /var/folders/ly/l2bh8tp12rj0_krp5j_296rc0000gn/T/4d61abf9eec0e7eb76c386974a54bb67.mpf_cache
2026-01-25 00:00:24,931 : INFO : ConfigProcessor : Loading config from file /Users/researchsrevenge/.pyenv/versions/3.11.10/lib/python3.11/site-packages/mpf/modes/attract/config/attract.yaml.
2026-01-25 00:00:24,932 : INFO : ConfigProcessor : Loading config: /Users/researchsrevenge/.pyenv/versions/3.11.10/lib/python3.11/site-packages/mpf/modes/attract/config/attract.yaml
2026-01-25 00:00:24,932 : INFO : ConfigProcessor : Loading config from file /Users/researchsrevenge/Documents/GitHub/project_template/modes/attract/config/attract.yaml.
2026-01-25 00:00:24,933 : INFO : ConfigProcessor : Loading config: /Users/researchsrevenge/Documents/GitHub/project_template/modes/attract/config/attract.yaml
2026-01-25 00:00:24,933 : INFO : ConfigProcessor : Config file cache created: /var/folders/ly/l2bh8tp12rj0_krp5j_296rc0000gn/T/6d1e90acf5f319cbd22f82fef030eb14.mpf_cache
2026-01-25 00:00:24,934 : INFO : ConfigProcessor : Loading config from file /Users/researchsrevenge/.pyenv/versions/3.11.10/lib/python3.11/site-packages/mpf/modes/game/config/game.yaml.
2026-01-25 00:00:24,934 : INFO : ConfigProcessor : Loading config: /Users/researchsrevenge/.pyenv/versions/3.11.10/lib/python3.11/site-packages/mpf/modes/game/config/game.yaml
2026-01-25 00:00:24,935 : INFO : ConfigProcessor : Config file cache created: /var/folders/ly/l2bh8tp12rj0_krp5j_296rc0000gn/T/d8d4f21ef5b2a6e14fc21c89de4af9a8.mpf_cache
2026-01-25 00:00:24,935 : INFO : ConfigProcessor : Loading config from file /Users/researchsrevenge/Documents/GitHub/project_template/modes/base/config/base.yaml.
2026-01-25 00:00:24,936 : INFO : ConfigProcessor : Loading config: /Users/researchsrevenge/Documents/GitHub/project_template/modes/base/config/base.yaml
2026-01-25 00:00:24,936 : INFO : ConfigProcessor : Config file cache created: /var/folders/ly/l2bh8tp12rj0_krp5j_296rc0000gn/T/b9f72fe5249dc23c22bd1fda801bf87d.mpf_cache
2026-01-25 00:00:24,936 : INFO : ConfigProcessor : Loading config from file /Users/researchsrevenge/.pyenv/versions/3.11.10/lib/python3.11/site-packages/mpf/modes/bonus/config/bonus.yaml.
2026-01-25 00:00:24,937 : INFO : ConfigProcessor : Loading config: /Users/researchsrevenge/.pyenv/versions/3.11.10/lib/python3.11/site-packages/mpf/modes/bonus/config/bonus.yaml
2026-01-25 00:00:24,937 : INFO : ConfigProcessor : Loading config from file /Users/researchsrevenge/Documents/GitHub/project_template/modes/bonus/config/bonus.yaml.
2026-01-25 00:00:24,940 : INFO : ConfigProcessor : Loading config: /Users/researchsrevenge/Documents/GitHub/project_template/modes/bonus/config/bonus.yaml
2026-01-25 00:00:24,941 : INFO : ConfigProcessor : Config file cache created: /var/folders/ly/l2bh8tp12rj0_krp5j_296rc0000gn/T/a3531928a02c87a77a668ca8e4082b9c.mpf_cache
2026-01-25 00:00:24,941 : INFO : ConfigProcessor : Loading config from file /Users/researchsrevenge/.pyenv/versions/3.11.10/lib/python3.11/site-packages/mpf/modes/high_score/config/high_score.yaml.
2026-01-25 00:00:24,944 : INFO : ConfigProcessor : Loading config: /Users/researchsrevenge/.pyenv/versions/3.11.10/lib/python3.11/site-packages/mpf/modes/high_score/config/high_score.yaml
2026-01-25 00:00:24,944 : INFO : ConfigProcessor : Loading config from file /Users/researchsrevenge/Documents/GitHub/project_template/modes/high_score/config/high_score.yaml.
2026-01-25 00:00:24,948 : INFO : ConfigProcessor : Loading config: /Users/researchsrevenge/Documents/GitHub/project_template/modes/high_score/config/high_score.yaml
2026-01-25 00:00:24,948 : INFO : ConfigProcessor : Config file cache created: /var/folders/ly/l2bh8tp12rj0_krp5j_296rc0000gn/T/c44151a24b9142f59360a8890f3582ca.mpf_cache
2026-01-25 00:00:24,949 : INFO : ConfigProcessor : Loading config from file /Users/researchsrevenge/Documents/GitHub/project_template/modes/attract/shows/./attract_loop_show.yaml.
2026-01-25 00:00:24,953 : INFO : ConfigProcessor : Loading config: /Users/researchsrevenge/Documents/GitHub/project_template/modes/attract/shows/./attract_loop_show.yaml
2026-01-25 00:00:24,953 : INFO : ConfigProcessor : Config file cache created: /var/folders/ly/l2bh8tp12rj0_krp5j_296rc0000gn/T/27669c7febd90805582f001ef68d7daf.mpf_cache
2026-01-25 00:00:24,953 : INFO : Machine : Mission Pinball Framework Core Engine v0.57.3
2026-01-25 00:00:24,953 : INFO : Machine : Command line arguments: {'no_load_cache': True, 'create_config_cache': True, 'bcp': True, 'configfile': ['config.yaml'], 'force_assets_load': False, 'platform_integration_test': False, 'jsonlogging': False, 'logfile': 'logs/2026-01-25-00-00-24-mpf-MacBook-Pro.local.log', 'pause': False, 'production': False, 'text_ui': False, 'loglevel': 15, 'consoleloglevel': 20, 'force_platform': 'smart_virtual', 'syslog_address': None, 'mc_file_name': None, 'no_sound': False}
2026-01-25 00:00:24,953 : INFO : Machine : MPF path: /Users/researchsrevenge/.pyenv/versions/3.11.10/lib/python3.11/site-packages/mpf
2026-01-25 00:00:24,954 : INFO : Machine : Machine path: /Users/researchsrevenge/Documents/GitHub/project_template
2026-01-25 00:00:24,954 : INFO : Machine : Platform: darwin
2026-01-25 00:00:24,954 : INFO : Machine : Python executable location: /Users/researchsrevenge/.pyenv/versions/3.11.10/bin/python3.11
2026-01-25 00:00:24,954 : INFO : Machine : Python version: 3.11.10 (64-bit)
2026-01-25 00:00:24,955 : INFO : Machine : Initializing MPF...
2026-01-25 00:00:24,979 : INFO : EventManager : Event: ======'machine_var_credits_string'====== Args={'value': 'FREE PLAY', 'prev_value': None, 'change': True}
2026-01-25 00:00:25,005 : INFO : EventManager : Event: ======'machine_var_master_volume'====== Args={'value': 0.8, 'prev_value': None, 'change': True}
2026-01-25 00:00:25,006 : INFO : EventManager : Event: ======'machine_var_mpf_version'====== Args={'value': 'Mission Pinball Framework v0.57.3', 'prev_value': None, 'change': True}
2026-01-25 00:00:25,006 : INFO : EventManager : Event: ======'machine_var_mpf_extended_version'====== Args={'value': 'Mission Pinball Framework v0.57.3, Config version:6, Show version: 6, BCP version:1.1', 'prev_value': None, 'change': True}
2026-01-25 00:00:25,006 : INFO : EventManager : Event: ======'machine_var_python_version'====== Args={'value': '3.11.10', 'prev_value': None, 'change': True}
2026-01-25 00:00:25,020 : INFO : EventManager : Event: ======'machine_var_platform'====== Args={'value': 'macOS-15.4.1-x86_64-i386-64bit', 'prev_value': None, 'change': True}
2026-01-25 00:00:25,020 : INFO : EventManager : Event: ======'machine_var_platform_system'====== Args={'value': 'Darwin', 'prev_value': None, 'change': True}
2026-01-25 00:00:25,020 : INFO : EventManager : Event: ======'machine_var_platform_release'====== Args={'value': '24.4.0', 'prev_value': None, 'change': True}
2026-01-25 00:00:25,020 : INFO : EventManager : Event: ======'machine_var_platform_version'====== Args={'value': 'Darwin Kernel Version 24.4.0: Fri Apr 11 18:28:23 PDT 2025; root:xnu-11417.101.15~117/RELEASE_X86_64', 'prev_value': None, 'change': True}
2026-01-25 00:00:25,020 : INFO : EventManager : Event: ======'machine_var_platform_machine'====== Args={'value': 'x86_64', 'prev_value': None, 'change': True}
2026-01-25 00:00:25,020 : INFO : EventManager : Event: ======'init_phase_1'====== Args={}
2026-01-25 00:00:25,036 : INFO : EventManager : Event: ======'init_phase_2'====== Args={}
2026-01-25 00:00:25,036 : INFO : SwitchController : Found active switch: ('A1-B1-6', <Platform.SmartVirtual>) <switch.s_trough1>
2026-01-25 00:00:25,036 : INFO : SwitchController : Found active switch: ('A0-B0-2', <Platform.SmartVirtual>) <switch.s_trough2>
2026-01-25 00:00:25,036 : INFO : SwitchController : Found active switch: ('A0-B0-0', <Platform.SmartVirtual>) <switch.s_trough3>
2026-01-25 00:00:25,039 : INFO : EventManager : Event: ======'machine_var_score1_label'====== Args={'value': 'GRAND CHAMPION', 'prev_value': None, 'change': True}
2026-01-25 00:00:25,039 : INFO : EventManager : Event: ======'machine_var_score1_name'====== Args={'value': 'ROGERSHARP', 'prev_value': None, 'change': True}
2026-01-25 00:00:25,039 : INFO : EventManager : Event: ======'machine_var_score1_value'====== Args={'value': 1000000, 'prev_value': None, 'change': True}
2026-01-25 00:00:25,039 : INFO : EventManager : Event: ======'machine_var_score2_label'====== Args={'value': 'HIGH SCORE 1', 'prev_value': None, 'change': True}
2026-01-25 00:00:25,039 : INFO : EventManager : Event: ======'machine_var_score2_name'====== Args={'value': 'GEORGEG', 'prev_value': None, 'change': True}
2026-01-25 00:00:25,039 : INFO : EventManager : Event: ======'machine_var_score2_value'====== Args={'value': 800000, 'prev_value': None, 'change': True}
2026-01-25 00:00:25,039 : INFO : EventManager : Event: ======'machine_var_score3_label'====== Args={'value': 'HIGH SCORE 2', 'prev_value': None, 'change': True}
2026-01-25 00:00:25,039 : INFO : EventManager : Event: ======'machine_var_score3_name'====== Args={'value': 'KEITHELWIN', 'prev_value': None, 'change': True}
2026-01-25 00:00:25,039 : INFO : EventManager : Event: ======'machine_var_score3_value'====== Args={'value': 600000, 'prev_value': None, 'change': True}
2026-01-25 00:00:25,039 : INFO : EventManager : Event: ======'machine_var_score4_label'====== Args={'value': 'HIGH SCORE 3', 'prev_value': None, 'change': True}
2026-01-25 00:00:25,039 : INFO : EventManager : Event: ======'machine_var_score4_name'====== Args={'value': 'JACKDANGER', 'prev_value': None, 'change': True}
2026-01-25 00:00:25,039 : INFO : EventManager : Event: ======'machine_var_score4_value'====== Args={'value': 500000, 'prev_value': None, 'change': True}
2026-01-25 00:00:25,039 : INFO : EventManager : Event: ======'machine_var_score5_label'====== Args={'value': 'HIGH SCORE 4', 'prev_value': None, 'change': True}
2026-01-25 00:00:25,039 : INFO : EventManager : Event: ======'machine_var_score5_name'====== Args={'value': 'HWILLIAMS', 'prev_value': None, 'change': True}
2026-01-25 00:00:25,039 : INFO : EventManager : Event: ======'machine_var_score5_value'====== Args={'value': 400000, 'prev_value': None, 'change': True}
2026-01-25 00:00:25,039 : INFO : EventManager : Event: ======'machine_var_score6_label'====== Args={'value': 'HIGH SCORE 5', 'prev_value': None, 'change': True}
2026-01-25 00:00:25,039 : INFO : EventManager : Event: ======'machine_var_score6_name'====== Args={'value': 'SAMSTERN', 'prev_value': None, 'change': True}
2026-01-25 00:00:25,039 : INFO : EventManager : Event: ======'machine_var_score6_value'====== Args={'value': 300000, 'prev_value': None, 'change': True}
2026-01-25 00:00:25,039 : INFO : EventManager : Event: ======'machine_var_score7_label'====== Args={'value': 'HIGH SCORE 6', 'prev_value': None, 'change': True}
2026-01-25 00:00:25,039 : INFO : EventManager : Event: ======'machine_var_score7_name'====== Args={'value': 'SDANESI', 'prev_value': None, 'change': True}
2026-01-25 00:00:25,039 : INFO : EventManager : Event: ======'machine_var_score7_value'====== Args={'value': 200000, 'prev_value': None, 'change': True}
2026-01-25 00:00:25,039 : INFO : EventManager : Event: ======'machine_var_score8_label'====== Args={'value': 'HIGH SCORE 7', 'prev_value': None, 'change': True}
2026-01-25 00:00:25,039 : INFO : EventManager : Event: ======'machine_var_score8_name'====== Args={'value': 'SRITCHIE', 'prev_value': None, 'change': True}
2026-01-25 00:00:25,039 : INFO : EventManager : Event: ======'machine_var_score8_value'====== Args={'value': 100000, 'prev_value': None, 'change': True}
2026-01-25 00:00:25,040 : INFO : EventManager : Event: ======'machine_var_score9_label'====== Args={'value': 'HIGH SCORE 8', 'prev_value': None, 'change': True}
2026-01-25 00:00:25,040 : INFO : EventManager : Event: ======'machine_var_score9_name'====== Args={'value': '5PENNY', 'prev_value': None, 'change': True}
2026-01-25 00:00:25,040 : INFO : EventManager : Event: ======'machine_var_score9_value'====== Args={'value': 50000, 'prev_value': None, 'change': True}
2026-01-25 00:00:25,040 : INFO : EventManager : Event: ======'bcp_connection_attempt'====== Args={'name': 'local_display', 'host': 'localhost', 'port': 5050}
2026-01-25 00:00:25,042 : INFO : BCPClientSocket : Connecting BCP to 'local_display' at localhost:5050...
2026-01-25 00:00:26,473 : INFO : BCPClientSocket : Connected BCP to 'local_display' localhost:5050
2026-01-25 00:00:26,474 : INFO : EventManager : Event: ======'bcp_clients_connected'====== Args={}
2026-01-25 00:00:26,474 : INFO : ball_device.bd_trough : BCH: Initial count: 3
2026-01-25 00:00:26,475 : INFO : ball_device.bd_trough : State: idle
2026-01-25 00:00:26,475 : INFO : ball_device.bd_plunger : BCH: Initial count: 0
2026-01-25 00:00:26,475 : INFO : ball_device.bd_plunger : State: idle
2026-01-25 00:00:26,478 : INFO : EventManager : Event: ======'init_phase_3'====== Args={}
2026-01-25 00:00:26,485 : INFO : EventManager : Event: ======'init_phase_4'====== Args={}
2026-01-25 00:00:26,485 : INFO : BallController : Initial balls found: 3
2026-01-25 00:00:26,486 : INFO : EventManager : Event: ======'machine_var_audits_switches_s_start'====== Args={'value': 0, 'prev_value': None, 'change': True}
2026-01-25 00:00:26,486 : INFO : EventManager : Event: ======'machine_var_audits_switches_s_right_flipper'====== Args={'value': 0, 'prev_value': None, 'change': True}
2026-01-25 00:00:26,486 : INFO : EventManager : Event: ======'machine_var_audits_switches_s_trough3'====== Args={'value': 0, 'prev_value': None, 'change': True}
2026-01-25 00:00:26,486 : INFO : EventManager : Event: ======'machine_var_audits_switches_s_left_inlane'====== Args={'value': 0, 'prev_value': None, 'change': True}
2026-01-25 00:00:26,486 : INFO : EventManager : Event: ======'machine_var_audits_switches_s_left_flipper'====== Args={'value': 0, 'prev_value': None, 'change': True}
2026-01-25 00:00:26,486 : INFO : EventManager : Event: ======'machine_var_audits_switches_s_trough1'====== Args={'value': 0, 'prev_value': None, 'change': True}
2026-01-25 00:00:26,486 : INFO : EventManager : Event: ======'machine_var_audits_switches_s_left_sling'====== Args={'value': 0, 'prev_value': None, 'change': True}
2026-01-25 00:00:26,486 : INFO : EventManager : Event: ======'machine_var_audits_switches_s_shooter_lane'====== Args={'value': 0, 'prev_value': None, 'change': True}
2026-01-25 00:00:26,486 : INFO : EventManager : Event: ======'machine_var_audits_switches_s_trough2'====== Args={'value': 0, 'prev_value': None, 'change': True}
2026-01-25 00:00:26,486 : INFO : EventManager : Event: ======'machine_var_audits_switches_s_right_inlane'====== Args={'value': 0, 'prev_value': None, 'change': True}
2026-01-25 00:00:26,486 : INFO : EventManager : Event: ======'machine_var_audits_switches_s_left_outlane'====== Args={'value': 0, 'prev_value': None, 'change': True}
2026-01-25 00:00:26,486 : INFO : EventManager : Event: ======'machine_var_audits_switches_s_trough_jam'====== Args={'value': 0, 'prev_value': None, 'change': True}
2026-01-25 00:00:26,486 : INFO : EventManager : Event: ======'machine_var_audits_switches_s_r_outlane'====== Args={'value': 0, 'prev_value': None, 'change': True}
2026-01-25 00:00:26,486 : INFO : EventManager : Event: ======'machine_var_audits_switches_s_pop_bumper'====== Args={'value': 0, 'prev_value': None, 'change': True}
2026-01-25 00:00:26,486 : INFO : EventManager : Event: ======'machine_var_audits_switches_s_right_sling'====== Args={'value': 0, 'prev_value': None, 'change': True}
2026-01-25 00:00:26,486 : INFO : EventManager : Event: ======'machine_var_audits_events_game_started'====== Args={'value': 0, 'prev_value': None, 'change': True}
2026-01-25 00:00:26,487 : INFO : EventManager : Event: ======'machine_var_audits_events_game_ended'====== Args={'value': 0, 'prev_value': None, 'change': True}
2026-01-25 00:00:26,487 : INFO : EventManager : Event: ======'machine_var_audits_player_score'====== Args={'value': {'top': [], 'average': 0, 'total': 0}, 'prev_value': None, 'change': True}
2026-01-25 00:00:26,487 : INFO : EventManager : Event: ======'init_phase_5'====== Args={}
2026-01-25 00:00:26,488 : INFO : EventManager : Event: ======'machine_var_mc_version'====== Args={'value': 'MPF-MC v0.57.0', 'prev_value': None, 'change': True}
2026-01-25 00:00:26,488 : INFO : EventManager : Event: ======'machine_var_mc_extended_version'====== Args={'value': 'MPF-MC v0.57.0 (config_version=6, BCP v1.1,                      Requires MPF API compatibility v0.57.0 or newer)', 'prev_value': None, 'change': True}
2026-01-25 00:00:26,493 : INFO : EventManager : Event: ======'init_done'====== Args={}
2026-01-25 00:00:26,493 : INFO : EventManager : Event: ======'machine_reset_phase_1'====== Args={}
2026-01-25 00:00:26,514 : INFO : EventManager : Event: ======'slide_welcome_slide_removed'====== Args={'_from_bcp': True}
2026-01-25 00:00:26,516 : INFO : EventManager : Event: ======'slide_welcome_slide_created'====== Args={'_from_bcp': True}
2026-01-25 00:00:26,517 : INFO : EventManager : Event: ======'slide_welcome_slide_active'====== Args={'_from_bcp': True}
2026-01-25 00:00:26,517 : INFO : EventManager : Event: ======'machine_reset_phase_2'====== Args={}
2026-01-25 00:00:26,518 : INFO : EventManager : Event: ======'machine_reset_phase_3'====== Args={}
2026-01-25 00:00:26,518 : INFO : EventManager : Event: ======'reset_complete'====== Args={}
2026-01-25 00:00:26,518 : INFO : EventManager : Event: ======'mode_attract_will_start'====== Args={}
2026-01-25 00:00:26,518 : INFO : EventManager : Event: ======'mode_attract_starting'====== Args={}
2026-01-25 00:00:26,518 : INFO : Mode.attract : Started. Priority: 10
2026-01-25 00:00:26,518 : INFO : EventManager : Event: ======'modes_active_modes_changed'====== Args={}
2026-01-25 00:00:26,518 : INFO : EventManager : Event: ======'mode_attract_started'====== Args={}
2026-01-25 00:00:26,519 : INFO : EventManager : Event: ======'collecting_balls_complete'====== Args={}
2026-01-25 00:00:26,520 : INFO : Machine : Starting the main run loop with active modes: [<Mode.attract>]
2026-01-25 00:00:26,522 : INFO : EventManager : Event: ======'slide_attract_started_created'====== Args={'_from_bcp': True}
2026-01-25 00:00:26,523 : INFO : EventManager : Event: ======'slide_attract_started_active'====== Args={'_from_bcp': True}
2026-01-25 00:00:27,038 : INFO : BcpServer : New client connected.
2026-01-25 00:00:27,543 : INFO : EventManager : Event: ======'slide_show_final_scores_created'====== Args={'_from_bcp': True}
2026-01-25 00:00:27,546 : INFO : EventManager : Event: ======'slide_show_final_scores_active'====== Args={'_from_bcp': True}
2026-01-25 00:00:37,574 : INFO : EventManager : Event: ======'slide_show_high_scores_created'====== Args={'_from_bcp': True}
2026-01-25 00:00:37,585 : INFO : EventManager : Event: ======'slide_show_high_scores_active'====== Args={'_from_bcp': True}
2026-01-25 00:00:39,534 : INFO : EventManager : Event: ======'slide_show_final_scores_removed'====== Args={'_from_bcp': True}
2026-01-25 00:00:39,542 : INFO : EventManager : Event: ======'slide_show_final_scores_created'====== Args={'_from_bcp': True}
2026-01-25 00:00:39,545 : INFO : EventManager : Event: ======'slide_show_final_scores_active'====== Args={'_from_bcp': True}
2026-01-25 00:00:49,539 : INFO : EventManager : Event: ======'slide_show_high_scores_removed'====== Args={'_from_bcp': True}
2026-01-25 00:00:49,569 : INFO : EventManager : Event: ======'slide_show_high_scores_created'====== Args={'_from_bcp': True}
2026-01-25 00:00:49,579 : INFO : EventManager : Event: ======'slide_show_high_scores_active'====== Args={'_from_bcp': True}
2026-01-25 00:00:51,530 : INFO : EventManager : Event: ======'slide_show_final_scores_removed'====== Args={'_from_bcp': True}
2026-01-25 00:00:51,537 : INFO : EventManager : Event: ======'slide_show_final_scores_created'====== Args={'_from_bcp': True}
2026-01-25 00:00:51,540 : INFO : EventManager : Event: ======'slide_show_final_scores_active'====== Args={'_from_bcp': True}
2026-01-25 00:01:01,529 : INFO : EventManager : Event: ======'slide_show_high_scores_removed'====== Args={'_from_bcp': True}
2026-01-25 00:01:01,596 : INFO : EventManager : Event: ======'slide_show_high_scores_created'====== Args={'_from_bcp': True}
2026-01-25 00:01:01,606 : INFO : EventManager : Event: ======'slide_show_high_scores_active'====== Args={'_from_bcp': True}
2026-01-25 00:01:03,522 : INFO : Machine : Shutting down...
2026-01-25 00:01:03,522 : INFO : EventManager : Event: ======'shutdown'====== Args={}
2026-01-25 00:01:03,543 : INFO : root : MPF run loop ended.
