2026-01-25 00:08:21,259 : kivy : Kivy: v2.2.1
2026-01-25 00:08:21,259 : kivy : Kivy: Installed at "/Users/researchsrevenge/.pyenv/versions/3.11.10/lib/python3.11/site-packages/kivy/__init__.py"
2026-01-25 00:08:21,259 : kivy : Python: v3.11.10 (main, Dec  6 2024, 23:01:09) [Clang 16.0.0 (clang-1600.0.26.4)]
2026-01-25 00:08:21,259 : kivy : Python: Interpreter at "/Users/researchsrevenge/.pyenv/versions/3.11.10/bin/python3.11"
2026-01-25 00:08:21,275 : kivy : Factory: 190 symbols loaded
2026-01-25 00:08:21,444 : kivy : ImageLoaderFFPy: Using ffpyplayer 4.5.1
2026-01-25 00:08:21,445 : kivy : Image: Providers: img_tex, img_imageio, img_dds, img_sdl2, img_pil, img_ffpyplayer 
2026-01-25 00:08:21,643 : kivy : VideoFFPy: Using ffpyplayer 4.5.1
2026-01-25 00:08:21,643 : kivy : Video: Provider: ffpyplayer(['video_ffmpeg'] ignored)
2026-01-25 00:08:21,692 : root : Loading MPF-MC controller
2026-01-25 00:08:21,759 : ConfigProcessor : Config spec file cache created: /var/folders/ly/l2bh8tp12rj0_krp5j_296rc0000gn/T/config_spec.mpf_cache
2026-01-25 00:08:21,760 : YamlMultifileConfigLoader : Machine config file #1: config
2026-01-25 00:08:21,760 : ConfigProcessor : Loading config from file /Users/researchsrevenge/.pyenv/versions/3.11.10/lib/python3.11/site-packages/mpfmc/mcconfig.yaml.
2026-01-25 00:08:21,766 : ConfigProcessor : Loading config: /Users/researchsrevenge/.pyenv/versions/3.11.10/lib/python3.11/site-packages/mpfmc/mcconfig.yaml
2026-01-25 00:08:21,767 : ConfigProcessor : Loading config from file /Users/researchsrevenge/Documents/GitHub/pinball-project-template/config/config.
2026-01-25 00:08:21,774 : ConfigProcessor : Loading config: /Users/researchsrevenge/Documents/GitHub/pinball-project-template/config/config
2026-01-25 00:08:21,775 : ConfigProcessor : Config file cache created: /var/folders/ly/l2bh8tp12rj0_krp5j_296rc0000gn/T/532a1dff01fdbbc647400957f1768094.mpf_cache
2026-01-25 00:08:21,775 : ConfigProcessor : Loading config from file /Users/researchsrevenge/.pyenv/versions/3.11.10/lib/python3.11/site-packages/mpf/modes/attract/config/attract.yaml.
2026-01-25 00:08:21,775 : ConfigProcessor : Loading config: /Users/researchsrevenge/.pyenv/versions/3.11.10/lib/python3.11/site-packages/mpf/modes/attract/config/attract.yaml
2026-01-25 00:08:21,775 : ConfigProcessor : Loading config from file /Users/researchsrevenge/Documents/GitHub/pinball-project-template/modes/attract/config/attract.yaml.
2026-01-25 00:08:21,776 : ConfigProcessor : Loading config: /Users/researchsrevenge/Documents/GitHub/pinball-project-template/modes/attract/config/attract.yaml
2026-01-25 00:08:21,776 : ConfigProcessor : Config file cache created: /var/folders/ly/l2bh8tp12rj0_krp5j_296rc0000gn/T/25386f7e8085401ae7eb7010ca9743bb.mpf_cache
2026-01-25 00:08:21,776 : ConfigProcessor : Loading config from file /Users/researchsrevenge/.pyenv/versions/3.11.10/lib/python3.11/site-packages/mpf/modes/game/config/game.yaml.
2026-01-25 00:08:21,777 : ConfigProcessor : Loading config: /Users/researchsrevenge/.pyenv/versions/3.11.10/lib/python3.11/site-packages/mpf/modes/game/config/game.yaml
2026-01-25 00:08:21,777 : ConfigProcessor : Config file cache created: /var/folders/ly/l2bh8tp12rj0_krp5j_296rc0000gn/T/d8d4f21ef5b2a6e14fc21c89de4af9a8.mpf_cache
2026-01-25 00:08:21,777 : ConfigProcessor : Loading config from file /Users/researchsrevenge/Documents/GitHub/pinball-project-template/modes/base/config/base.yaml.
2026-01-25 00:08:21,778 : ConfigProcessor : Loading config: /Users/researchsrevenge/Documents/GitHub/pinball-project-template/modes/base/config/base.yaml
2026-01-25 00:08:21,778 : ConfigProcessor : Config file cache created: /var/folders/ly/l2bh8tp12rj0_krp5j_296rc0000gn/T/7bc1af97d7e7f3905240ce46c6b38044.mpf_cache
2026-01-25 00:08:21,778 : ConfigProcessor : Loading config from file /Users/researchsrevenge/.pyenv/versions/3.11.10/lib/python3.11/site-packages/mpf/modes/bonus/config/bonus.yaml.
2026-01-25 00:08:21,779 : ConfigProcessor : Loading config: /Users/researchsrevenge/.pyenv/versions/3.11.10/lib/python3.11/site-packages/mpf/modes/bonus/config/bonus.yaml
2026-01-25 00:08:21,779 : ConfigProcessor : Loading config from file /Users/researchsrevenge/Documents/GitHub/pinball-project-template/modes/bonus/config/bonus.yaml.
2026-01-25 00:08:21,782 : ConfigProcessor : Loading config: /Users/researchsrevenge/Documents/GitHub/pinball-project-template/modes/bonus/config/bonus.yaml
2026-01-25 00:08:21,782 : ConfigProcessor : Config file cache created: /var/folders/ly/l2bh8tp12rj0_krp5j_296rc0000gn/T/0145f08e4037de4600849b4e3005a880.mpf_cache
2026-01-25 00:08:21,782 : ConfigProcessor : Loading config from file /Users/researchsrevenge/.pyenv/versions/3.11.10/lib/python3.11/site-packages/mpf/modes/high_score/config/high_score.yaml.
2026-01-25 00:08:21,785 : ConfigProcessor : Loading config: /Users/researchsrevenge/.pyenv/versions/3.11.10/lib/python3.11/site-packages/mpf/modes/high_score/config/high_score.yaml
2026-01-25 00:08:21,785 : ConfigProcessor : Loading config from file /Users/researchsrevenge/Documents/GitHub/pinball-project-template/modes/high_score/config/high_score.yaml.
2026-01-25 00:08:21,788 : ConfigProcessor : Loading config: /Users/researchsrevenge/Documents/GitHub/pinball-project-template/modes/high_score/config/high_score.yaml
2026-01-25 00:08:21,788 : ConfigProcessor : Config file cache created: /var/folders/ly/l2bh8tp12rj0_krp5j_296rc0000gn/T/161ba4e20253ccfa35d6392c9d4e696d.mpf_cache
2026-01-25 00:08:21,788 : mpfmc : Mission Pinball Framework Media Controller (MPF-MC) v0.57.0. Requires MPF v0.57.0 or newer.
2026-01-25 00:08:21,789 : mpfmc : Found MPF v0.57.3
2026-01-25 00:08:21,789 : mpfmc : Machine path: /Users/researchsrevenge/Documents/GitHub/pinball-project-template
2026-01-25 00:08:21,789 : mpfmc : Starting clock at 60.0Hz
2026-01-25 00:08:21,803 : kivy : Text: Provider: sdl2
2026-01-25 00:08:21,825 : kivy : Window: Provider: sdl2
2026-01-25 00:08:22,080 : kivy : GL: Using the "OpenGL ES 2" graphics system
2026-01-25 00:08:22,080 : kivy : GL: Backend used <sdl2>
2026-01-25 00:08:22,080 : kivy : GL: OpenGL version <b'2.1 ATI-7.0.3'>
2026-01-25 00:08:22,080 : kivy : GL: OpenGL vendor <b'ATI Technologies Inc.'>
2026-01-25 00:08:22,080 : kivy : GL: OpenGL renderer <b'AMD Radeon Pro 5500M OpenGL Engine'>
2026-01-25 00:08:22,080 : kivy : GL: OpenGL parsed version: 2, 1
2026-01-25 00:08:22,080 : kivy : GL: Shading version <b'1.20'>
2026-01-25 00:08:22,080 : kivy : GL: Texture max size <16384>
2026-01-25 00:08:22,080 : kivy : GL: Texture max units <16>
2026-01-25 00:08:22,101 : kivy : Window: auto add sdl2 input provider
2026-01-25 00:08:22,101 : kivy : Window: virtual keyboard not allowed, single mode, not docked
2026-01-25 00:08:22,105 : AudioInterface : NOTE: You may experience noise and other undesirable sound artifacts when you set your buffer at 1024 or smaller.
2026-01-25 00:08:22,281 : AudioInterface : Initialized
2026-01-25 00:08:22,281 : AudioInterface : Loaded SDL 2.32.8
2026-01-25 00:08:22,281 : AudioInterface : Loaded SDL_Mixer 2.8.1
2026-01-25 00:08:22,281 : AudioInterface : Loaded GStreamer 1.26.4.0
2026-01-25 00:08:22,281 : AudioInterface : Loaded GLib 2.84.3
2026-01-25 00:08:22,281 : AudioInterface : Settings requested - rate: 44100, channels: 1, buffer: 1024 samples
2026-01-25 00:08:22,281 : AudioInterface : Settings in use - rate: 44100, channels: 1, buffer: 1024 samples (2048 bytes @ 2 bytes per sample)
2026-01-25 00:08:22,281 : SoundSystem : Setting master volume to 0.0
2026-01-25 00:08:22,281 : AudioInterface : Enabling audio playback
2026-01-25 00:08:22,283 : kivy : Base: Start application main loop
2026-01-25 00:08:22,284 : EventManager : Event: ======'display_window_initialized'====== Args={}
2026-01-25 00:08:22,627 : mpfmc : Display: Setting 'window' as default display
2026-01-25 00:08:22,631 : mpfmc : ASPECT RATIO MISMATCH: The on-screen window is not the same aspect ratio as the display called 'window'. The logical display will be scaled from 1920x1080 to the window size 800x600, and a black bar will make up the difference
2026-01-25 00:08:22,631 : EventManager : Event: ======'displays_initialized'====== Args={}
2026-01-25 00:08:22,632 : EventManager : Event: ======'slide_window_blank_created'====== Args={}
2026-01-25 00:08:22,632 : EventManager : Event: ======'display_window_ready'====== Args={}
2026-01-25 00:08:22,638 : EventManager : Event: ======'init_phase_1'====== Args={}
2026-01-25 00:08:22,643 : EventManager : Event: ======'mc_ready'====== Args={}
2026-01-25 00:08:22,643 : EventManager : Event: ======'init_phase_2'====== Args={}
2026-01-25 00:08:22,647 : EventManager : Event: ======'init_phase_3'====== Args={}
2026-01-25 00:08:22,649 : EventManager : Event: ======'init_phase_4'====== Args={}
2026-01-25 00:08:22,649 : EventManager : Event: ======'init_phase_5'====== Args={}
2026-01-25 00:08:22,736 : kivy : GL: NPOT texture support is available
2026-01-25 00:08:22,736 : EventManager : Event: ======'loading_assets'====== Args={'total': 6, 'loaded': 1, 'remaining': 5, 'percent': 17}
2026-01-25 00:08:22,736 : AssetManager : Loading assets: 1/6 (17%)
2026-01-25 00:08:22,752 : EventManager : Event: ======'loading_assets'====== Args={'total': 6, 'loaded': 6, 'remaining': 0, 'percent': 100}
2026-01-25 00:08:22,752 : AssetManager : Asset loading took: 0.47025585174560547
2026-01-25 00:08:22,752 : EventManager : Event: ======'asset_loading_complete'====== Args={}
2026-01-25 00:08:22,752 : AssetManager : Loading assets: 6/6 (100%)
2026-01-25 00:08:22,752 : EventManager : Event: ======'init_done'====== Args={}
2026-01-25 00:08:22,752 : MPF-MC BCP Server : Starting up on localhost port 5050
2026-01-25 00:08:22,753 : MPF-MC BCP Server : Waiting for a connection...
2026-01-25 00:08:22,758 : EventManager : Event: ======'slide_welcome_slide_created'====== Args={}
2026-01-25 00:08:22,758 : EventManager : Event: ======'slide_welcome_slide_active'====== Args={}
2026-01-25 00:08:22,761 : EventManager : Event: ======'client_disconnected'====== Args={'host': '127.0.0.1', 'port': 5050}
2026-01-25 00:08:22,782 : MPF-MC BCP Server : Received connection from: 127.0.0.1:56398
2026-01-25 00:08:22,785 : EventManager : Event: ======'client_connected'====== Args={'host': '127.0.0.1', 'port': 56398}
2026-01-25 00:08:22,798 : EventManager : Event: ======'machine_var_credits_string'====== Args={'value': 'FREE PLAY', 'prev_value': None, 'change': True}
2026-01-25 00:08:22,799 : EventManager : Event: ======'machine_var_master_volume'====== Args={'value': 0.8, 'prev_value': None, 'change': True}
2026-01-25 00:08:22,799 : EventManager : Event: ======'machine_var_mpf_version'====== Args={'value': 'Mission Pinball Framework v0.57.3', 'prev_value': None, 'change': True}
2026-01-25 00:08:22,799 : EventManager : Event: ======'machine_var_mpf_extended_version'====== Args={'value': 'Mission Pinball Framework v0.57.3, Config version:6, Show version: 6, BCP version:1.1', 'prev_value': None, 'change': True}
2026-01-25 00:08:22,800 : EventManager : Event: ======'machine_var_python_version'====== Args={'value': '3.11.10', 'prev_value': None, 'change': True}
2026-01-25 00:08:22,801 : EventManager : Event: ======'machine_var_platform'====== Args={'value': 'macOS-15.4.1-x86_64-i386-64bit', 'prev_value': None, 'change': True}
2026-01-25 00:08:22,801 : EventManager : Event: ======'machine_var_platform_system'====== Args={'value': 'Darwin', 'prev_value': None, 'change': True}
2026-01-25 00:08:22,802 : EventManager : Event: ======'machine_var_platform_release'====== Args={'value': '24.4.0', 'prev_value': None, 'change': True}
2026-01-25 00:08:22,802 : EventManager : Event: ======'machine_var_platform_version'====== Args={'value': 'Darwin Kernel Version 24.4.0: Fri Apr 11 18:28:23 PDT 2025; root:xnu-11417.101.15~117/RELEASE_X86_64', 'prev_value': None, 'change': True}
2026-01-25 00:08:22,802 : EventManager : Event: ======'machine_var_platform_machine'====== Args={'value': 'x86_64', 'prev_value': None, 'change': True}
2026-01-25 00:08:22,802 : EventManager : Event: ======'machine_var_score1_label'====== Args={'value': 'GRAND CHAMPION', 'prev_value': None, 'change': True}
2026-01-25 00:08:22,802 : EventManager : Event: ======'machine_var_score1_name'====== Args={'value': 'ROGERSHARP', 'prev_value': None, 'change': True}
2026-01-25 00:08:22,802 : EventManager : Event: ======'machine_var_score1_value'====== Args={'value': 1000000, 'prev_value': None, 'change': True}
2026-01-25 00:08:22,802 : EventManager : Event: ======'machine_var_score2_label'====== Args={'value': 'HIGH SCORE 1', 'prev_value': None, 'change': True}
2026-01-25 00:08:22,802 : EventManager : Event: ======'machine_var_score2_name'====== Args={'value': 'GEORGEG', 'prev_value': None, 'change': True}
2026-01-25 00:08:22,802 : EventManager : Event: ======'machine_var_score2_value'====== Args={'value': 800000, 'prev_value': None, 'change': True}
2026-01-25 00:08:22,802 : EventManager : Event: ======'machine_var_score3_label'====== Args={'value': 'HIGH SCORE 2', 'prev_value': None, 'change': True}
2026-01-25 00:08:22,802 : EventManager : Event: ======'machine_var_score3_name'====== Args={'value': 'KEITHELWIN', 'prev_value': None, 'change': True}
2026-01-25 00:08:22,802 : EventManager : Event: ======'machine_var_score3_value'====== Args={'value': 600000, 'prev_value': None, 'change': True}
2026-01-25 00:08:22,803 : EventManager : Event: ======'machine_var_score4_label'====== Args={'value': 'HIGH SCORE 3', 'prev_value': None, 'change': True}
2026-01-25 00:08:22,803 : EventManager : Event: ======'machine_var_score4_name'====== Args={'value': 'JACKDANGER', 'prev_value': None, 'change': True}
2026-01-25 00:08:22,803 : EventManager : Event: ======'machine_var_score4_value'====== Args={'value': 500000, 'prev_value': None, 'change': True}
2026-01-25 00:08:22,803 : EventManager : Event: ======'machine_var_score5_label'====== Args={'value': 'HIGH SCORE 4', 'prev_value': None, 'change': True}
2026-01-25 00:08:22,803 : EventManager : Event: ======'machine_var_score5_name'====== Args={'value': 'HWILLIAMS', 'prev_value': None, 'change': True}
2026-01-25 00:08:22,803 : EventManager : Event: ======'machine_var_score5_value'====== Args={'value': 400000, 'prev_value': None, 'change': True}
2026-01-25 00:08:22,803 : EventManager : Event: ======'machine_var_score6_label'====== Args={'value': 'HIGH SCORE 5', 'prev_value': None, 'change': True}
2026-01-25 00:08:22,803 : EventManager : Event: ======'machine_var_score6_name'====== Args={'value': 'SAMSTERN', 'prev_value': None, 'change': True}
2026-01-25 00:08:22,803 : EventManager : Event: ======'machine_var_score6_value'====== Args={'value': 300000, 'prev_value': None, 'change': True}
2026-01-25 00:08:22,803 : EventManager : Event: ======'machine_var_score7_label'====== Args={'value': 'HIGH SCORE 6', 'prev_value': None, 'change': True}
2026-01-25 00:08:22,804 : EventManager : Event: ======'machine_var_score7_name'====== Args={'value': 'SDANESI', 'prev_value': None, 'change': True}
2026-01-25 00:08:22,804 : EventManager : Event: ======'machine_var_score7_value'====== Args={'value': 200000, 'prev_value': None, 'change': True}
2026-01-25 00:08:22,804 : EventManager : Event: ======'machine_var_score8_label'====== Args={'value': 'HIGH SCORE 7', 'prev_value': None, 'change': True}
2026-01-25 00:08:22,804 : EventManager : Event: ======'machine_var_score8_name'====== Args={'value': 'SRITCHIE', 'prev_value': None, 'change': True}
2026-01-25 00:08:22,804 : EventManager : Event: ======'machine_var_score8_value'====== Args={'value': 100000, 'prev_value': None, 'change': True}
2026-01-25 00:08:22,804 : EventManager : Event: ======'machine_var_score9_label'====== Args={'value': 'HIGH SCORE 8', 'prev_value': None, 'change': True}
2026-01-25 00:08:22,804 : EventManager : Event: ======'machine_var_score9_name'====== Args={'value': '5PENNY', 'prev_value': None, 'change': True}
2026-01-25 00:08:22,804 : EventManager : Event: ======'machine_var_score9_value'====== Args={'value': 50000, 'prev_value': None, 'change': True}
2026-01-25 00:08:22,804 : EventManager : Event: ======'machine_var_mc_version'====== Args={'value': 'MPF-MC v0.57.0', 'prev_value': None, 'change': True}
2026-01-25 00:08:22,805 : EventManager : Event: ======'machine_var_mc_extended_version'====== Args={'value': 'MPF-MC v0.57.0 (config_version=6, BCP v1.1,                      Requires MPF API compatibility v0.57.0 or newer)', 'prev_value': None, 'change': True}
2026-01-25 00:08:22,805 : EventManager : Event: ======'machine_var_credits_string'====== Args={'value': 'FREE PLAY', 'prev_value': None, 'change': True}
2026-01-25 00:08:22,805 : EventManager : Event: ======'machine_var_master_volume'====== Args={'value': 0.8, 'prev_value': None, 'change': True}
2026-01-25 00:08:22,805 : EventManager : Event: ======'machine_var_mpf_version'====== Args={'value': 'Mission Pinball Framework v0.57.3', 'prev_value': None, 'change': True}
2026-01-25 00:08:22,805 : EventManager : Event: ======'machine_var_mpf_extended_version'====== Args={'value': 'Mission Pinball Framework v0.57.3, Config version:6, Show version: 6, BCP version:1.1', 'prev_value': None, 'change': True}
2026-01-25 00:08:22,805 : EventManager : Event: ======'machine_var_python_version'====== Args={'value': '3.11.10', 'prev_value': None, 'change': True}
2026-01-25 00:08:22,805 : EventManager : Event: ======'machine_var_platform'====== Args={'value': 'macOS-15.4.1-x86_64-i386-64bit', 'prev_value': None, 'change': True}
2026-01-25 00:08:22,805 : EventManager : Event: ======'machine_var_platform_system'====== Args={'value': 'Darwin', 'prev_value': None, 'change': True}
2026-01-25 00:08:22,806 : EventManager : Event: ======'machine_var_platform_release'====== Args={'value': '24.4.0', 'prev_value': None, 'change': True}
2026-01-25 00:08:22,806 : EventManager : Event: ======'machine_var_platform_version'====== Args={'value': 'Darwin Kernel Version 24.4.0: Fri Apr 11 18:28:23 PDT 2025; root:xnu-11417.101.15~117/RELEASE_X86_64', 'prev_value': None, 'change': True}
2026-01-25 00:08:22,806 : EventManager : Event: ======'machine_var_platform_machine'====== Args={'value': 'x86_64', 'prev_value': None, 'change': True}
2026-01-25 00:08:22,806 : EventManager : Event: ======'machine_var_score1_label'====== Args={'value': 'GRAND CHAMPION', 'prev_value': None, 'change': True}
2026-01-25 00:08:22,806 : EventManager : Event: ======'machine_var_score1_name'====== Args={'value': 'ROGERSHARP', 'prev_value': None, 'change': True}
2026-01-25 00:08:22,806 : EventManager : Event: ======'machine_var_score1_value'====== Args={'value': 1000000, 'prev_value': None, 'change': True}
2026-01-25 00:08:22,806 : EventManager : Event: ======'machine_var_score2_label'====== Args={'value': 'HIGH SCORE 1', 'prev_value': None, 'change': True}
2026-01-25 00:08:22,806 : EventManager : Event: ======'machine_var_score2_name'====== Args={'value': 'GEORGEG', 'prev_value': None, 'change': True}
2026-01-25 00:08:22,806 : EventManager : Event: ======'machine_var_score2_value'====== Args={'value': 800000, 'prev_value': None, 'change': True}
2026-01-25 00:08:22,806 : EventManager : Event: ======'machine_var_score3_label'====== Args={'value': 'HIGH SCORE 2', 'prev_value': None, 'change': True}
2026-01-25 00:08:22,806 : EventManager : Event: ======'machine_var_score3_name'====== Args={'value': 'KEITHELWIN', 'prev_value': None, 'change': True}
2026-01-25 00:08:22,806 : EventManager : Event: ======'machine_var_score3_value'====== Args={'value': 600000, 'prev_value': None, 'change': True}
2026-01-25 00:08:22,807 : EventManager : Event: ======'machine_var_score4_label'====== Args={'value': 'HIGH SCORE 3', 'prev_value': None, 'change': True}
2026-01-25 00:08:22,807 : EventManager : Event: ======'machine_var_score4_name'====== Args={'value': 'JACKDANGER', 'prev_value': None, 'change': True}
2026-01-25 00:08:22,807 : EventManager : Event: ======'machine_var_score4_value'====== Args={'value': 500000, 'prev_value': None, 'change': True}
2026-01-25 00:08:22,807 : EventManager : Event: ======'machine_var_score5_label'====== Args={'value': 'HIGH SCORE 4', 'prev_value': None, 'change': True}
2026-01-25 00:08:22,807 : EventManager : Event: ======'machine_var_score5_name'====== Args={'value': 'HWILLIAMS', 'prev_value': None, 'change': True}
2026-01-25 00:08:22,807 : EventManager : Event: ======'machine_var_score5_value'====== Args={'value': 400000, 'prev_value': None, 'change': True}
2026-01-25 00:08:22,807 : EventManager : Event: ======'machine_var_score6_label'====== Args={'value': 'HIGH SCORE 5', 'prev_value': None, 'change': True}
2026-01-25 00:08:22,807 : EventManager : Event: ======'machine_var_score6_name'====== Args={'value': 'SAMSTERN', 'prev_value': None, 'change': True}
2026-01-25 00:08:22,807 : EventManager : Event: ======'machine_var_score6_value'====== Args={'value': 300000, 'prev_value': None, 'change': True}
2026-01-25 00:08:22,807 : EventManager : Event: ======'machine_var_score7_label'====== Args={'value': 'HIGH SCORE 6', 'prev_value': None, 'change': True}
2026-01-25 00:08:22,807 : EventManager : Event: ======'machine_var_score7_name'====== Args={'value': 'SDANESI', 'prev_value': None, 'change': True}
2026-01-25 00:08:22,807 : EventManager : Event: ======'machine_var_score7_value'====== Args={'value': 200000, 'prev_value': None, 'change': True}
2026-01-25 00:08:22,807 : EventManager : Event: ======'machine_var_score8_label'====== Args={'value': 'HIGH SCORE 7', 'prev_value': None, 'change': True}
2026-01-25 00:08:22,808 : EventManager : Event: ======'machine_var_score8_name'====== Args={'value': 'SRITCHIE', 'prev_value': None, 'change': True}
2026-01-25 00:08:22,808 : EventManager : Event: ======'machine_var_score8_value'====== Args={'value': 100000, 'prev_value': None, 'change': True}
2026-01-25 00:08:22,808 : EventManager : Event: ======'machine_var_score9_label'====== Args={'value': 'HIGH SCORE 8', 'prev_value': None, 'change': True}
2026-01-25 00:08:22,808 : EventManager : Event: ======'machine_var_score9_name'====== Args={'value': '5PENNY', 'prev_value': None, 'change': True}
2026-01-25 00:08:22,808 : EventManager : Event: ======'machine_var_score9_value'====== Args={'value': 50000, 'prev_value': None, 'change': True}
2026-01-25 00:08:22,808 : EventManager : Event: ======'machine_var_mc_version'====== Args={'value': 'MPF-MC v0.57.0', 'prev_value': None, 'change': True}
2026-01-25 00:08:22,808 : EventManager : Event: ======'machine_var_mc_extended_version'====== Args={'value': 'MPF-MC v0.57.0 (config_version=6, BCP v1.1,                      Requires MPF API compatibility v0.57.0 or newer)', 'prev_value': None, 'change': True}
2026-01-25 00:08:22,808 : EventManager : Event: ======'machine_var_credits_string'====== Args={'value': 'FREE PLAY', 'prev_value': None, 'change': True}
2026-01-25 00:08:22,808 : EventManager : Event: ======'machine_var_master_volume'====== Args={'value': 0.8, 'prev_value': None, 'change': True}
2026-01-25 00:08:22,808 : EventManager : Event: ======'machine_var_mpf_version'====== Args={'value': 'Mission Pinball Framework v0.57.3', 'prev_value': None, 'change': True}
2026-01-25 00:08:22,808 : EventManager : Event: ======'machine_var_mpf_extended_version'====== Args={'value': 'Mission Pinball Framework v0.57.3, Config version:6, Show version: 6, BCP version:1.1', 'prev_value': None, 'change': True}
2026-01-25 00:08:22,808 : EventManager : Event: ======'machine_var_python_version'====== Args={'value': '3.11.10', 'prev_value': None, 'change': True}
2026-01-25 00:08:22,808 : EventManager : Event: ======'machine_var_platform'====== Args={'value': 'macOS-15.4.1-x86_64-i386-64bit', 'prev_value': None, 'change': True}
2026-01-25 00:08:22,808 : EventManager : Event: ======'machine_var_platform_system'====== Args={'value': 'Darwin', 'prev_value': None, 'change': True}
2026-01-25 00:08:22,808 : EventManager : Event: ======'machine_var_platform_release'====== Args={'value': '24.4.0', 'prev_value': None, 'change': True}
2026-01-25 00:08:22,808 : EventManager : Event: ======'machine_var_platform_version'====== Args={'value': 'Darwin Kernel Version 24.4.0: Fri Apr 11 18:28:23 PDT 2025; root:xnu-11417.101.15~117/RELEASE_X86_64', 'prev_value': None, 'change': True}
2026-01-25 00:08:22,809 : EventManager : Event: ======'machine_var_platform_machine'====== Args={'value': 'x86_64', 'prev_value': None, 'change': True}
2026-01-25 00:08:22,809 : EventManager : Event: ======'machine_var_score1_label'====== Args={'value': 'GRAND CHAMPION', 'prev_value': None, 'change': True}
2026-01-25 00:08:22,809 : EventManager : Event: ======'machine_var_score1_name'====== Args={'value': 'ROGERSHARP', 'prev_value': None, 'change': True}
2026-01-25 00:08:22,809 : EventManager : Event: ======'machine_var_score1_value'====== Args={'value': 1000000, 'prev_value': None, 'change': True}
2026-01-25 00:08:22,809 : EventManager : Event: ======'machine_var_score2_label'====== Args={'value': 'HIGH SCORE 1', 'prev_value': None, 'change': True}
2026-01-25 00:08:22,809 : EventManager : Event: ======'machine_var_score2_name'====== Args={'value': 'GEORGEG', 'prev_value': None, 'change': True}
2026-01-25 00:08:22,809 : EventManager : Event: ======'machine_var_score2_value'====== Args={'value': 800000, 'prev_value': None, 'change': True}
2026-01-25 00:08:22,809 : EventManager : Event: ======'machine_var_score3_label'====== Args={'value': 'HIGH SCORE 2', 'prev_value': None, 'change': True}
2026-01-25 00:08:22,809 : EventManager : Event: ======'machine_var_score3_name'====== Args={'value': 'KEITHELWIN', 'prev_value': None, 'change': True}
2026-01-25 00:08:22,809 : EventManager : Event: ======'machine_var_score3_value'====== Args={'value': 600000, 'prev_value': None, 'change': True}
2026-01-25 00:08:22,809 : EventManager : Event: ======'machine_var_score4_label'====== Args={'value': 'HIGH SCORE 3', 'prev_value': None, 'change': True}
2026-01-25 00:08:22,809 : EventManager : Event: ======'machine_var_score4_name'====== Args={'value': 'JACKDANGER', 'prev_value': None, 'change': True}
2026-01-25 00:08:22,809 : EventManager : Event: ======'machine_var_score4_value'====== Args={'value': 500000, 'prev_value': None, 'change': True}
2026-01-25 00:08:22,809 : EventManager : Event: ======'machine_var_score5_label'====== Args={'value': 'HIGH SCORE 4', 'prev_value': None, 'change': True}
2026-01-25 00:08:22,809 : EventManager : Event: ======'machine_var_score5_name'====== Args={'value': 'HWILLIAMS', 'prev_value': None, 'change': True}
2026-01-25 00:08:22,810 : EventManager : Event: ======'machine_var_score5_value'====== Args={'value': 400000, 'prev_value': None, 'change': True}
2026-01-25 00:08:22,810 : EventManager : Event: ======'machine_var_score6_label'====== Args={'value': 'HIGH SCORE 5', 'prev_value': None, 'change': True}
2026-01-25 00:08:22,810 : EventManager : Event: ======'machine_var_score6_name'====== Args={'value': 'SAMSTERN', 'prev_value': None, 'change': True}
2026-01-25 00:08:22,810 : EventManager : Event: ======'machine_var_score6_value'====== Args={'value': 300000, 'prev_value': None, 'change': True}
2026-01-25 00:08:22,810 : EventManager : Event: ======'machine_var_score7_label'====== Args={'value': 'HIGH SCORE 6', 'prev_value': None, 'change': True}
2026-01-25 00:08:22,810 : EventManager : Event: ======'machine_var_score7_name'====== Args={'value': 'SDANESI', 'prev_value': None, 'change': True}
2026-01-25 00:08:22,810 : EventManager : Event: ======'machine_var_score7_value'====== Args={'value': 200000, 'prev_value': None, 'change': True}
2026-01-25 00:08:22,810 : EventManager : Event: ======'machine_var_score8_label'====== Args={'value': 'HIGH SCORE 7', 'prev_value': None, 'change': True}
2026-01-25 00:08:22,810 : EventManager : Event: ======'machine_var_score8_name'====== Args={'value': 'SRITCHIE', 'prev_value': None, 'change': True}
2026-01-25 00:08:22,810 : EventManager : Event: ======'machine_var_score8_value'====== Args={'value': 100000, 'prev_value': None, 'change': True}
2026-01-25 00:08:22,810 : EventManager : Event: ======'machine_var_score9_label'====== Args={'value': 'HIGH SCORE 8', 'prev_value': None, 'change': True}
2026-01-25 00:08:22,810 : EventManager : Event: ======'machine_var_score9_name'====== Args={'value': '5PENNY', 'prev_value': None, 'change': True}
2026-01-25 00:08:22,810 : EventManager : Event: ======'machine_var_score9_value'====== Args={'value': 50000, 'prev_value': None, 'change': True}
2026-01-25 00:08:22,810 : EventManager : Event: ======'machine_var_mc_version'====== Args={'value': 'MPF-MC v0.57.0', 'prev_value': None, 'change': True}
2026-01-25 00:08:22,810 : EventManager : Event: ======'machine_var_mc_extended_version'====== Args={'value': 'MPF-MC v0.57.0 (config_version=6, BCP v1.1,                      Requires MPF API compatibility v0.57.0 or newer)', 'prev_value': None, 'change': True}
2026-01-25 00:08:22,811 : EventManager : Event: ======'machine_var_credits_string'====== Args={'value': 'FREE PLAY', 'prev_value': None, 'change': True}
2026-01-25 00:08:22,811 : EventManager : Event: ======'machine_var_master_volume'====== Args={'value': 0.8, 'prev_value': None, 'change': True}
2026-01-25 00:08:22,811 : EventManager : Event: ======'machine_var_mpf_version'====== Args={'value': 'Mission Pinball Framework v0.57.3', 'prev_value': None, 'change': True}
2026-01-25 00:08:22,811 : EventManager : Event: ======'machine_var_mpf_extended_version'====== Args={'value': 'Mission Pinball Framework v0.57.3, Config version:6, Show version: 6, BCP version:1.1', 'prev_value': None, 'change': True}
2026-01-25 00:08:22,811 : EventManager : Event: ======'machine_var_python_version'====== Args={'value': '3.11.10', 'prev_value': None, 'change': True}
2026-01-25 00:08:22,811 : EventManager : Event: ======'machine_var_platform'====== Args={'value': 'macOS-15.4.1-x86_64-i386-64bit', 'prev_value': None, 'change': True}
2026-01-25 00:08:22,811 : EventManager : Event: ======'machine_var_platform_system'====== Args={'value': 'Darwin', 'prev_value': None, 'change': True}
2026-01-25 00:08:22,811 : EventManager : Event: ======'machine_var_platform_release'====== Args={'value': '24.4.0', 'prev_value': None, 'change': True}
2026-01-25 00:08:22,811 : EventManager : Event: ======'machine_var_platform_version'====== Args={'value': 'Darwin Kernel Version 24.4.0: Fri Apr 11 18:28:23 PDT 2025; root:xnu-11417.101.15~117/RELEASE_X86_64', 'prev_value': None, 'change': True}
2026-01-25 00:08:22,811 : EventManager : Event: ======'machine_var_platform_machine'====== Args={'value': 'x86_64', 'prev_value': None, 'change': True}
2026-01-25 00:08:22,811 : EventManager : Event: ======'machine_var_score1_label'====== Args={'value': 'GRAND CHAMPION', 'prev_value': None, 'change': True}
2026-01-25 00:08:22,811 : EventManager : Event: ======'machine_var_score1_name'====== Args={'value': 'ROGERSHARP', 'prev_value': None, 'change': True}
2026-01-25 00:08:22,811 : EventManager : Event: ======'machine_var_score1_value'====== Args={'value': 1000000, 'prev_value': None, 'change': True}
2026-01-25 00:08:22,811 : EventManager : Event: ======'machine_var_score2_label'====== Args={'value': 'HIGH SCORE 1', 'prev_value': None, 'change': True}
2026-01-25 00:08:22,811 : EventManager : Event: ======'machine_var_score2_name'====== Args={'value': 'GEORGEG', 'prev_value': None, 'change': True}
2026-01-25 00:08:22,812 : EventManager : Event: ======'machine_var_score2_value'====== Args={'value': 800000, 'prev_value': None, 'change': True}
2026-01-25 00:08:22,812 : EventManager : Event: ======'machine_var_score3_label'====== Args={'value': 'HIGH SCORE 2', 'prev_value': None, 'change': True}
2026-01-25 00:08:22,812 : EventManager : Event: ======'machine_var_score3_name'====== Args={'value': 'KEITHELWIN', 'prev_value': None, 'change': True}
2026-01-25 00:08:22,812 : EventManager : Event: ======'machine_var_score3_value'====== Args={'value': 600000, 'prev_value': None, 'change': True}
2026-01-25 00:08:22,812 : EventManager : Event: ======'machine_var_score4_label'====== Args={'value': 'HIGH SCORE 3', 'prev_value': None, 'change': True}
2026-01-25 00:08:22,812 : EventManager : Event: ======'machine_var_score4_name'====== Args={'value': 'JACKDANGER', 'prev_value': None, 'change': True}
2026-01-25 00:08:22,812 : EventManager : Event: ======'machine_var_score4_value'====== Args={'value': 500000, 'prev_value': None, 'change': True}
2026-01-25 00:08:22,812 : EventManager : Event: ======'machine_var_score5_label'====== Args={'value': 'HIGH SCORE 4', 'prev_value': None, 'change': True}
2026-01-25 00:08:22,812 : EventManager : Event: ======'machine_var_score5_name'====== Args={'value': 'HWILLIAMS', 'prev_value': None, 'change': True}
2026-01-25 00:08:22,812 : EventManager : Event: ======'machine_var_score5_value'====== Args={'value': 400000, 'prev_value': None, 'change': True}
2026-01-25 00:08:22,812 : EventManager : Event: ======'machine_var_score6_label'====== Args={'value': 'HIGH SCORE 5', 'prev_value': None, 'change': True}
2026-01-25 00:08:22,812 : EventManager : Event: ======'machine_var_score6_name'====== Args={'value': 'SAMSTERN', 'prev_value': None, 'change': True}
2026-01-25 00:08:22,812 : EventManager : Event: ======'machine_var_score6_value'====== Args={'value': 300000, 'prev_value': None, 'change': True}
2026-01-25 00:08:22,812 : EventManager : Event: ======'machine_var_score7_label'====== Args={'value': 'HIGH SCORE 6', 'prev_value': None, 'change': True}
2026-01-25 00:08:22,812 : EventManager : Event: ======'machine_var_score7_name'====== Args={'value': 'SDANESI', 'prev_value': None, 'change': True}
2026-01-25 00:08:22,812 : EventManager : Event: ======'machine_var_score7_value'====== Args={'value': 200000, 'prev_value': None, 'change': True}
2026-01-25 00:08:22,813 : EventManager : Event: ======'machine_var_score8_label'====== Args={'value': 'HIGH SCORE 7', 'prev_value': None, 'change': True}
2026-01-25 00:08:22,813 : EventManager : Event: ======'machine_var_score8_name'====== Args={'value': 'SRITCHIE', 'prev_value': None, 'change': True}
2026-01-25 00:08:22,813 : EventManager : Event: ======'machine_var_score8_value'====== Args={'value': 100000, 'prev_value': None, 'change': True}
2026-01-25 00:08:22,813 : EventManager : Event: ======'machine_var_score9_label'====== Args={'value': 'HIGH SCORE 8', 'prev_value': None, 'change': True}
2026-01-25 00:08:22,813 : EventManager : Event: ======'machine_var_score9_name'====== Args={'value': '5PENNY', 'prev_value': None, 'change': True}
2026-01-25 00:08:22,813 : EventManager : Event: ======'machine_var_score9_value'====== Args={'value': 50000, 'prev_value': None, 'change': True}
2026-01-25 00:08:22,813 : EventManager : Event: ======'machine_var_mc_version'====== Args={'value': 'MPF-MC v0.57.0', 'prev_value': None, 'change': True}
2026-01-25 00:08:22,813 : EventManager : Event: ======'machine_var_mc_extended_version'====== Args={'value': 'MPF-MC v0.57.0 (config_version=6, BCP v1.1,                      Requires MPF API compatibility v0.57.0 or newer)', 'prev_value': None, 'change': True}
2026-01-25 00:08:22,813 : EventManager : Event: ======'machine_var_audits_switches_s_shooter_lane'====== Args={'value': 0, 'prev_value': None, 'change': True}
2026-01-25 00:08:22,813 : EventManager : Event: ======'machine_var_audits_switches_s_right_inlane'====== Args={'value': 0, 'prev_value': None, 'change': True}
2026-01-25 00:08:22,813 : EventManager : Event: ======'machine_var_audits_switches_s_trough2'====== Args={'value': 0, 'prev_value': None, 'change': True}
2026-01-25 00:08:22,813 : EventManager : Event: ======'machine_var_audits_switches_s_right_sling'====== Args={'value': 0, 'prev_value': None, 'change': True}
2026-01-25 00:08:22,813 : EventManager : Event: ======'machine_var_audits_switches_s_trough_jam'====== Args={'value': 0, 'prev_value': None, 'change': True}
2026-01-25 00:08:22,813 : EventManager : Event: ======'machine_var_audits_switches_s_r_outlane'====== Args={'value': 0, 'prev_value': None, 'change': True}
2026-01-25 00:08:22,813 : EventManager : Event: ======'machine_var_audits_switches_s_left_sling'====== Args={'value': 0, 'prev_value': None, 'change': True}
2026-01-25 00:08:22,813 : EventManager : Event: ======'machine_var_audits_switches_s_left_outlane'====== Args={'value': 0, 'prev_value': None, 'change': True}
2026-01-25 00:08:22,814 : EventManager : Event: ======'machine_var_audits_switches_s_left_flipper'====== Args={'value': 0, 'prev_value': None, 'change': True}
2026-01-25 00:08:22,814 : EventManager : Event: ======'machine_var_audits_switches_s_left_inlane'====== Args={'value': 0, 'prev_value': None, 'change': True}
2026-01-25 00:08:22,814 : EventManager : Event: ======'machine_var_audits_switches_s_right_flipper'====== Args={'value': 0, 'prev_value': None, 'change': True}
2026-01-25 00:08:22,814 : EventManager : Event: ======'machine_var_audits_switches_s_trough1'====== Args={'value': 0, 'prev_value': None, 'change': True}
2026-01-25 00:08:22,814 : EventManager : Event: ======'machine_var_audits_switches_s_pop_bumper'====== Args={'value': 0, 'prev_value': None, 'change': True}
2026-01-25 00:08:22,814 : EventManager : Event: ======'machine_var_audits_switches_s_start'====== Args={'value': 0, 'prev_value': None, 'change': True}
2026-01-25 00:08:22,814 : EventManager : Event: ======'machine_var_audits_switches_s_trough3'====== Args={'value': 0, 'prev_value': None, 'change': True}
2026-01-25 00:08:22,814 : EventManager : Event: ======'machine_var_audits_events_game_started'====== Args={'value': 0, 'prev_value': None, 'change': True}
2026-01-25 00:08:22,814 : EventManager : Event: ======'machine_var_audits_events_game_ended'====== Args={'value': 0, 'prev_value': None, 'change': True}
2026-01-25 00:08:22,814 : EventManager : Event: ======'machine_var_audits_player_score'====== Args={'value': {'top': [], 'average': 0, 'total': 0}, 'prev_value': None, 'change': True}
2026-01-25 00:08:22,814 : EventManager : Event: ======'slides_play'====== Args={'settings': {'welcome_slide': {'target': None, 'background_color': [0.0, 0.0, 0.0, 1.0], 'priority': None, 'show': True, 'force': False, 'expire': None, 'slide': None, 'tokens': {}, 'action': 'play'}}, 'context': '_global', 'calling_context': 'init_done', 'priority': 0}
2026-01-25 00:08:22,814 : EventManager : Event: ======'mc_reset_phase_1'====== Args={}
2026-01-25 00:08:22,814 : SoundSystem : Setting master volume to 0.8
2026-01-25 00:08:22,814 : SoundSystem : Setting master volume to 0.8
2026-01-25 00:08:22,815 : SoundSystem : Setting master volume to 0.8
2026-01-25 00:08:22,815 : SoundSystem : Setting master volume to 0.8
2026-01-25 00:08:22,815 : EventManager : Event: ======'slide_welcome_slide_removed'====== Args={}
2026-01-25 00:08:22,817 : EventManager : Event: ======'slide_welcome_slide_created'====== Args={}
2026-01-25 00:08:22,818 : EventManager : Event: ======'mc_reset_phase_2'====== Args={}
2026-01-25 00:08:22,818 : EventManager : Event: ======'mc_reset_phase_3'====== Args={}
2026-01-25 00:08:22,818 : EventManager : Event: ======'mc_reset_complete'====== Args={}
2026-01-25 00:08:22,818 : EventManager : Event: ======'slide_welcome_slide_active'====== Args={}
2026-01-25 00:08:22,837 : EventManager : Event: ======'slides_play'====== Args={'settings': {'attract_started': {'target': None, 'background_color': [0.0, 0.0, 0.0, 1.0], 'priority': None, 'show': True, 'force': False, 'expire': None, 'slide': None, 'tokens': {}, 'action': 'play'}}, 'context': '_global', 'calling_context': 'mode_attract_started', 'priority': 0}
2026-01-25 00:08:22,839 : EventManager : Event: ======'slide_attract_started_created'====== Args={}
2026-01-25 00:08:22,840 : EventManager : Event: ======'slide_attract_started_active'====== Args={}
2026-01-25 00:08:23,824 : EventManager : Event: ======'slides_play'====== Args={'settings': {'show_final_scores': {'widgets': [{'type': 'Text', 'text': 'FINAL SCORES', 'font_size': 80, 'bold': True, 'anchor_x': 'center', 'anchor_y': 'center', 'x': 'center', 'y': 'top-100', '_default_settings': ['type', 'text', 'font_size', 'bold', 'anchor_x', 'anchor_y', 'x', 'y'], 'round_anchor_x': None, 'round_anchor_y': None, 'opacity': 1.0, 'z': 0, 'reset_animations_events': {}, 'color': [1.0, 1.0, 1.0, 1.0], 'style': [], 'adjust_top': 0, 'adjust_bottom': 0, 'adjust_left': 0, 'adjust_right': 0, 'expire': None, 'key': None, 'widget': None, 'events_when_added': [], 'events_when_removed': [], 'bitmap_font': False, 'font_kerning': True, 'italic': False, 'number_grouping': False, 'min_digits': 0, 'halign': 'center', 'valign': 'middle', 'rotation': 0, 'scale': 1.0, 'casing': None, 'outline_color': [1.0, 1.0, 1.0, 1.0], 'outline_width': 0, 'animations': None}, {'type': 'Text', 'text': 'PLAYER 1', 'style': ['attract_mode_final_score_display_player_number'], 'y': 'top-250', '_default_settings': ['type', 'text', 'style', 'y'], 'x': None, 'anchor_x': 'center', 'anchor_y': 'center', 'round_anchor_x': None, 'round_anchor_y': None, 'opacity': 1.0, 'z': 0, 'reset_animations_events': {}, 'color': [1.0, 1.0, 1.0, 1.0], 'adjust_top': 0, 'adjust_bottom': 0, 'adjust_left': 0, 'adjust_right': 0, 'expire': None, 'key': None, 'widget': None, 'events_when_added': [], 'events_when_removed': [], 'font_size': 15, 'bitmap_font': False, 'font_kerning': True, 'bold': False, 'italic': False, 'number_grouping': False, 'min_digits': 0, 'halign': 'center', 'valign': 'middle', 'rotation': 0, 'scale': 1.0, 'casing': None, 'outline_color': [1.0, 1.0, 1.0, 1.0], 'outline_width': 0, 'animations': None}, {'type': 'Text', 'text': 'PLAYER 2', 'style': ['attract_mode_final_score_display_player_number'], 'y': 'top-320', '_default_settings': ['type', 'text', 'style', 'y'], 'x': None, 'anchor_x': 'center', 'anchor_y': 'center', 'round_anchor_x': None, 'round_anchor_y': None, 'opacity': 1.0, 'z': 0, 'reset_animations_events': {}, 'color': [1.0, 1.0, 1.0, 1.0], 'adjust_top': 0, 'adjust_bottom': 0, 'adjust_left': 0, 'adjust_right': 0, 'expire': None, 'key': None, 'widget': None, 'events_when_added': [], 'events_when_removed': [], 'font_size': 15, 'bitmap_font': False, 'font_kerning': True, 'bold': False, 'italic': False, 'number_grouping': False, 'min_digits': 0, 'halign': 'center', 'valign': 'middle', 'rotation': 0, 'scale': 1.0, 'casing': None, 'outline_color': [1.0, 1.0, 1.0, 1.0], 'outline_width': 0, 'animations': None}, {'type': 'Text', 'text': 'PLAYER 3', 'style': ['attract_mode_final_score_display_player_number'], 'y': 'top-390', '_default_settings': ['type', 'text', 'style', 'y'], 'x': None, 'anchor_x': 'center', 'anchor_y': 'center', 'round_anchor_x': None, 'round_anchor_y': None, 'opacity': 1.0, 'z': 0, 'reset_animations_events': {}, 'color': [1.0, 1.0, 1.0, 1.0], 'adjust_top': 0, 'adjust_bottom': 0, 'adjust_left': 0, 'adjust_right': 0, 'expire': None, 'key': None, 'widget': None, 'events_when_added': [], 'events_when_removed': [], 'font_size': 15, 'bitmap_font': False, 'font_kerning': True, 'bold': False, 'italic': False, 'number_grouping': False, 'min_digits': 0, 'halign': 'center', 'valign': 'middle', 'rotation': 0, 'scale': 1.0, 'casing': None, 'outline_color': [1.0, 1.0, 1.0, 1.0], 'outline_width': 0, 'animations': None}, {'type': 'Text', 'text': 'PLAYER 4', 'style': ['attract_mode_final_score_display_player_number'], 'y': 'top-460', '_default_settings': ['type', 'text', 'style', 'y'], 'x': None, 'anchor_x': 'center', 'anchor_y': 'center', 'round_anchor_x': None, 'round_anchor_y': None, 'opacity': 1.0, 'z': 0, 'reset_animations_events': {}, 'color': [1.0, 1.0, 1.0, 1.0], 'adjust_top': 0, 'adjust_bottom': 0, 'adjust_left': 0, 'adjust_right': 0, 'expire': None, 'key': None, 'widget': None, 'events_when_added': [], 'events_when_removed': [], 'font_size': 15, 'bitmap_font': False, 'font_kerning': True, 'bold': False, 'italic': False, 'number_grouping': False, 'min_digits': 0, 'halign': 'center', 'valign': 'middle', 'rotation': 0, 'scale': 1.0, 'casing': None, 'outline_color': [1.0, 1.0, 1.0, 1.0], 'outline_width': 0, 'animations': None}, {'type': 'Text', 'text': '(machine|player1_score)', 'style': ['attract_mode_final_score_display_score'], 'y': 'top-250', '_default_settings': ['type', 'text', 'style', 'y'], 'x': None, 'anchor_x': 'center', 'anchor_y': 'center', 'round_anchor_x': None, 'round_anchor_y': None, 'opacity': 1.0, 'z': 0, 'reset_animations_events': {}, 'color': [1.0, 1.0, 1.0, 1.0], 'adjust_top': 0, 'adjust_bottom': 0, 'adjust_left': 0, 'adjust_right': 0, 'expire': None, 'key': None, 'widget': None, 'events_when_added': [], 'events_when_removed': [], 'font_size': 15, 'bitmap_font': False, 'font_kerning': True, 'bold': False, 'italic': False, 'number_grouping': False, 'min_digits': 0, 'halign': 'center', 'valign': 'middle', 'rotation': 0, 'scale': 1.0, 'casing': None, 'outline_color': [1.0, 1.0, 1.0, 1.0], 'outline_width': 0, 'animations': None}, {'type': 'Text', 'text': '(machine|player2_score)', 'style': ['attract_mode_final_score_display_score'], 'y': 'top-320', '_default_settings': ['type', 'text', 'style', 'y'], 'x': None, 'anchor_x': 'center', 'anchor_y': 'center', 'round_anchor_x': None, 'round_anchor_y': None, 'opacity': 1.0, 'z': 0, 'reset_animations_events': {}, 'color': [1.0, 1.0, 1.0, 1.0], 'adjust_top': 0, 'adjust_bottom': 0, 'adjust_left': 0, 'adjust_right': 0, 'expire': None, 'key': None, 'widget': None, 'events_when_added': [], 'events_when_removed': [], 'font_size': 15, 'bitmap_font': False, 'font_kerning': True, 'bold': False, 'italic': False, 'number_grouping': False, 'min_digits': 0, 'halign': 'center', 'valign': 'middle', 'rotation': 0, 'scale': 1.0, 'casing': None, 'outline_color': [1.0, 1.0, 1.0, 1.0], 'outline_width': 0, 'animations': None}, {'type': 'Text', 'text': '(machine|player3_score)', 'style': ['attract_mode_final_score_display_score'], 'y': 'top-390', '_default_settings': ['type', 'text', 'style', 'y'], 'x': None, 'anchor_x': 'center', 'anchor_y': 'center', 'round_anchor_x': None, 'round_anchor_y': None, 'opacity': 1.0, 'z': 0, 'reset_animations_events': {}, 'color': [1.0, 1.0, 1.0, 1.0], 'adjust_top': 0, 'adjust_bottom': 0, 'adjust_left': 0, 'adjust_right': 0, 'expire': None, 'key': None, 'widget': None, 'events_when_added': [], 'events_when_removed': [], 'font_size': 15, 'bitmap_font': False, 'font_kerning': True, 'bold': False, 'italic': False, 'number_grouping': False, 'min_digits': 0, 'halign': 'center', 'valign': 'middle', 'rotation': 0, 'scale': 1.0, 'casing': None, 'outline_color': [1.0, 1.0, 1.0, 1.0], 'outline_width': 0, 'animations': None}, {'type': 'Text', 'text': '(machine|player4_score)', 'style': ['attract_mode_final_score_display_score'], 'y': 'top-460', '_default_settings': ['type', 'text', 'style', 'y'], 'x': None, 'anchor_x': 'center', 'anchor_y': 'center', 'round_anchor_x': None, 'round_anchor_y': None, 'opacity': 1.0, 'z': 0, 'reset_animations_events': {}, 'color': [1.0, 1.0, 1.0, 1.0], 'adjust_top': 0, 'adjust_bottom': 0, 'adjust_left': 0, 'adjust_right': 0, 'expire': None, 'key': None, 'widget': None, 'events_when_added': [], 'events_when_removed': [], 'font_size': 15, 'bitmap_font': False, 'font_kerning': True, 'bold': False, 'italic': False, 'number_grouping': False, 'min_digits': 0, 'halign': 'center', 'valign': 'middle', 'rotation': 0, 'scale': 1.0, 'casing': None, 'outline_color': [1.0, 1.0, 1.0, 1.0], 'outline_width': 0, 'animations': None}], 'target': None, 'background_color': [0.0, 0.0, 0.0, 1.0], 'priority': None, 'show': True, 'force': False, 'expire': None, 'slide': None, 'tokens': {}, 'action': 'play'}}, 'context': 'show_1', 'calling_context': 1, 'priority': 310, 'show_tokens': {}, 'start_time': 124867.248604737}
2026-01-25 00:08:23,837 : EventManager : Event: ======'slide_show_final_scores_created'====== Args={}
2026-01-25 00:08:23,837 : EventManager : Unordered handler for class <Text Widget text=> on event machine_var_player4_score with priority 1. Handlers: [RegisteredHandler(callback=<bound method Text._machine_var_change of <Text Widget text=>>, priority=1, kwargs={}, key=UUID('09b0f641-4c6a-4e7e-9c7b-49bcd10ae853'), condition=None, blocking_facility=None), RegisteredHandler(callback=<bound method Text._machine_var_change of <Text Widget text=>>, priority=1, kwargs={}, key=UUID('8277b433-2a86-435c-aa7d-8787d19b4418'), condition=None, blocking_facility=None)]. The order of those handlers is not defined and they will be executed in random order. This might lead to race conditions and potential bugs.
2026-01-25 00:08:23,837 : EventManager : Unordered handler for class <Text Widget text=> on event machine_var_player3_score with priority 1. Handlers: [RegisteredHandler(callback=<bound method Text._machine_var_change of <Text Widget text=>>, priority=1, kwargs={}, key=UUID('4a606516-63f4-44c1-8ff4-bf42aff95b11'), condition=None, blocking_facility=None), RegisteredHandler(callback=<bound method Text._machine_var_change of <Text Widget text=>>, priority=1, kwargs={}, key=UUID('de9039ac-21fb-49a8-811e-6fe92c862351'), condition=None, blocking_facility=None)]. The order of those handlers is not defined and they will be executed in random order. This might lead to race conditions and potential bugs.
2026-01-25 00:08:23,838 : EventManager : Unordered handler for class <Text Widget text=> on event machine_var_player2_score with priority 1. Handlers: [RegisteredHandler(callback=<bound method Text._machine_var_change of <Text Widget text=>>, priority=1, kwargs={}, key=UUID('5560a5ab-3b01-4d5a-9fda-84902fe12c43'), condition=None, blocking_facility=None), RegisteredHandler(callback=<bound method Text._machine_var_change of <Text Widget text=>>, priority=1, kwargs={}, key=UUID('93dfcdf0-6567-419f-bcb5-03bc3a884296'), condition=None, blocking_facility=None)]. The order of those handlers is not defined and they will be executed in random order. This might lead to race conditions and potential bugs.
2026-01-25 00:08:23,838 : EventManager : Unordered handler for class <Text Widget text=> on event machine_var_player1_score with priority 1. Handlers: [RegisteredHandler(callback=<bound method Text._machine_var_change of <Text Widget text=>>, priority=1, kwargs={}, key=UUID('1a688736-206d-4198-9c10-f0280465849d'), condition=None, blocking_facility=None), RegisteredHandler(callback=<bound method Text._machine_var_change of <Text Widget text=>>, priority=1, kwargs={}, key=UUID('cb00bfd8-c33a-4dcd-bea1-bfb8160151e6'), condition=None, blocking_facility=None)]. The order of those handlers is not defined and they will be executed in random order. This might lead to race conditions and potential bugs.
2026-01-25 00:08:23,840 : EventManager : Event: ======'slide_show_final_scores_active'====== Args={}
2026-01-25 00:08:27,946 : kivy : Base: Leaving application in progress...
2026-01-25 00:08:27,946 : mpfmc : Stopping...
2026-01-25 00:08:27,947 : EventManager : Event: ======'shutdown'====== Args={}
2026-01-25 00:08:27,947 : AudioInterface : Disabling audio playback
2026-01-25 00:08:28,043 : mpfmc : Loop rate 68.4 Hz
2026-01-25 00:08:28,044 : root : MC run loop ended.
2026-01-25 00:08:28,044 : root : Stopping child threads... (3 remaining)
2026-01-25 00:08:28,856 : MPF-MC BCP Server : Stopping BCP sending thread
2026-01-25 00:08:33,823 : mpfmc : Stopping...
2026-01-25 00:08:33,823 : EventManager : Event: ======'shutdown'====== Args={}
2026-01-25 00:08:33,823 : mpfmc : Loop rate 34.14 Hz
2026-01-25 00:08:33,894 : root : All child threads stopped.
