2026-01-25 00:08:21,119 : INFO : root : Loading config.
2026-01-25 00:08:21,168 : INFO : ConfigProcessor : Config spec file cache created: /var/folders/ly/l2bh8tp12rj0_krp5j_296rc0000gn/T/config_spec.mpf_cache
2026-01-25 00:08:21,169 : INFO : YamlMultifileConfigLoader : Machine config file #1: config.yaml
2026-01-25 00:08:21,169 : INFO : ConfigProcessor : Loading config from file /Users/researchsrevenge/.pyenv/versions/3.11.10/lib/python3.11/site-packages/mpf/mpfconfig.yaml.
2026-01-25 00:08:21,180 : INFO : ConfigProcessor : Loading config: /Users/researchsrevenge/.pyenv/versions/3.11.10/lib/python3.11/site-packages/mpf/mpfconfig.yaml
2026-01-25 00:08:21,180 : INFO : ConfigProcessor : Loading config from file /Users/researchsrevenge/Documents/GitHub/pinball-project-template/config/config.yaml.
2026-01-25 00:08:21,199 : INFO : ConfigProcessor : Loading config: /Users/researchsrevenge/Documents/GitHub/pinball-project-template/config/config.yaml
2026-01-25 00:08:21,200 : INFO : ConfigProcessor : Config file cache created: /var/folders/ly/l2bh8tp12rj0_krp5j_296rc0000gn/T/570e429e70890a6f088345ce79ac37b3.mpf_cache
2026-01-25 00:08:21,240 : INFO : ConfigProcessor : Loading config from file /Users/researchsrevenge/.pyenv/versions/3.11.10/lib/python3.11/site-packages/mpf/modes/attract/config/attract.yaml.
2026-01-25 00:08:21,241 : INFO : ConfigProcessor : Loading config: /Users/researchsrevenge/.pyenv/versions/3.11.10/lib/python3.11/site-packages/mpf/modes/attract/config/attract.yaml
2026-01-25 00:08:21,241 : INFO : ConfigProcessor : Loading config from file /Users/researchsrevenge/Documents/GitHub/pinball-project-template/modes/attract/config/attract.yaml.
2026-01-25 00:08:21,242 : INFO : ConfigProcessor : Loading config: /Users/researchsrevenge/Documents/GitHub/pinball-project-template/modes/attract/config/attract.yaml
2026-01-25 00:08:21,242 : INFO : ConfigProcessor : Config file cache created: /var/folders/ly/l2bh8tp12rj0_krp5j_296rc0000gn/T/25386f7e8085401ae7eb7010ca9743bb.mpf_cache
2026-01-25 00:08:21,243 : INFO : ConfigProcessor : Loading config from file /Users/researchsrevenge/.pyenv/versions/3.11.10/lib/python3.11/site-packages/mpf/modes/game/config/game.yaml.
2026-01-25 00:08:21,243 : INFO : ConfigProcessor : Loading config: /Users/researchsrevenge/.pyenv/versions/3.11.10/lib/python3.11/site-packages/mpf/modes/game/config/game.yaml
2026-01-25 00:08:21,244 : INFO : ConfigProcessor : Config file cache created: /var/folders/ly/l2bh8tp12rj0_krp5j_296rc0000gn/T/d8d4f21ef5b2a6e14fc21c89de4af9a8.mpf_cache
2026-01-25 00:08:21,244 : INFO : ConfigProcessor : Loading config from file /Users/researchsrevenge/Documents/GitHub/pinball-project-template/modes/base/config/base.yaml.
2026-01-25 00:08:21,245 : INFO : ConfigProcessor : Loading config: /Users/researchsrevenge/Documents/GitHub/pinball-project-template/modes/base/config/base.yaml
2026-01-25 00:08:21,245 : INFO : ConfigProcessor : Config file cache created: /var/folders/ly/l2bh8tp12rj0_krp5j_296rc0000gn/T/7bc1af97d7e7f3905240ce46c6b38044.mpf_cache
2026-01-25 00:08:21,246 : INFO : ConfigProcessor : Loading config from file /Users/researchsrevenge/.pyenv/versions/3.11.10/lib/python3.11/site-packages/mpf/modes/bonus/config/bonus.yaml.
2026-01-25 00:08:21,246 : INFO : ConfigProcessor : Loading config: /Users/researchsrevenge/.pyenv/versions/3.11.10/lib/python3.11/site-packages/mpf/modes/bonus/config/bonus.yaml
2026-01-25 00:08:21,246 : INFO : ConfigProcessor : Loading config from file /Users/researchsrevenge/Documents/GitHub/pinball-project-template/modes/bonus/config/bonus.yaml.
2026-01-25 00:08:21,250 : INFO : ConfigProcessor : Loading config: /Users/researchsrevenge/Documents/GitHub/pinball-project-template/modes/bonus/config/bonus.yaml
2026-01-25 00:08:21,250 : INFO : ConfigProcessor : Config file cache created: /var/folders/ly/l2bh8tp12rj0_krp5j_296rc0000gn/T/0145f08e4037de4600849b4e3005a880.mpf_cache
2026-01-25 00:08:21,250 : INFO : ConfigProcessor : Loading config from file /Users/researchsrevenge/.pyenv/versions/3.11.10/lib/python3.11/site-packages/mpf/modes/high_score/config/high_score.yaml.
2026-01-25 00:08:21,253 : INFO : ConfigProcessor : Loading config: /Users/researchsrevenge/.pyenv/versions/3.11.10/lib/python3.11/site-packages/mpf/modes/high_score/config/high_score.yaml
2026-01-25 00:08:21,253 : INFO : ConfigProcessor : Loading config from file /Users/researchsrevenge/Documents/GitHub/pinball-project-template/modes/high_score/config/high_score.yaml.
2026-01-25 00:08:21,257 : INFO : ConfigProcessor : Loading config: /Users/researchsrevenge/Documents/GitHub/pinball-project-template/modes/high_score/config/high_score.yaml
2026-01-25 00:08:21,258 : INFO : ConfigProcessor : Config file cache created: /var/folders/ly/l2bh8tp12rj0_krp5j_296rc0000gn/T/161ba4e20253ccfa35d6392c9d4e696d.mpf_cache
2026-01-25 00:08:21,258 : INFO : ConfigProcessor : Loading config from file /Users/researchsrevenge/Documents/GitHub/pinball-project-template/modes/attract/shows/./attract_loop_show.yaml.
2026-01-25 00:08:21,262 : INFO : ConfigProcessor : Loading config: /Users/researchsrevenge/Documents/GitHub/pinball-project-template/modes/attract/shows/./attract_loop_show.yaml
2026-01-25 00:08:21,262 : INFO : ConfigProcessor : Config file cache created: /var/folders/ly/l2bh8tp12rj0_krp5j_296rc0000gn/T/5c5a1ea1ede0c89fb47f18deac72ee70.mpf_cache
2026-01-25 00:08:21,263 : INFO : Machine : Mission Pinball Framework Core Engine v0.57.3
2026-01-25 00:08:21,263 : INFO : Machine : Command line arguments: {'no_load_cache': True, 'create_config_cache': True, 'bcp': True, 'configfile': ['config.yaml'], 'force_assets_load': False, 'platform_integration_test': False, 'jsonlogging': False, 'logfile': 'logs/2026-01-25-00-08-21-mpf-MacBook-Pro.local.log', 'pause': False, 'production': False, 'text_ui': False, 'loglevel': 15, 'consoleloglevel': 20, 'force_platform': 'smart_virtual', 'syslog_address': None, 'mc_file_name': None, 'no_sound': False}
2026-01-25 00:08:21,263 : INFO : Machine : MPF path: /Users/researchsrevenge/.pyenv/versions/3.11.10/lib/python3.11/site-packages/mpf
2026-01-25 00:08:21,263 : INFO : Machine : Machine path: /Users/researchsrevenge/Documents/GitHub/pinball-project-template
2026-01-25 00:08:21,263 : INFO : Machine : Platform: darwin
2026-01-25 00:08:21,263 : INFO : Machine : Python executable location: /Users/researchsrevenge/.pyenv/versions/3.11.10/bin/python3.11
2026-01-25 00:08:21,263 : INFO : Machine : Python version: 3.11.10 (64-bit)
2026-01-25 00:08:21,264 : INFO : Machine : Initializing MPF...
2026-01-25 00:08:21,289 : INFO : EventManager : Event: ======'machine_var_credits_string'====== Args={'value': 'FREE PLAY', 'prev_value': None, 'change': True}
2026-01-25 00:08:21,314 : INFO : EventManager : Event: ======'machine_var_master_volume'====== Args={'value': 0.8, 'prev_value': None, 'change': True}
2026-01-25 00:08:21,314 : INFO : EventManager : Event: ======'machine_var_mpf_version'====== Args={'value': 'Mission Pinball Framework v0.57.3', 'prev_value': None, 'change': True}
2026-01-25 00:08:21,314 : INFO : EventManager : Event: ======'machine_var_mpf_extended_version'====== Args={'value': 'Mission Pinball Framework v0.57.3, Config version:6, Show version: 6, BCP version:1.1', 'prev_value': None, 'change': True}
2026-01-25 00:08:21,314 : INFO : EventManager : Event: ======'machine_var_python_version'====== Args={'value': '3.11.10', 'prev_value': None, 'change': True}
2026-01-25 00:08:21,331 : INFO : EventManager : Event: ======'machine_var_platform'====== Args={'value': 'macOS-15.4.1-x86_64-i386-64bit', 'prev_value': None, 'change': True}
2026-01-25 00:08:21,331 : INFO : EventManager : Event: ======'machine_var_platform_system'====== Args={'value': 'Darwin', 'prev_value': None, 'change': True}
2026-01-25 00:08:21,331 : INFO : EventManager : Event: ======'machine_var_platform_release'====== Args={'value': '24.4.0', 'prev_value': None, 'change': True}
2026-01-25 00:08:21,331 : INFO : EventManager : Event: ======'machine_var_platform_version'====== Args={'value': 'Darwin Kernel Version 24.4.0: Fri Apr 11 18:28:23 PDT 2025; root:xnu-11417.101.15~117/RELEASE_X86_64', 'prev_value': None, 'change': True}
2026-01-25 00:08:21,331 : INFO : EventManager : Event: ======'machine_var_platform_machine'====== Args={'value': 'x86_64', 'prev_value': None, 'change': True}
2026-01-25 00:08:21,331 : INFO : EventManager : Event: ======'init_phase_1'====== Args={}
2026-01-25 00:08:21,347 : INFO : EventManager : Event: ======'init_phase_2'====== Args={}
2026-01-25 00:08:21,347 : INFO : SwitchController : Found active switch: ('A1-B1-6', <Platform.SmartVirtual>) <switch.s_trough1>
2026-01-25 00:08:21,347 : INFO : SwitchController : Found active switch: ('A0-B0-2', <Platform.SmartVirtual>) <switch.s_trough2>
2026-01-25 00:08:21,347 : INFO : SwitchController : Found active switch: ('A0-B0-0', <Platform.SmartVirtual>) <switch.s_trough3>
2026-01-25 00:08:21,350 : INFO : EventManager : Event: ======'machine_var_score1_label'====== Args={'value': 'GRAND CHAMPION', 'prev_value': None, 'change': True}
2026-01-25 00:08:21,350 : INFO : EventManager : Event: ======'machine_var_score1_name'====== Args={'value': 'ROGERSHARP', 'prev_value': None, 'change': True}
2026-01-25 00:08:21,350 : INFO : EventManager : Event: ======'machine_var_score1_value'====== Args={'value': 1000000, 'prev_value': None, 'change': True}
2026-01-25 00:08:21,350 : INFO : EventManager : Event: ======'machine_var_score2_label'====== Args={'value': 'HIGH SCORE 1', 'prev_value': None, 'change': True}
2026-01-25 00:08:21,350 : INFO : EventManager : Event: ======'machine_var_score2_name'====== Args={'value': 'GEORGEG', 'prev_value': None, 'change': True}
2026-01-25 00:08:21,350 : INFO : EventManager : Event: ======'machine_var_score2_value'====== Args={'value': 800000, 'prev_value': None, 'change': True}
2026-01-25 00:08:21,350 : INFO : EventManager : Event: ======'machine_var_score3_label'====== Args={'value': 'HIGH SCORE 2', 'prev_value': None, 'change': True}
2026-01-25 00:08:21,350 : INFO : EventManager : Event: ======'machine_var_score3_name'====== Args={'value': 'KEITHELWIN', 'prev_value': None, 'change': True}
2026-01-25 00:08:21,350 : INFO : EventManager : Event: ======'machine_var_score3_value'====== Args={'value': 600000, 'prev_value': None, 'change': True}
2026-01-25 00:08:21,350 : INFO : EventManager : Event: ======'machine_var_score4_label'====== Args={'value': 'HIGH SCORE 3', 'prev_value': None, 'change': True}
2026-01-25 00:08:21,350 : INFO : EventManager : Event: ======'machine_var_score4_name'====== Args={'value': 'JACKDANGER', 'prev_value': None, 'change': True}
2026-01-25 00:08:21,350 : INFO : EventManager : Event: ======'machine_var_score4_value'====== Args={'value': 500000, 'prev_value': None, 'change': True}
2026-01-25 00:08:21,350 : INFO : EventManager : Event: ======'machine_var_score5_label'====== Args={'value': 'HIGH SCORE 4', 'prev_value': None, 'change': True}
2026-01-25 00:08:21,351 : INFO : EventManager : Event: ======'machine_var_score5_name'====== Args={'value': 'HWILLIAMS', 'prev_value': None, 'change': True}
2026-01-25 00:08:21,351 : INFO : EventManager : Event: ======'machine_var_score5_value'====== Args={'value': 400000, 'prev_value': None, 'change': True}
2026-01-25 00:08:21,351 : INFO : EventManager : Event: ======'machine_var_score6_label'====== Args={'value': 'HIGH SCORE 5', 'prev_value': None, 'change': True}
2026-01-25 00:08:21,351 : INFO : EventManager : Event: ======'machine_var_score6_name'====== Args={'value': 'SAMSTERN', 'prev_value': None, 'change': True}
2026-01-25 00:08:21,351 : INFO : EventManager : Event: ======'machine_var_score6_value'====== Args={'value': 300000, 'prev_value': None, 'change': True}
2026-01-25 00:08:21,351 : INFO : EventManager : Event: ======'machine_var_score7_label'====== Args={'value': 'HIGH SCORE 6', 'prev_value': None, 'change': True}
2026-01-25 00:08:21,351 : INFO : EventManager : Event: ======'machine_var_score7_name'====== Args={'value': 'SDANESI', 'prev_value': None, 'change': True}
2026-01-25 00:08:21,351 : INFO : EventManager : Event: ======'machine_var_score7_value'====== Args={'value': 200000, 'prev_value': None, 'change': True}
2026-01-25 00:08:21,351 : INFO : EventManager : Event: ======'machine_var_score8_label'====== Args={'value': 'HIGH SCORE 7', 'prev_value': None, 'change': True}
2026-01-25 00:08:21,351 : INFO : EventManager : Event: ======'machine_var_score8_name'====== Args={'value': 'SRITCHIE', 'prev_value': None, 'change': True}
2026-01-25 00:08:21,351 : INFO : EventManager : Event: ======'machine_var_score8_value'====== Args={'value': 100000, 'prev_value': None, 'change': True}
2026-01-25 00:08:21,351 : INFO : EventManager : Event: ======'machine_var_score9_label'====== Args={'value': 'HIGH SCORE 8', 'prev_value': None, 'change': True}
2026-01-25 00:08:21,351 : INFO : EventManager : Event: ======'machine_var_score9_name'====== Args={'value': '5PENNY', 'prev_value': None, 'change': True}
2026-01-25 00:08:21,351 : INFO : EventManager : Event: ======'machine_var_score9_value'====== Args={'value': 50000, 'prev_value': None, 'change': True}
2026-01-25 00:08:21,352 : INFO : EventManager : Event: ======'bcp_connection_attempt'====== Args={'name': 'local_display', 'host': 'localhost', 'port': 5050}
2026-01-25 00:08:21,353 : INFO : BCPClientSocket : Connecting BCP to 'local_display' at localhost:5050...
2026-01-25 00:08:22,782 : INFO : BCPClientSocket : Connected BCP to 'local_display' localhost:5050
2026-01-25 00:08:22,783 : INFO : EventManager : Event: ======'bcp_clients_connected'====== Args={}
2026-01-25 00:08:22,783 : INFO : ball_device.bd_trough : BCH: Initial count: 3
2026-01-25 00:08:22,784 : INFO : ball_device.bd_trough : State: idle
2026-01-25 00:08:22,784 : INFO : ball_device.bd_plunger : BCH: Initial count: 0
2026-01-25 00:08:22,784 : INFO : ball_device.bd_plunger : State: idle
2026-01-25 00:08:22,790 : INFO : EventManager : Event: ======'init_phase_3'====== Args={}
2026-01-25 00:08:22,798 : INFO : EventManager : Event: ======'machine_var_mc_version'====== Args={'value': 'MPF-MC v0.57.0', 'prev_value': None, 'change': True}
2026-01-25 00:08:22,798 : INFO : EventManager : Event: ======'machine_var_mc_extended_version'====== Args={'value': 'MPF-MC v0.57.0 (config_version=6, BCP v1.1,                      Requires MPF API compatibility v0.57.0 or newer)', 'prev_value': None, 'change': True}
2026-01-25 00:08:22,802 : INFO : EventManager : Event: ======'init_phase_4'====== Args={}
2026-01-25 00:08:22,802 : INFO : BallController : Initial balls found: 3
2026-01-25 00:08:22,803 : INFO : EventManager : Event: ======'machine_var_audits_switches_s_shooter_lane'====== Args={'value': 0, 'prev_value': None, 'change': True}
2026-01-25 00:08:22,803 : INFO : EventManager : Event: ======'machine_var_audits_switches_s_right_inlane'====== Args={'value': 0, 'prev_value': None, 'change': True}
2026-01-25 00:08:22,803 : INFO : EventManager : Event: ======'machine_var_audits_switches_s_trough2'====== Args={'value': 0, 'prev_value': None, 'change': True}
2026-01-25 00:08:22,803 : INFO : EventManager : Event: ======'machine_var_audits_switches_s_right_sling'====== Args={'value': 0, 'prev_value': None, 'change': True}
2026-01-25 00:08:22,803 : INFO : EventManager : Event: ======'machine_var_audits_switches_s_trough_jam'====== Args={'value': 0, 'prev_value': None, 'change': True}
2026-01-25 00:08:22,804 : INFO : EventManager : Event: ======'machine_var_audits_switches_s_r_outlane'====== Args={'value': 0, 'prev_value': None, 'change': True}
2026-01-25 00:08:22,804 : INFO : EventManager : Event: ======'machine_var_audits_switches_s_left_sling'====== Args={'value': 0, 'prev_value': None, 'change': True}
2026-01-25 00:08:22,804 : INFO : EventManager : Event: ======'machine_var_audits_switches_s_left_outlane'====== Args={'value': 0, 'prev_value': None, 'change': True}
2026-01-25 00:08:22,804 : INFO : EventManager : Event: ======'machine_var_audits_switches_s_left_flipper'====== Args={'value': 0, 'prev_value': None, 'change': True}
2026-01-25 00:08:22,804 : INFO : EventManager : Event: ======'machine_var_audits_switches_s_left_inlane'====== Args={'value': 0, 'prev_value': None, 'change': True}
2026-01-25 00:08:22,804 : INFO : EventManager : Event: ======'machine_var_audits_switches_s_right_flipper'====== Args={'value': 0, 'prev_value': None, 'change': True}
2026-01-25 00:08:22,805 : INFO : EventManager : Event: ======'machine_var_audits_switches_s_trough1'====== Args={'value': 0, 'prev_value': None, 'change': True}
2026-01-25 00:08:22,805 : INFO : EventManager : Event: ======'machine_var_audits_switches_s_pop_bumper'====== Args={'value': 0, 'prev_value': None, 'change': True}
2026-01-25 00:08:22,805 : INFO : EventManager : Event: ======'machine_var_audits_switches_s_start'====== Args={'value': 0, 'prev_value': None, 'change': True}
2026-01-25 00:08:22,805 : INFO : EventManager : Event: ======'machine_var_audits_switches_s_trough3'====== Args={'value': 0, 'prev_value': None, 'change': True}
2026-01-25 00:08:22,805 : INFO : EventManager : Event: ======'machine_var_audits_events_game_started'====== Args={'value': 0, 'prev_value': None, 'change': True}
2026-01-25 00:08:22,806 : INFO : EventManager : Event: ======'machine_var_audits_events_game_ended'====== Args={'value': 0, 'prev_value': None, 'change': True}
2026-01-25 00:08:22,806 : INFO : EventManager : Event: ======'machine_var_audits_player_score'====== Args={'value': {'top': [], 'average': 0, 'total': 0}, 'prev_value': None, 'change': True}
2026-01-25 00:08:22,806 : INFO : EventManager : Event: ======'init_phase_5'====== Args={}
2026-01-25 00:08:22,807 : INFO : EventManager : Event: ======'init_done'====== Args={}
2026-01-25 00:08:22,807 : INFO : EventManager : Event: ======'machine_reset_phase_1'====== Args={}
2026-01-25 00:08:22,815 : INFO : EventManager : Event: ======'slide_welcome_slide_removed'====== Args={'_from_bcp': True}
2026-01-25 00:08:22,817 : INFO : EventManager : Event: ======'slide_welcome_slide_created'====== Args={'_from_bcp': True}
2026-01-25 00:08:22,818 : INFO : EventManager : Event: ======'machine_reset_phase_2'====== Args={}
2026-01-25 00:08:22,819 : INFO : EventManager : Event: ======'machine_reset_phase_3'====== Args={}
2026-01-25 00:08:22,819 : INFO : EventManager : Event: ======'reset_complete'====== Args={}
2026-01-25 00:08:22,819 : INFO : EventManager : Event: ======'mode_attract_will_start'====== Args={}
2026-01-25 00:08:22,820 : INFO : EventManager : Event: ======'mode_attract_starting'====== Args={}
2026-01-25 00:08:22,820 : INFO : Mode.attract : Started. Priority: 10
2026-01-25 00:08:22,820 : INFO : EventManager : Event: ======'modes_active_modes_changed'====== Args={}
2026-01-25 00:08:22,820 : INFO : EventManager : Event: ======'mode_attract_started'====== Args={}
2026-01-25 00:08:22,820 : INFO : EventManager : Event: ======'collecting_balls_complete'====== Args={}
2026-01-25 00:08:22,821 : INFO : EventManager : Event: ======'slide_welcome_slide_active'====== Args={'_from_bcp': True}
2026-01-25 00:08:22,821 : INFO : Machine : Starting the main run loop with active modes: [<Mode.attract>]
2026-01-25 00:08:22,840 : INFO : EventManager : Event: ======'slide_attract_started_created'====== Args={'_from_bcp': True}
2026-01-25 00:08:22,840 : INFO : EventManager : Event: ======'slide_attract_started_active'====== Args={'_from_bcp': True}
2026-01-25 00:08:23,487 : INFO : BcpServer : New client connected.
2026-01-25 00:08:23,837 : INFO : EventManager : Event: ======'slide_show_final_scores_created'====== Args={'_from_bcp': True}
2026-01-25 00:08:23,840 : INFO : EventManager : Event: ======'slide_show_final_scores_active'====== Args={'_from_bcp': True}
2026-01-25 00:08:33,823 : INFO : Machine : Shutting down...
2026-01-25 00:08:33,824 : INFO : EventManager : Event: ======'shutdown'====== Args={}
2026-01-25 00:08:33,826 : INFO : root : MPF run loop ended.
